2017-01-06 14:46:24,409 [41] ERROR WebForLink.Web.Filters.BreadCrumbAttribute - Controller: Convite, Action: PaginaInicial, UsuarioId: 0
2017-01-06 14:47:26,716 [8] ERROR WebForLink.Web.MvcApplication - Referência de objeto não definida para uma instância de um objeto.
2017-01-06 15:08:00,893 [81] ERROR WebForLink.Web.Filters.BreadCrumbAttribute - Controller: Convite, Action: GetGameListing, UsuarioId: 0
2017-01-06 15:08:01,655 [81] ERROR WebForLink.Web.Controllers.ConviteController - System.Exception: Attaching an entity of type 'WebForLink.Domain.Entities.Solicitacao' failed because another entity of the same type already has the same primary key value. This can happen when using the 'Attach' method or setting the state of an entity to 'Unchanged' or 'Modified' if any entities in the graph have conflicting key values. This may be because some entities are new and have not yet received database-generated key values. In this case use the 'Add' method or the 'Added' entity state to track the graph and then set the state of non-new entities to 'Unchanged' or 'Modified' as appropriate.
   em WebForLink.Application.Services.SolicitacaoAppService.Update(Solicitacao solicitacao) na C:\RepositorioTFS\WEBFORLINKv2\Code\WebForLink\WebForLink.Service\Services\SolicitacaoDocumentoService.cs:linha 103
   em WebForLink.Web.Controllers.ConviteController.GetGameListing(String chave) na C:\RepositorioTFS\WEBFORLINKv2\Code\WebForLink\WebForLink.Web\Controllers\ConviteController.cs:linha 133
2017-01-06 15:08:01,658 [81] ERROR WebForLink.Web.MvcApplication - Erro na aplicação Erro inesperado 
 Identificador: 12cf1d13c08c4b649d202aceda9cb68f
System.InvalidOperationException: The partial view 'GetGameListing' was not found or no view engine supports the searched locations. The following locations were searched:
~/Views/Convite/GetGameListing.cshtml
~/Views/Convite/GetGameListing.vbhtml
~/Views/Shared/GetGameListing.cshtml
~/Views/Shared/GetGameListing.vbhtml
   em System.Web.Mvc.PartialViewResult.FindView(ControllerContext context)
   em System.Web.Mvc.ViewResultBase.ExecuteResult(ControllerContext context)
   em System.Web.Mvc.ControllerActionInvoker.InvokeActionResult(ControllerContext controllerContext, ActionResult actionResult)
   em System.Web.Mvc.ControllerActionInvoker.InvokeActionResultFilterRecursive(IList`1 filters, Int32 filterIndex, ResultExecutingContext preContext, ControllerContext controllerContext, ActionResult actionResult)
   em System.Web.Mvc.ControllerActionInvoker.InvokeActionResultFilterRecursive(IList`1 filters, Int32 filterIndex, ResultExecutingContext preContext, ControllerContext controllerContext, ActionResult actionResult)
   em System.Web.Mvc.ControllerActionInvoker.InvokeActionResultFilterRecursive(IList`1 filters, Int32 filterIndex, ResultExecutingContext preContext, ControllerContext controllerContext, ActionResult actionResult)
   em System.Web.Mvc.ControllerActionInvoker.InvokeActionResultWithFilters(ControllerContext controllerContext, IList`1 filters, ActionResult actionResult)
   em System.Web.Mvc.Async.AsyncControllerActionInvoker.<>c__DisplayClass21.<>c__DisplayClass2b.<BeginInvokeAction>b__1c()
   em System.Web.Mvc.Async.AsyncControllerActionInvoker.<>c__DisplayClass21.<BeginInvokeAction>b__1e(IAsyncResult asyncResult)
   em System.Web.Mvc.Async.AsyncResultWrapper.WrappedAsyncResult`1.CallEndDelegate(IAsyncResult asyncResult)
   em System.Web.Mvc.Async.AsyncResultWrapper.WrappedAsyncResultBase`1.End()
   em System.Web.Mvc.Async.AsyncResultWrapper.End[TResult](IAsyncResult asyncResult, Object tag)
   em System.Web.Mvc.Async.AsyncControllerActionInvoker.EndInvokeAction(IAsyncResult asyncResult)
   em System.Web.Mvc.Controller.<BeginExecuteCore>b__1d(IAsyncResult asyncResult, ExecuteCoreState innerState)
   em System.Web.Mvc.Async.AsyncResultWrapper.WrappedAsyncVoid`1.CallEndDelegate(IAsyncResult asyncResult)
   em System.Web.Mvc.Async.AsyncResultWrapper.WrappedAsyncResultBase`1.End()
   em System.Web.Mvc.Async.AsyncResultWrapper.End[TResult](IAsyncResult asyncResult, Object tag)
   em System.Web.Mvc.Async.AsyncResultWrapper.End(IAsyncResult asyncResult, Object tag)
   em System.Web.Mvc.Controller.EndExecuteCore(IAsyncResult asyncResult)
   em System.Web.Mvc.Controller.<BeginExecute>b__15(IAsyncResult asyncResult, Controller controller)
   em System.Web.Mvc.Async.AsyncResultWrapper.WrappedAsyncVoid`1.CallEndDelegate(IAsyncResult asyncResult)
   em System.Web.Mvc.Async.AsyncResultWrapper.WrappedAsyncResultBase`1.End()
   em System.Web.Mvc.Async.AsyncResultWrapper.End[TResult](IAsyncResult asyncResult, Object tag)
   em System.Web.Mvc.Async.AsyncResultWrapper.End(IAsyncResult asyncResult, Object tag)
   em System.Web.Mvc.Controller.EndExecute(IAsyncResult asyncResult)
   em System.Web.Mvc.Controller.System.Web.Mvc.Async.IAsyncController.EndExecute(IAsyncResult asyncResult)
   em System.Web.Mvc.MvcHandler.<BeginProcessRequest>b__5(IAsyncResult asyncResult, ProcessRequestState innerState)
   em System.Web.Mvc.Async.AsyncResultWrapper.WrappedAsyncVoid`1.CallEndDelegate(IAsyncResult asyncResult)
   em System.Web.Mvc.Async.AsyncResultWrapper.WrappedAsyncResultBase`1.End()
   em System.Web.Mvc.Async.AsyncResultWrapper.End[TResult](IAsyncResult asyncResult, Object tag)
   em System.Web.Mvc.Async.AsyncResultWrapper.End(IAsyncResult asyncResult, Object tag)
   em System.Web.Mvc.MvcHandler.EndProcessRequest(IAsyncResult asyncResult)
   em System.Web.Mvc.MvcHandler.System.Web.IHttpAsyncHandler.EndProcessRequest(IAsyncResult result)
   em System.Web.HttpApplication.CallHandlerExecutionStep.System.Web.HttpApplication.IExecutionStep.Execute()
   em System.Web.HttpApplication.ExecuteStep(IExecutionStep step, Boolean& completedSynchronously)
2017-01-06 15:08:01,664 [81] ERROR WebForLink.Web.Filters.BreadCrumbAttribute - Controller: Convite, Action: PaginaInicial, UsuarioId: 0
2017-01-06 15:08:01,689 [81] ERROR WebForLink.Web.Controllers.ConviteController - WebForLink.Domain.Infrastructure.CriptografiaException: Erro ao Descriptografar ---> System.FormatException: Comprimento inválido para uma matriz ou uma cadeia de caracteres de Base 64.
   em System.Convert.FromBase64_Decode(Char* startInputPtr, Int32 inputLength, Byte* startDestPtr, Int32 destLength)
   em System.Convert.FromBase64CharPtr(Char* inputPtr, Int32 inputLength)
   em System.Convert.FromBase64String(String s)
   em WebForLink.Domain.Infrastructure.Criptografia.Descriptografar() na C:\RepositorioTFS\WEBFORLINKv2\Code\WebForLink\WebForLink.Domain\Services\ChMasterData\Criptografia.cs:linha 79
   --- Fim do rastreamento de pilha de exceções internas ---
   em WebForLink.Domain.Infrastructure.Criptografia.Descriptografar() na C:\RepositorioTFS\WEBFORLINKv2\Code\WebForLink\WebForLink.Domain\Services\ChMasterData\Criptografia.cs:linha 89
   em WebForLink.Domain.Infrastructure.Criptografia.ReadUrl(String pUrl, String key) na C:\RepositorioTFS\WEBFORLINKv2\Code\WebForLink\WebForLink.Domain\Services\ChMasterData\Criptografia.cs:linha 150
   em WebForLink.Domain.Infrastructure.Criptografia..ctor(EnumCripto tipo, String palavra, String chave) na C:\RepositorioTFS\WEBFORLINKv2\Code\WebForLink\WebForLink.Domain\Services\ChMasterData\Criptografia.cs:linha 53
   em WebForLink.Application.Services.SolicitacaoAppService.DescriptografarLinkConvite(String chaveUrl) na C:\RepositorioTFS\WEBFORLINKv2\Code\WebForLink\WebForLink.Service\Services\SolicitacaoDocumentoService.cs:linha 37
   em WebForLink.Web.Controllers.ConviteController.PaginaInicial(String chave, SolicitacaoConviteVM model) na C:\RepositorioTFS\WEBFORLINKv2\Code\WebForLink\WebForLink.Web\Controllers\ConviteController.cs:linha 57
2017-01-06 15:08:01,699 [81] ERROR WebForLink.Web.Filters.BreadCrumbAttribute - Controller: Convite, Action: Index, UsuarioId: 0
2017-01-06 15:08:18,317 [76] ERROR WebForLink.Web.Filters.BreadCrumbAttribute - Controller: Convite, Action: PaginaInicial, UsuarioId: 0
2017-01-06 15:08:22,141 [76] ERROR WebForLink.Web.Filters.BreadCrumbAttribute - Controller: Convite, Action: GetGameListing, UsuarioId: 0
2017-01-06 15:13:13,024 [91] ERROR WebForLink.Web.Filters.BreadCrumbAttribute - Controller: Convite, Action: AdicionarDadosEnderecos, UsuarioId: 0
2017-01-06 15:19:48,384 [104] ERROR WebForLink.Web.Filters.BreadCrumbAttribute - Controller: Convite, Action: AdicionarDadosContatos, UsuarioId: 0
2017-01-06 15:27:33,105 [108] ERROR WebForLink.Web.Filters.BreadCrumbAttribute - Controller: Convite, Action: AdicionarDadosBancarios, UsuarioId: 0
2017-01-06 15:27:51,272 [113] ERROR WebForLink.Web.Filters.BreadCrumbAttribute - Controller: Convite, Action: _ConviteForm, UsuarioId: 0
2017-01-06 15:28:07,925 [113] ERROR WebForLink.Web.MvcApplication - Referência de objeto não definida para uma instância de um objeto.
2017-01-06 15:28:35,325 [115] ERROR WebForLink.Web.Filters.BreadCrumbAttribute - Controller: Convite, Action: _ConviteForm, UsuarioId: 0
2017-01-06 15:28:38,471 [116] ERROR WebForLink.Web.Filters.BreadCrumbAttribute - Controller: Convite, Action: GetDocumentosAnexados, UsuarioId: 0
2017-01-06 15:31:08,848 [117] ERROR WebForLink.Web.Filters.BreadCrumbAttribute - Controller: UploadArquivo, Action: upload, UsuarioId: 0
2017-01-06 15:31:10,940 [117] ERROR WebForLink.Web.Filters.BreadCrumbAttribute - Controller: UploadArquivo, Action: upload, UsuarioId: 0
2017-01-06 15:31:13,174 [110] ERROR WebForLink.Web.Filters.BreadCrumbAttribute - Controller: UploadArquivo, Action: DeleteFile, UsuarioId: 0
2017-01-06 15:31:14,163 [115] ERROR WebForLink.Web.Filters.BreadCrumbAttribute - Controller: UploadArquivo, Action: DeleteFile, UsuarioId: 0
2017-01-06 15:39:12,107 [87] ERROR WebForLink.Web.MvcApplication - Referência de objeto não definida para uma instância de um objeto.
