2017-01-30 16:38:22,265 [1] ERROR WebForLink.Web.MvcApplication - Aplicação Iniciada
2017-01-30 16:38:26,162 [1] ERROR WebForLink.Web.Mappers.MappingProfile - Mapper not initialized. Call Initialize with appropriate configuration. If you are trying to use mapper instances through a container or otherwise, make sure you do not have any calls to the static Mapper.Map methods, and if you're using ProjectTo or UseAsDataSource extension methods, make sure you pass in the appropriate IConfigurationProvider instance.
2017-01-30 16:38:29,590 [5] ERROR WebForLink.Web.Filters.BreadCrumbAttribute - Controller: Convite, Action: Index, UsuarioId: 0
2017-01-30 16:38:35,678 [7] ERROR WebForLink.Web.Filters.BreadCrumbAttribute - Controller: Home, Action: index, UsuarioId: 0
2017-01-30 16:38:47,336 [5] ERROR WebForLink.Web.Filters.BreadCrumbAttribute - Controller: Home, Action: acesso, UsuarioId: 0
2017-01-30 16:38:51,247 [9] ERROR WebForLink.Web.Filters.BreadCrumbAttribute - Controller: HomeAdmin, Action: Index, UsuarioId: 351
2017-01-30 16:39:12,903 [11] ERROR WebForLink.Web.Filters.BreadCrumbAttribute - Controller: Destinatario, Action: destinatariolst, UsuarioId: 351
2017-01-30 16:39:12,904 [11] ERROR WebForLink.Web.Infrastructure.WebForLinkFilter - filterContext
System.Exception: OnActionExecuting(ActionExecutingContext filterContext)
2017-01-30 16:39:13,118 [11] ERROR WebForLink.Web.Infrastructure.WebForLinkFilter - filterContext
System.Exception: OnActionExecuted(ActionExecutedContext filterContext)
2017-01-30 16:39:13,118 [11] ERROR WebForLink.Web.Infrastructure.WebForLinkFilter - filterContext
System.Exception: OnResultExecuting(ResultExecutingContext filterContext)
2017-01-30 16:39:17,458 [11] ERROR WebForLink.Web.Infrastructure.WebForLinkFilter - filterContext
System.Exception: OnResultExecuted(ResultExecutedContext filterContext)
2017-01-30 16:41:49,845 [14] ERROR WebForLink.Web.Filters.BreadCrumbAttribute - Controller: Destinatario, Action: incluir, UsuarioId: 351
2017-01-30 16:41:49,846 [14] ERROR WebForLink.Web.Infrastructure.WebForLinkFilter - filterContext
System.Exception: OnActionExecuting(ActionExecutingContext filterContext)
2017-01-30 16:41:49,849 [14] ERROR WebForLink.Web.Infrastructure.WebForLinkFilter - filterContext
System.Exception: OnActionExecuted(ActionExecutedContext filterContext)
2017-01-30 16:41:49,850 [14] ERROR WebForLink.Web.Infrastructure.WebForLinkFilter - filterContext
System.Exception: OnResultExecuting(ResultExecutingContext filterContext)
2017-01-30 16:41:53,756 [14] ERROR WebForLink.Web.Infrastructure.WebForLinkFilter - filterContext
System.Exception: OnResultExecuted(ResultExecutedContext filterContext)
2017-01-30 16:42:07,058 [15] ERROR WebForLink.Web.Filters.BreadCrumbAttribute - Controller: Destinatario, Action: destinatariolst, UsuarioId: 351
2017-01-30 16:42:07,060 [15] ERROR WebForLink.Web.Infrastructure.WebForLinkFilter - filterContext
System.Exception: OnActionExecuting(ActionExecutingContext filterContext)
2017-01-30 16:42:07,151 [15] ERROR WebForLink.Web.Infrastructure.WebForLinkFilter - filterContext
System.Exception: OnActionExecuted(ActionExecutedContext filterContext)
2017-01-30 16:42:07,151 [15] ERROR WebForLink.Web.Infrastructure.WebForLinkFilter - filterContext
System.Exception: OnResultExecuting(ResultExecutingContext filterContext)
2017-01-30 16:42:07,158 [15] ERROR WebForLink.Web.Infrastructure.WebForLinkFilter - filterContext
System.Exception: OnResultExecuted(ResultExecutedContext filterContext)
2017-01-30 16:42:34,462 [18] ERROR WebForLink.Web.Filters.BreadCrumbAttribute - Controller: Destinatario, Action: incluir, UsuarioId: 351
2017-01-30 16:42:34,463 [18] ERROR WebForLink.Web.Infrastructure.WebForLinkFilter - filterContext
System.Exception: OnActionExecuting(ActionExecutingContext filterContext)
2017-01-30 16:42:34,463 [18] ERROR WebForLink.Web.Infrastructure.WebForLinkFilter - filterContext
System.Exception: OnActionExecuted(ActionExecutedContext filterContext)
2017-01-30 16:42:34,463 [18] ERROR WebForLink.Web.Infrastructure.WebForLinkFilter - filterContext
System.Exception: OnResultExecuting(ResultExecutingContext filterContext)
2017-01-30 16:42:34,468 [18] ERROR WebForLink.Web.Infrastructure.WebForLinkFilter - filterContext
System.Exception: OnResultExecuted(ResultExecutedContext filterContext)
2017-01-30 16:42:38,718 [16] ERROR WebForLink.Web.Filters.BreadCrumbAttribute - Controller: Destinatario, Action: destinatariolst, UsuarioId: 351
2017-01-30 16:42:38,718 [16] ERROR WebForLink.Web.Infrastructure.WebForLinkFilter - filterContext
System.Exception: OnActionExecuting(ActionExecutingContext filterContext)
2017-01-30 16:42:38,842 [16] ERROR WebForLink.Web.Infrastructure.WebForLinkFilter - filterContext
System.Exception: OnActionExecuted(ActionExecutedContext filterContext)
2017-01-30 16:42:38,843 [16] ERROR WebForLink.Web.Infrastructure.WebForLinkFilter - filterContext
System.Exception: OnResultExecuting(ResultExecutingContext filterContext)
2017-01-30 16:42:38,851 [16] ERROR WebForLink.Web.Infrastructure.WebForLinkFilter - filterContext
System.Exception: OnResultExecuted(ResultExecutedContext filterContext)
2017-01-30 16:42:40,363 [15] ERROR WebForLink.Web.Filters.BreadCrumbAttribute - Controller: Destinatario, Action: incluir, UsuarioId: 351
2017-01-30 16:42:40,363 [15] ERROR WebForLink.Web.Infrastructure.WebForLinkFilter - filterContext
System.Exception: OnActionExecuting(ActionExecutingContext filterContext)
2017-01-30 16:42:40,364 [15] ERROR WebForLink.Web.Infrastructure.WebForLinkFilter - filterContext
System.Exception: OnActionExecuted(ActionExecutedContext filterContext)
2017-01-30 16:42:40,365 [15] ERROR WebForLink.Web.Infrastructure.WebForLinkFilter - filterContext
System.Exception: OnResultExecuting(ResultExecutingContext filterContext)
2017-01-30 16:42:40,370 [15] ERROR WebForLink.Web.Infrastructure.WebForLinkFilter - filterContext
System.Exception: OnResultExecuted(ResultExecutedContext filterContext)
2017-01-30 16:43:02,664 [24] ERROR WebForLink.Web.Filters.BreadCrumbAttribute - Controller: Destinatario, Action: destinatariolst, UsuarioId: 351
2017-01-30 16:43:02,665 [24] ERROR WebForLink.Web.Infrastructure.WebForLinkFilter - filterContext
System.Exception: OnActionExecuting(ActionExecutingContext filterContext)
2017-01-30 16:43:02,746 [24] ERROR WebForLink.Web.Infrastructure.WebForLinkFilter - filterContext
System.Exception: OnActionExecuted(ActionExecutedContext filterContext)
2017-01-30 16:43:02,746 [24] ERROR WebForLink.Web.Infrastructure.WebForLinkFilter - filterContext
System.Exception: OnResultExecuting(ResultExecutingContext filterContext)
2017-01-30 16:43:02,751 [24] ERROR WebForLink.Web.Infrastructure.WebForLinkFilter - filterContext
System.Exception: OnResultExecuted(ResultExecutedContext filterContext)
2017-01-30 16:43:08,049 [25] ERROR WebForLink.Web.Filters.BreadCrumbAttribute - Controller: Destinatario, Action: destinatariolst, UsuarioId: 351
2017-01-30 16:43:08,049 [25] ERROR WebForLink.Web.Infrastructure.WebForLinkFilter - filterContext
System.Exception: OnActionExecuting(ActionExecutingContext filterContext)
2017-01-30 16:43:08,135 [25] ERROR WebForLink.Web.Infrastructure.WebForLinkFilter - filterContext
System.Exception: OnActionExecuted(ActionExecutedContext filterContext)
2017-01-30 16:43:08,136 [25] ERROR WebForLink.Web.Infrastructure.WebForLinkFilter - filterContext
System.Exception: OnResultExecuting(ResultExecutingContext filterContext)
2017-01-30 16:43:08,180 [25] ERROR WebForLink.Web.Infrastructure.WebForLinkFilter - filterContext
System.Exception: OnResultExecuted(ResultExecutedContext filterContext)
2017-01-30 16:43:10,936 [25] ERROR WebForLink.Web.Filters.BreadCrumbAttribute - Controller: Destinatario, Action: destinatariolst, UsuarioId: 351
2017-01-30 16:43:10,936 [25] ERROR WebForLink.Web.Infrastructure.WebForLinkFilter - filterContext
System.Exception: OnActionExecuting(ActionExecutingContext filterContext)
2017-01-30 16:43:11,009 [25] ERROR WebForLink.Web.Infrastructure.WebForLinkFilter - filterContext
System.Exception: OnActionExecuted(ActionExecutedContext filterContext)
2017-01-30 16:43:11,009 [25] ERROR WebForLink.Web.Infrastructure.WebForLinkFilter - filterContext
System.Exception: OnResultExecuting(ResultExecutingContext filterContext)
2017-01-30 16:43:11,014 [25] ERROR WebForLink.Web.Infrastructure.WebForLinkFilter - filterContext
System.Exception: OnResultExecuted(ResultExecutedContext filterContext)
2017-01-30 16:43:11,709 [23] ERROR WebForLink.Web.Filters.BreadCrumbAttribute - Controller: Destinatario, Action: destinatariolst, UsuarioId: 351
2017-01-30 16:43:11,710 [23] ERROR WebForLink.Web.Infrastructure.WebForLinkFilter - filterContext
System.Exception: OnActionExecuting(ActionExecutingContext filterContext)
2017-01-30 16:43:11,794 [23] ERROR WebForLink.Web.Infrastructure.WebForLinkFilter - filterContext
System.Exception: OnActionExecuted(ActionExecutedContext filterContext)
2017-01-30 16:43:11,795 [23] ERROR WebForLink.Web.Infrastructure.WebForLinkFilter - filterContext
System.Exception: OnResultExecuting(ResultExecutingContext filterContext)
2017-01-30 16:43:11,803 [23] ERROR WebForLink.Web.Infrastructure.WebForLinkFilter - filterContext
System.Exception: OnResultExecuted(ResultExecutedContext filterContext)
2017-01-30 16:43:13,129 [18] ERROR WebForLink.Web.Filters.BreadCrumbAttribute - Controller: Destinatario, Action: destinatariolst, UsuarioId: 351
2017-01-30 16:43:13,130 [18] ERROR WebForLink.Web.Infrastructure.WebForLinkFilter - filterContext
System.Exception: OnActionExecuting(ActionExecutingContext filterContext)
2017-01-30 16:43:13,206 [18] ERROR WebForLink.Web.Infrastructure.WebForLinkFilter - filterContext
System.Exception: OnActionExecuted(ActionExecutedContext filterContext)
2017-01-30 16:43:13,206 [18] ERROR WebForLink.Web.Infrastructure.WebForLinkFilter - filterContext
System.Exception: OnResultExecuting(ResultExecutingContext filterContext)
2017-01-30 16:43:13,211 [18] ERROR WebForLink.Web.Infrastructure.WebForLinkFilter - filterContext
System.Exception: OnResultExecuted(ResultExecutedContext filterContext)
2017-01-30 16:43:15,389 [22] ERROR WebForLink.Web.Filters.BreadCrumbAttribute - Controller: Destinatario, Action: destinatariolst, UsuarioId: 351
2017-01-30 16:43:15,389 [22] ERROR WebForLink.Web.Infrastructure.WebForLinkFilter - filterContext
System.Exception: OnActionExecuting(ActionExecutingContext filterContext)
2017-01-30 16:43:15,476 [22] ERROR WebForLink.Web.Infrastructure.WebForLinkFilter - filterContext
System.Exception: OnActionExecuted(ActionExecutedContext filterContext)
2017-01-30 16:43:15,477 [22] ERROR WebForLink.Web.Infrastructure.WebForLinkFilter - filterContext
System.Exception: OnResultExecuting(ResultExecutingContext filterContext)
2017-01-30 16:43:15,485 [22] ERROR WebForLink.Web.Infrastructure.WebForLinkFilter - filterContext
System.Exception: OnResultExecuted(ResultExecutedContext filterContext)
2017-01-30 16:43:16,705 [25] ERROR WebForLink.Web.Filters.BreadCrumbAttribute - Controller: Destinatario, Action: destinatariolst, UsuarioId: 351
2017-01-30 16:43:16,706 [25] ERROR WebForLink.Web.Infrastructure.WebForLinkFilter - filterContext
System.Exception: OnActionExecuting(ActionExecutingContext filterContext)
2017-01-30 16:43:16,801 [25] ERROR WebForLink.Web.Infrastructure.WebForLinkFilter - filterContext
System.Exception: OnActionExecuted(ActionExecutedContext filterContext)
2017-01-30 16:43:16,801 [25] ERROR WebForLink.Web.Infrastructure.WebForLinkFilter - filterContext
System.Exception: OnResultExecuting(ResultExecutingContext filterContext)
2017-01-30 16:43:16,806 [25] ERROR WebForLink.Web.Infrastructure.WebForLinkFilter - filterContext
System.Exception: OnResultExecuted(ResultExecutedContext filterContext)
2017-01-30 16:43:17,928 [23] ERROR WebForLink.Web.Filters.BreadCrumbAttribute - Controller: Destinatario, Action: destinatariolst, UsuarioId: 351
2017-01-30 16:43:17,929 [23] ERROR WebForLink.Web.Infrastructure.WebForLinkFilter - filterContext
System.Exception: OnActionExecuting(ActionExecutingContext filterContext)
2017-01-30 16:43:18,008 [23] ERROR WebForLink.Web.Infrastructure.WebForLinkFilter - filterContext
System.Exception: OnActionExecuted(ActionExecutedContext filterContext)
2017-01-30 16:43:18,009 [23] ERROR WebForLink.Web.Infrastructure.WebForLinkFilter - filterContext
System.Exception: OnResultExecuting(ResultExecutingContext filterContext)
2017-01-30 16:43:18,014 [23] ERROR WebForLink.Web.Infrastructure.WebForLinkFilter - filterContext
System.Exception: OnResultExecuted(ResultExecutedContext filterContext)
2017-01-30 16:44:53,823 [6] ERROR WebForLink.Web.Filters.BreadCrumbAttribute - Controller: Destinatario, Action: destinatariolst, UsuarioId: 351
2017-01-30 16:44:53,824 [6] ERROR WebForLink.Web.Infrastructure.WebForLinkFilter - filterContext
System.Exception: OnActionExecuting(ActionExecutingContext filterContext)
2017-01-30 16:44:59,385 [6] ERROR WebForLink.Web.Infrastructure.WebForLinkFilter - filterContext
System.Exception: OnActionExecuted(ActionExecutedContext filterContext)
2017-01-30 16:44:59,393 [6] ERROR WebForLink.Web.Infrastructure.WebForLinkFilter - filterContext
System.Exception: OnException(ExceptionContext filterContext)
2017-01-30 16:44:59,400 [6] ERROR WebForLink.Web.MvcApplication - Erro na aplicação Erro inesperado 
 Identificador: 5ad484c6ae9c4c448c0fd92ec1a8c366
WebForLink.Domain.Infrastructure.Exceptions.ServiceWebForLinkException: Erro ao Buscar a pesquisa dos destinatários ---> WebForLink.Domain.Infrastructure.Exceptions.ServiceWebForLinkException: Erro ao buscar um destinatário por Id ---> WebForLink.Repository.Infrastructure.RepositoryWebForLinkException: Erro ao buscar um destinatário por Id ---> System.NotSupportedException: The LINQ expression node type 'Invoke' is not supported in LINQ to Entities.
   em System.Data.Entity.Core.Objects.ELinq.ExpressionConverter.NotSupportedTranslator.Translate(ExpressionConverter parent, Expression linq)
   em System.Data.Entity.Core.Objects.ELinq.ExpressionConverter.TranslateExpression(Expression linq)
   em System.Data.Entity.Core.Objects.ELinq.ExpressionConverter.BinaryTranslator.TypedTranslate(ExpressionConverter parent, BinaryExpression linq)
   em System.Data.Entity.Core.Objects.ELinq.ExpressionConverter.TypedTranslator`1.Translate(ExpressionConverter parent, Expression linq)
   em System.Data.Entity.Core.Objects.ELinq.ExpressionConverter.TranslateExpression(Expression linq)
   em System.Data.Entity.Core.Objects.ELinq.ExpressionConverter.TranslateLambda(LambdaExpression lambda, DbExpression input)
   em System.Data.Entity.Core.Objects.ELinq.ExpressionConverter.TranslateLambda(LambdaExpression lambda, DbExpression input, DbExpressionBinding& binding)
   em System.Data.Entity.Core.Objects.ELinq.ExpressionConverter.MethodCallTranslator.OneLambdaTranslator.Translate(ExpressionConverter parent, MethodCallExpression call, DbExpression& source, DbExpressionBinding& sourceBinding, DbExpression& lambda)
   em System.Data.Entity.Core.Objects.ELinq.ExpressionConverter.MethodCallTranslator.OneLambdaTranslator.Translate(ExpressionConverter parent, MethodCallExpression call)
   em System.Data.Entity.Core.Objects.ELinq.ExpressionConverter.MethodCallTranslator.SequenceMethodTranslator.Translate(ExpressionConverter parent, MethodCallExpression call, SequenceMethod sequenceMethod)
   em System.Data.Entity.Core.Objects.ELinq.ExpressionConverter.MethodCallTranslator.TypedTranslate(ExpressionConverter parent, MethodCallExpression linq)
   em System.Data.Entity.Core.Objects.ELinq.ExpressionConverter.TypedTranslator`1.Translate(ExpressionConverter parent, Expression linq)
   em System.Data.Entity.Core.Objects.ELinq.ExpressionConverter.TranslateExpression(Expression linq)
   em System.Data.Entity.Core.Objects.ELinq.ExpressionConverter.MethodCallTranslator.ObjectQueryMergeAsTranslator.Translate(ExpressionConverter parent, MethodCallExpression call)
   em System.Data.Entity.Core.Objects.ELinq.ExpressionConverter.MethodCallTranslator.TypedTranslate(ExpressionConverter parent, MethodCallExpression linq)
   em System.Data.Entity.Core.Objects.ELinq.ExpressionConverter.TypedTranslator`1.Translate(ExpressionConverter parent, Expression linq)
   em System.Data.Entity.Core.Objects.ELinq.ExpressionConverter.TranslateExpression(Expression linq)
   em System.Data.Entity.Core.Objects.ELinq.ExpressionConverter.MethodCallTranslator.OneLambdaTranslator.Translate(ExpressionConverter parent, MethodCallExpression call, DbExpression& source, DbExpressionBinding& sourceBinding, DbExpression& lambda)
   em System.Data.Entity.Core.Objects.ELinq.ExpressionConverter.MethodCallTranslator.OneLambdaTranslator.Translate(ExpressionConverter parent, MethodCallExpression call)
   em System.Data.Entity.Core.Objects.ELinq.ExpressionConverter.MethodCallTranslator.SequenceMethodTranslator.Translate(ExpressionConverter parent, MethodCallExpression call, SequenceMethod sequenceMethod)
   em System.Data.Entity.Core.Objects.ELinq.ExpressionConverter.MethodCallTranslator.TypedTranslate(ExpressionConverter parent, MethodCallExpression linq)
   em System.Data.Entity.Core.Objects.ELinq.ExpressionConverter.TypedTranslator`1.Translate(ExpressionConverter parent, Expression linq)
   em System.Data.Entity.Core.Objects.ELinq.ExpressionConverter.TranslateExpression(Expression linq)
   em System.Data.Entity.Core.Objects.ELinq.ExpressionConverter.Convert()
   em System.Data.Entity.Core.Objects.ELinq.ELinqQueryState.GetExecutionPlan(Nullable`1 forMergeOption)
   em System.Data.Entity.Core.Objects.ObjectQuery`1.<>c__DisplayClass7.<GetResults>b__6()
   em System.Data.Entity.Core.Objects.ObjectContext.ExecuteInTransaction[T](Func`1 func, IDbExecutionStrategy executionStrategy, Boolean startLocalTransaction, Boolean releaseConnectionOnSuccess)
   em System.Data.Entity.Core.Objects.ObjectQuery`1.<>c__DisplayClass7.<GetResults>b__5()
   em System.Data.Entity.SqlServer.DefaultSqlExecutionStrategy.Execute[TResult](Func`1 operation)
   em System.Data.Entity.Core.Objects.ObjectQuery`1.GetResults(Nullable`1 forMergeOption)
   em System.Data.Entity.Core.Objects.ObjectQuery`1.<System.Collections.Generic.IEnumerable<T>.GetEnumerator>b__0()
   em System.Data.Entity.Internal.LazyEnumerator`1.MoveNext()
   em System.Linq.Buffer`1..ctor(IEnumerable`1 source)
   em System.Linq.OrderedEnumerable`1.<GetEnumerator>d__1.MoveNext()
   em System.Linq.Enumerable.<SkipIterator>d__30`1.MoveNext()
   em System.Linq.Enumerable.<TakeIterator>d__24`1.MoveNext()
   em System.Collections.Generic.List`1..ctor(IEnumerable`1 collection)
   em System.Linq.Enumerable.ToList[TSource](IEnumerable`1 source)
   em WebForLink.Data.Repository.EntityFramework.Common.EntityFrameworkRepository`2.Pesquisar(Expression`1 filtros, Int32 tamanhoPagina, Int32 pagina, Func`2 ordenacao) na C:\RepositorioTFS\WEBFORLINKv2\Code\WebForLink\WebForLink.Repository\EntityFramework\Common\Repository.cs:linha 141
   --- Fim do rastreamento de pilha de exceções internas ---
   em WebForLink.Data.Repository.EntityFramework.Common.EntityFrameworkRepository`2.Pesquisar(Expression`1 filtros, Int32 tamanhoPagina, Int32 pagina, Func`2 ordenacao) na C:\RepositorioTFS\WEBFORLINKv2\Code\WebForLink\WebForLink.Repository\EntityFramework\Common\Repository.cs:linha 156
   em WebForLink.Domain.Services.Common.Service`1.BuscarPesquisa(Expression`1 filtros, Int32 tamanhoPagina, Int32 pagina, Func`2 ordenacao) na C:\RepositorioTFS\WEBFORLINKv2\Code\WebForLink\WebForLink.Domain\Services\Common\Service.cs:linha 161
   --- Fim do rastreamento de pilha de exceções internas ---
   em WebForLink.Domain.Services.Common.Service`1.BuscarPesquisa(Expression`1 filtros, Int32 tamanhoPagina, Int32 pagina, Func`2 ordenacao) na C:\RepositorioTFS\WEBFORLINKv2\Code\WebForLink\WebForLink.Domain\Services\Common\Service.cs:linha 178
   em WebForLink.Application.Services.Process.DestinatarioWebForLinkAppService.BuscarPesquisa(Expression`1 filtros, Int32 tamanhoPagina, Int32 pagina, Func`2 ordenacao) na C:\RepositorioTFS\WEBFORLINKv2\Code\WebForLink\WebForLink.Service\Services\Process\DestinatarioService.cs:linha 166
   --- Fim do rastreamento de pilha de exceções internas ---
   em WebForLink.Application.Services.Process.DestinatarioWebForLinkAppService.BuscarPesquisa(Expression`1 filtros, Int32 tamanhoPagina, Int32 pagina, Func`2 ordenacao) na C:\RepositorioTFS\WEBFORLINKv2\Code\WebForLink\WebForLink.Service\Services\Process\DestinatarioService.cs:linha 170
   em WebForLink.Web.Controllers.DestinatarioController.DestinatarioLst(DestinatariosPesquisaVM modelo) na C:\RepositorioTFS\WEBFORLINKv2\Code\WebForLink\WebForLink.Web\Controllers\DestinatarioController.cs:linha 36
   em lambda_method(Closure , ControllerBase , Object[] )
   em System.Web.Mvc.ActionMethodDispatcher.Execute(ControllerBase controller, Object[] parameters)
   em System.Web.Mvc.ReflectedActionDescriptor.Execute(ControllerContext controllerContext, IDictionary`2 parameters)
   em System.Web.Mvc.ControllerActionInvoker.InvokeActionMethod(ControllerContext controllerContext, ActionDescriptor actionDescriptor, IDictionary`2 parameters)
   em System.Web.Mvc.Async.AsyncControllerActionInvoker.ActionInvocation.InvokeSynchronousActionMethod()
   em System.Web.Mvc.Async.AsyncControllerActionInvoker.<BeginInvokeSynchronousActionMethod>b__39(IAsyncResult asyncResult, ActionInvocation innerInvokeState)
   em System.Web.Mvc.Async.AsyncResultWrapper.WrappedAsyncResult`2.CallEndDelegate(IAsyncResult asyncResult)
   em System.Web.Mvc.Async.AsyncResultWrapper.WrappedAsyncResultBase`1.End()
   em System.Web.Mvc.Async.AsyncResultWrapper.End[TResult](IAsyncResult asyncResult, Object tag)
   em System.Web.Mvc.Async.AsyncControllerActionInvoker.EndInvokeActionMethod(IAsyncResult asyncResult)
   em System.Web.Mvc.Async.AsyncControllerActionInvoker.AsyncInvocationWithFilters.<InvokeActionMethodFilterAsynchronouslyRecursive>b__3d()
   em System.Web.Mvc.Async.AsyncControllerActionInvoker.AsyncInvocationWithFilters.<>c__DisplayClass46.<InvokeActionMethodFilterAsynchronouslyRecursive>b__3f()
   em System.Web.Mvc.Async.AsyncControllerActionInvoker.AsyncInvocationWithFilters.<>c__DisplayClass46.<InvokeActionMethodFilterAsynchronouslyRecursive>b__3f()
   em System.Web.Mvc.Async.AsyncControllerActionInvoker.AsyncInvocationWithFilters.<>c__DisplayClass46.<InvokeActionMethodFilterAsynchronouslyRecursive>b__3f()
   em System.Web.Mvc.Async.AsyncControllerActionInvoker.<>c__DisplayClass33.<BeginInvokeActionMethodWithFilters>b__32(IAsyncResult asyncResult)
   em System.Web.Mvc.Async.AsyncResultWrapper.WrappedAsyncResult`1.CallEndDelegate(IAsyncResult asyncResult)
   em System.Web.Mvc.Async.AsyncResultWrapper.WrappedAsyncResultBase`1.End()
   em System.Web.Mvc.Async.AsyncResultWrapper.End[TResult](IAsyncResult asyncResult, Object tag)
   em System.Web.Mvc.Async.AsyncControllerActionInvoker.EndInvokeActionMethodWithFilters(IAsyncResult asyncResult)
   em System.Web.Mvc.Async.AsyncControllerActionInvoker.<>c__DisplayClass21.<>c__DisplayClass2b.<BeginInvokeAction>b__1c()
   em System.Web.Mvc.Async.AsyncControllerActionInvoker.<>c__DisplayClass21.<BeginInvokeAction>b__1e(IAsyncResult asyncResult)
   em System.Web.Mvc.Async.AsyncResultWrapper.WrappedAsyncResult`1.CallEndDelegate(IAsyncResult asyncResult)
   em System.Web.Mvc.Async.AsyncResultWrapper.WrappedAsyncResultBase`1.End()
   em System.Web.Mvc.Async.AsyncResultWrapper.End[TResult](IAsyncResult asyncResult, Object tag)
   em System.Web.Mvc.Async.AsyncControllerActionInvoker.EndInvokeAction(IAsyncResult asyncResult)
   em System.Web.Mvc.Controller.<BeginExecuteCore>b__1d(IAsyncResult asyncResult, ExecuteCoreState innerState)
   em System.Web.Mvc.Async.AsyncResultWrapper.WrappedAsyncVoid`1.CallEndDelegate(IAsyncResult asyncResult)
   em System.Web.Mvc.Async.AsyncResultWrapper.WrappedAsyncResultBase`1.End()
   em System.Web.Mvc.Async.AsyncResultWrapper.End[TResult](IAsyncResult asyncResult, Object tag)
   em System.Web.Mvc.Async.AsyncResultWrapper.End(IAsyncResult asyncResult, Object tag)
   em System.Web.Mvc.Controller.EndExecuteCore(IAsyncResult asyncResult)
   em System.Web.Mvc.Controller.<BeginExecute>b__15(IAsyncResult asyncResult, Controller controller)
   em System.Web.Mvc.Async.AsyncResultWrapper.WrappedAsyncVoid`1.CallEndDelegate(IAsyncResult asyncResult)
   em System.Web.Mvc.Async.AsyncResultWrapper.WrappedAsyncResultBase`1.End()
   em System.Web.Mvc.Async.AsyncResultWrapper.End[TResult](IAsyncResult asyncResult, Object tag)
   em System.Web.Mvc.Async.AsyncResultWrapper.End(IAsyncResult asyncResult, Object tag)
   em System.Web.Mvc.Controller.EndExecute(IAsyncResult asyncResult)
   em System.Web.Mvc.Controller.System.Web.Mvc.Async.IAsyncController.EndExecute(IAsyncResult asyncResult)
   em System.Web.Mvc.MvcHandler.<BeginProcessRequest>b__5(IAsyncResult asyncResult, ProcessRequestState innerState)
   em System.Web.Mvc.Async.AsyncResultWrapper.WrappedAsyncVoid`1.CallEndDelegate(IAsyncResult asyncResult)
   em System.Web.Mvc.Async.AsyncResultWrapper.WrappedAsyncResultBase`1.End()
   em System.Web.Mvc.Async.AsyncResultWrapper.End[TResult](IAsyncResult asyncResult, Object tag)
   em System.Web.Mvc.Async.AsyncResultWrapper.End(IAsyncResult asyncResult, Object tag)
   em System.Web.Mvc.MvcHandler.EndProcessRequest(IAsyncResult asyncResult)
   em System.Web.Mvc.MvcHandler.System.Web.IHttpAsyncHandler.EndProcessRequest(IAsyncResult result)
   em System.Web.HttpApplication.CallHandlerExecutionStep.System.Web.HttpApplication.IExecutionStep.Execute()
   em System.Web.HttpApplication.ExecuteStep(IExecutionStep step, Boolean& completedSynchronously)
2017-01-30 16:44:59,565 [6] ERROR WebForLink.Web.Filters.BreadCrumbAttribute - Controller: Convite, Action: PaginaInicial, UsuarioId: 351
2017-01-30 16:44:59,616 [6] ERROR WebForLink.Web.Controllers.ConviteController - WebForLink.Domain.Infrastructure.CriptografiaException: Erro ao Descriptografar ---> System.FormatException: Comprimento inválido para uma matriz ou uma cadeia de caracteres de Base 64.
   em System.Convert.FromBase64_Decode(Char* startInputPtr, Int32 inputLength, Byte* startDestPtr, Int32 destLength)
   em System.Convert.FromBase64CharPtr(Char* inputPtr, Int32 inputLength)
   em System.Convert.FromBase64String(String s)
   em WebForLink.Domain.Infrastructure.Criptografia.Descriptografar() na C:\RepositorioTFS\WEBFORLINKv2\Code\WebForLink\WebForLink.Domain\Services\ChMasterData\Criptografia.cs:linha 79
   --- Fim do rastreamento de pilha de exceções internas ---
   em WebForLink.Domain.Infrastructure.Criptografia.Descriptografar() na C:\RepositorioTFS\WEBFORLINKv2\Code\WebForLink\WebForLink.Domain\Services\ChMasterData\Criptografia.cs:linha 89
   em WebForLink.Domain.Infrastructure.Criptografia.ReadUrl(String pUrl, String key) na C:\RepositorioTFS\WEBFORLINKv2\Code\WebForLink\WebForLink.Domain\Services\ChMasterData\Criptografia.cs:linha 150
   em WebForLink.Domain.Infrastructure.Criptografia..ctor(EnumCripto tipo, String palavra, String chave) na C:\RepositorioTFS\WEBFORLINKv2\Code\WebForLink\WebForLink.Domain\Services\ChMasterData\Criptografia.cs:linha 53
   em WebForLink.Application.Services.SolicitacaoAppService.DescriptografarLinkConvite(String chaveUrl) na C:\RepositorioTFS\WEBFORLINKv2\Code\WebForLink\WebForLink.Service\Services\SolicitacaoDocumentoService.cs:linha 38
   em WebForLink.Web.Controllers.ConviteController.PaginaInicial(String chave, SolicitacaoConviteVM model) na C:\RepositorioTFS\WEBFORLINKv2\Code\WebForLink\WebForLink.Web\Controllers\ConviteController.cs:linha 60
2017-01-30 16:44:59,631 [17] ERROR WebForLink.Web.Filters.BreadCrumbAttribute - Controller: Convite, Action: Index, UsuarioId: 351
2017-01-30 16:45:32,492 [6] ERROR WebForLink.Web.Filters.BreadCrumbAttribute - Controller: HomeAdmin, Action: Index, UsuarioId: 351
2017-01-30 16:45:34,400 [17] ERROR WebForLink.Web.Filters.BreadCrumbAttribute - Controller: MeusDocumentos, Action: minhafichacadastral, UsuarioId: 351
2017-01-30 16:47:13,089 [11] ERROR WebForLink.Web.Filters.BreadCrumbAttribute - Controller: DadosBancarios, Action: incluir, UsuarioId: 351
2017-01-30 16:47:31,416 [20] ERROR WebForLink.Web.Filters.BreadCrumbAttribute - Controller: MeusDocumentos, Action: meusdocumentoslst, UsuarioId: 351
2017-01-30 16:47:34,647 [26] ERROR WebForLink.Web.Filters.BreadCrumbAttribute - Controller: MeusDocumentos, Action: meusdocumentosfrm, UsuarioId: 351
2017-01-30 16:49:30,197 [15] ERROR WebForLink.Web.Filters.BreadCrumbAttribute - Controller: MeusDocumentos, Action: listadescricaodocumento, UsuarioId: 351
2017-01-30 16:56:38,984 [39] ERROR WebForLink.Web.Filters.BreadCrumbAttribute - Controller: MeusDocumentos, Action: listadescricaodocumento, UsuarioId: 351
2017-01-30 16:58:15,240 [41] ERROR WebForLink.Web.Filters.BreadCrumbAttribute - Controller: MeusDocumentos, Action: enviarlst, UsuarioId: 351
2017-01-30 17:00:09,616 [43] ERROR WebForLink.Web.Filters.BreadCrumbAttribute - Controller: MeusDocumentos, Action: meusdocumentoslst, UsuarioId: 351
2017-01-30 17:00:11,537 [41] ERROR WebForLink.Web.Filters.BreadCrumbAttribute - Controller: MeusDocumentos, Action: meusdocumentosfrm, UsuarioId: 351
2017-01-30 17:00:13,390 [42] ERROR WebForLink.Web.Filters.BreadCrumbAttribute - Controller: MeusDocumentos, Action: listadescricaodocumento, UsuarioId: 351
2017-01-30 17:00:18,988 [42] ERROR WebForLink.Web.Filters.BreadCrumbAttribute - Controller: MeusDocumentos, Action: meusdocumentosfrm, UsuarioId: 351
2017-01-30 17:02:04,069 [47] ERROR WebForLink.Web.Filters.BreadCrumbAttribute - Controller: MeusDocumentos, Action: enviadoslst, UsuarioId: 351
2017-01-30 17:02:09,033 [47] ERROR WebForLink.Web.MvcApplication - Erro na aplicação Erro inesperado 
 Identificador: 10ec16bc419b4983bdefb5f16c9a6137
WebForLink.Domain.Infrastructure.Exceptions.ServiceWebForLinkException: Erro ao buscar um destinatário por Id ---> WebForLink.Repository.Infrastructure.RepositoryWebForLinkException: Erro ao buscar um destinatário por Id ---> System.NotSupportedException: The LINQ expression node type 'Invoke' is not supported in LINQ to Entities.
   em System.Data.Entity.Core.Objects.ELinq.ExpressionConverter.NotSupportedTranslator.Translate(ExpressionConverter parent, Expression linq)
   em System.Data.Entity.Core.Objects.ELinq.ExpressionConverter.TranslateExpression(Expression linq)
   em System.Data.Entity.Core.Objects.ELinq.ExpressionConverter.BinaryTranslator.TypedTranslate(ExpressionConverter parent, BinaryExpression linq)
   em System.Data.Entity.Core.Objects.ELinq.ExpressionConverter.TypedTranslator`1.Translate(ExpressionConverter parent, Expression linq)
   em System.Data.Entity.Core.Objects.ELinq.ExpressionConverter.TranslateExpression(Expression linq)
   em System.Data.Entity.Core.Objects.ELinq.ExpressionConverter.TranslateLambda(LambdaExpression lambda, DbExpression input)
   em System.Data.Entity.Core.Objects.ELinq.ExpressionConverter.TranslateLambda(LambdaExpression lambda, DbExpression input, DbExpressionBinding& binding)
   em System.Data.Entity.Core.Objects.ELinq.ExpressionConverter.MethodCallTranslator.OneLambdaTranslator.Translate(ExpressionConverter parent, MethodCallExpression call, DbExpression& source, DbExpressionBinding& sourceBinding, DbExpression& lambda)
   em System.Data.Entity.Core.Objects.ELinq.ExpressionConverter.MethodCallTranslator.OneLambdaTranslator.Translate(ExpressionConverter parent, MethodCallExpression call)
   em System.Data.Entity.Core.Objects.ELinq.ExpressionConverter.MethodCallTranslator.SequenceMethodTranslator.Translate(ExpressionConverter parent, MethodCallExpression call, SequenceMethod sequenceMethod)
   em System.Data.Entity.Core.Objects.ELinq.ExpressionConverter.MethodCallTranslator.TypedTranslate(ExpressionConverter parent, MethodCallExpression linq)
   em System.Data.Entity.Core.Objects.ELinq.ExpressionConverter.TypedTranslator`1.Translate(ExpressionConverter parent, Expression linq)
   em System.Data.Entity.Core.Objects.ELinq.ExpressionConverter.TranslateExpression(Expression linq)
   em System.Data.Entity.Core.Objects.ELinq.ExpressionConverter.MethodCallTranslator.ObjectQueryMergeAsTranslator.Translate(ExpressionConverter parent, MethodCallExpression call)
   em System.Data.Entity.Core.Objects.ELinq.ExpressionConverter.MethodCallTranslator.TypedTranslate(ExpressionConverter parent, MethodCallExpression linq)
   em System.Data.Entity.Core.Objects.ELinq.ExpressionConverter.TypedTranslator`1.Translate(ExpressionConverter parent, Expression linq)
   em System.Data.Entity.Core.Objects.ELinq.ExpressionConverter.TranslateExpression(Expression linq)
   em System.Data.Entity.Core.Objects.ELinq.ExpressionConverter.MethodCallTranslator.OneLambdaTranslator.Translate(ExpressionConverter parent, MethodCallExpression call, DbExpression& source, DbExpressionBinding& sourceBinding, DbExpression& lambda)
   em System.Data.Entity.Core.Objects.ELinq.ExpressionConverter.MethodCallTranslator.OneLambdaTranslator.Translate(ExpressionConverter parent, MethodCallExpression call)
   em System.Data.Entity.Core.Objects.ELinq.ExpressionConverter.MethodCallTranslator.SequenceMethodTranslator.Translate(ExpressionConverter parent, MethodCallExpression call, SequenceMethod sequenceMethod)
   em System.Data.Entity.Core.Objects.ELinq.ExpressionConverter.MethodCallTranslator.TypedTranslate(ExpressionConverter parent, MethodCallExpression linq)
   em System.Data.Entity.Core.Objects.ELinq.ExpressionConverter.TypedTranslator`1.Translate(ExpressionConverter parent, Expression linq)
   em System.Data.Entity.Core.Objects.ELinq.ExpressionConverter.TranslateExpression(Expression linq)
   em System.Data.Entity.Core.Objects.ELinq.ExpressionConverter.Convert()
   em System.Data.Entity.Core.Objects.ELinq.ELinqQueryState.GetExecutionPlan(Nullable`1 forMergeOption)
   em System.Data.Entity.Core.Objects.ObjectQuery`1.<>c__DisplayClass7.<GetResults>b__6()
   em System.Data.Entity.Core.Objects.ObjectContext.ExecuteInTransaction[T](Func`1 func, IDbExecutionStrategy executionStrategy, Boolean startLocalTransaction, Boolean releaseConnectionOnSuccess)
   em System.Data.Entity.Core.Objects.ObjectQuery`1.<>c__DisplayClass7.<GetResults>b__5()
   em System.Data.Entity.SqlServer.DefaultSqlExecutionStrategy.Execute[TResult](Func`1 operation)
   em System.Data.Entity.Core.Objects.ObjectQuery`1.GetResults(Nullable`1 forMergeOption)
   em System.Data.Entity.Core.Objects.ObjectQuery`1.<System.Collections.Generic.IEnumerable<T>.GetEnumerator>b__0()
   em System.Data.Entity.Internal.LazyEnumerator`1.MoveNext()
   em System.Linq.Buffer`1..ctor(IEnumerable`1 source)
   em System.Linq.OrderedEnumerable`1.<GetEnumerator>d__1.MoveNext()
   em System.Linq.Enumerable.<SkipIterator>d__30`1.MoveNext()
   em System.Linq.Enumerable.<TakeIterator>d__24`1.MoveNext()
   em System.Collections.Generic.List`1..ctor(IEnumerable`1 collection)
   em System.Linq.Enumerable.ToList[TSource](IEnumerable`1 source)
   em WebForLink.Data.Repository.EntityFramework.Common.EntityFrameworkRepository`2.Pesquisar(Expression`1 filtros, Int32 tamanhoPagina, Int32 pagina, Func`2 ordenacao) na C:\RepositorioTFS\WEBFORLINKv2\Code\WebForLink\WebForLink.Repository\EntityFramework\Common\Repository.cs:linha 141
   --- Fim do rastreamento de pilha de exceções internas ---
   em WebForLink.Data.Repository.EntityFramework.Common.EntityFrameworkRepository`2.Pesquisar(Expression`1 filtros, Int32 tamanhoPagina, Int32 pagina, Func`2 ordenacao) na C:\RepositorioTFS\WEBFORLINKv2\Code\WebForLink\WebForLink.Repository\EntityFramework\Common\Repository.cs:linha 156
   em WebForLink.Domain.Services.Common.Service`1.BuscarPesquisa(Expression`1 filtros, Int32 tamanhoPagina, Int32 pagina, Func`2 ordenacao) na C:\RepositorioTFS\WEBFORLINKv2\Code\WebForLink\WebForLink.Domain\Services\Common\Service.cs:linha 161
   --- Fim do rastreamento de pilha de exceções internas ---
   em WebForLink.Domain.Services.Common.Service`1.BuscarPesquisa(Expression`1 filtros, Int32 tamanhoPagina, Int32 pagina, Func`2 ordenacao) na C:\RepositorioTFS\WEBFORLINKv2\Code\WebForLink\WebForLink.Domain\Services\Common\Service.cs:linha 178
   em WebForLink.Application.Services.Process.MeusDocumentosWebForLinkAppService.BuscarPesquisa(Expression`1 filtros, Int32 tamanhoPagina, Int32 pagina, Func`2 ordenacao) na C:\RepositorioTFS\WEBFORLINKv2\Code\WebForLink\WebForLink.Service\Services\Process\MeusDocumentosService.cs:linha 110
   em WebForLink.Web.Controllers.MeusDocumentosController.EnviadosLst(EnviadosPesquisaVM modelo) na C:\RepositorioTFS\WEBFORLINKv2\Code\WebForLink\WebForLink.Web\Controllers\MeusDocumentosController.cs:linha 457
   em lambda_method(Closure , ControllerBase , Object[] )
   em System.Web.Mvc.ActionMethodDispatcher.Execute(ControllerBase controller, Object[] parameters)
   em System.Web.Mvc.ReflectedActionDescriptor.Execute(ControllerContext controllerContext, IDictionary`2 parameters)
   em System.Web.Mvc.ControllerActionInvoker.InvokeActionMethod(ControllerContext controllerContext, ActionDescriptor actionDescriptor, IDictionary`2 parameters)
   em System.Web.Mvc.Async.AsyncControllerActionInvoker.ActionInvocation.InvokeSynchronousActionMethod()
   em System.Web.Mvc.Async.AsyncControllerActionInvoker.<BeginInvokeSynchronousActionMethod>b__39(IAsyncResult asyncResult, ActionInvocation innerInvokeState)
   em System.Web.Mvc.Async.AsyncResultWrapper.WrappedAsyncResult`2.CallEndDelegate(IAsyncResult asyncResult)
   em System.Web.Mvc.Async.AsyncResultWrapper.WrappedAsyncResultBase`1.End()
   em System.Web.Mvc.Async.AsyncResultWrapper.End[TResult](IAsyncResult asyncResult, Object tag)
   em System.Web.Mvc.Async.AsyncControllerActionInvoker.EndInvokeActionMethod(IAsyncResult asyncResult)
   em System.Web.Mvc.Async.AsyncControllerActionInvoker.AsyncInvocationWithFilters.<InvokeActionMethodFilterAsynchronouslyRecursive>b__3d()
   em System.Web.Mvc.Async.AsyncControllerActionInvoker.AsyncInvocationWithFilters.<>c__DisplayClass46.<InvokeActionMethodFilterAsynchronouslyRecursive>b__3f()
   em System.Web.Mvc.Async.AsyncControllerActionInvoker.AsyncInvocationWithFilters.<>c__DisplayClass46.<InvokeActionMethodFilterAsynchronouslyRecursive>b__3f()
   em System.Web.Mvc.Async.AsyncControllerActionInvoker.<>c__DisplayClass33.<BeginInvokeActionMethodWithFilters>b__32(IAsyncResult asyncResult)
   em System.Web.Mvc.Async.AsyncResultWrapper.WrappedAsyncResult`1.CallEndDelegate(IAsyncResult asyncResult)
   em System.Web.Mvc.Async.AsyncResultWrapper.WrappedAsyncResultBase`1.End()
   em System.Web.Mvc.Async.AsyncResultWrapper.End[TResult](IAsyncResult asyncResult, Object tag)
   em System.Web.Mvc.Async.AsyncControllerActionInvoker.EndInvokeActionMethodWithFilters(IAsyncResult asyncResult)
   em System.Web.Mvc.Async.AsyncControllerActionInvoker.<>c__DisplayClass21.<>c__DisplayClass2b.<BeginInvokeAction>b__1c()
   em System.Web.Mvc.Async.AsyncControllerActionInvoker.<>c__DisplayClass21.<BeginInvokeAction>b__1e(IAsyncResult asyncResult)
   em System.Web.Mvc.Async.AsyncResultWrapper.WrappedAsyncResult`1.CallEndDelegate(IAsyncResult asyncResult)
   em System.Web.Mvc.Async.AsyncResultWrapper.WrappedAsyncResultBase`1.End()
   em System.Web.Mvc.Async.AsyncResultWrapper.End[TResult](IAsyncResult asyncResult, Object tag)
   em System.Web.Mvc.Async.AsyncControllerActionInvoker.EndInvokeAction(IAsyncResult asyncResult)
   em System.Web.Mvc.Controller.<BeginExecuteCore>b__1d(IAsyncResult asyncResult, ExecuteCoreState innerState)
   em System.Web.Mvc.Async.AsyncResultWrapper.WrappedAsyncVoid`1.CallEndDelegate(IAsyncResult asyncResult)
   em System.Web.Mvc.Async.AsyncResultWrapper.WrappedAsyncResultBase`1.End()
   em System.Web.Mvc.Async.AsyncResultWrapper.End[TResult](IAsyncResult asyncResult, Object tag)
   em System.Web.Mvc.Async.AsyncResultWrapper.End(IAsyncResult asyncResult, Object tag)
   em System.Web.Mvc.Controller.EndExecuteCore(IAsyncResult asyncResult)
   em System.Web.Mvc.Controller.<BeginExecute>b__15(IAsyncResult asyncResult, Controller controller)
   em System.Web.Mvc.Async.AsyncResultWrapper.WrappedAsyncVoid`1.CallEndDelegate(IAsyncResult asyncResult)
   em System.Web.Mvc.Async.AsyncResultWrapper.WrappedAsyncResultBase`1.End()
   em System.Web.Mvc.Async.AsyncResultWrapper.End[TResult](IAsyncResult asyncResult, Object tag)
   em System.Web.Mvc.Async.AsyncResultWrapper.End(IAsyncResult asyncResult, Object tag)
   em System.Web.Mvc.Controller.EndExecute(IAsyncResult asyncResult)
   em System.Web.Mvc.Controller.System.Web.Mvc.Async.IAsyncController.EndExecute(IAsyncResult asyncResult)
   em System.Web.Mvc.MvcHandler.<BeginProcessRequest>b__5(IAsyncResult asyncResult, ProcessRequestState innerState)
   em System.Web.Mvc.Async.AsyncResultWrapper.WrappedAsyncVoid`1.CallEndDelegate(IAsyncResult asyncResult)
   em System.Web.Mvc.Async.AsyncResultWrapper.WrappedAsyncResultBase`1.End()
   em System.Web.Mvc.Async.AsyncResultWrapper.End[TResult](IAsyncResult asyncResult, Object tag)
   em System.Web.Mvc.Async.AsyncResultWrapper.End(IAsyncResult asyncResult, Object tag)
   em System.Web.Mvc.MvcHandler.EndProcessRequest(IAsyncResult asyncResult)
   em System.Web.Mvc.MvcHandler.System.Web.IHttpAsyncHandler.EndProcessRequest(IAsyncResult result)
   em System.Web.HttpApplication.CallHandlerExecutionStep.System.Web.HttpApplication.IExecutionStep.Execute()
   em System.Web.HttpApplication.ExecuteStep(IExecutionStep step, Boolean& completedSynchronously)
2017-01-30 17:02:09,048 [47] ERROR WebForLink.Web.Filters.BreadCrumbAttribute - Controller: Convite, Action: PaginaInicial, UsuarioId: 351
2017-01-30 17:02:09,072 [47] ERROR WebForLink.Web.Controllers.ConviteController - WebForLink.Domain.Infrastructure.CriptografiaException: Erro ao Descriptografar ---> System.FormatException: Comprimento inválido para uma matriz ou uma cadeia de caracteres de Base 64.
   em System.Convert.FromBase64_Decode(Char* startInputPtr, Int32 inputLength, Byte* startDestPtr, Int32 destLength)
   em System.Convert.FromBase64CharPtr(Char* inputPtr, Int32 inputLength)
   em System.Convert.FromBase64String(String s)
   em WebForLink.Domain.Infrastructure.Criptografia.Descriptografar() na C:\RepositorioTFS\WEBFORLINKv2\Code\WebForLink\WebForLink.Domain\Services\ChMasterData\Criptografia.cs:linha 79
   --- Fim do rastreamento de pilha de exceções internas ---
   em WebForLink.Domain.Infrastructure.Criptografia.Descriptografar() na C:\RepositorioTFS\WEBFORLINKv2\Code\WebForLink\WebForLink.Domain\Services\ChMasterData\Criptografia.cs:linha 89
   em WebForLink.Domain.Infrastructure.Criptografia.ReadUrl(String pUrl, String key) na C:\RepositorioTFS\WEBFORLINKv2\Code\WebForLink\WebForLink.Domain\Services\ChMasterData\Criptografia.cs:linha 150
   em WebForLink.Domain.Infrastructure.Criptografia..ctor(EnumCripto tipo, String palavra, String chave) na C:\RepositorioTFS\WEBFORLINKv2\Code\WebForLink\WebForLink.Domain\Services\ChMasterData\Criptografia.cs:linha 53
   em WebForLink.Application.Services.SolicitacaoAppService.DescriptografarLinkConvite(String chaveUrl) na C:\RepositorioTFS\WEBFORLINKv2\Code\WebForLink\WebForLink.Service\Services\SolicitacaoDocumentoService.cs:linha 38
   em WebForLink.Web.Controllers.ConviteController.PaginaInicial(String chave, SolicitacaoConviteVM model) na C:\RepositorioTFS\WEBFORLINKv2\Code\WebForLink\WebForLink.Web\Controllers\ConviteController.cs:linha 60
2017-01-30 17:02:09,088 [46] ERROR WebForLink.Web.Filters.BreadCrumbAttribute - Controller: Convite, Action: Index, UsuarioId: 351
2017-01-30 17:05:00,974 [41] ERROR WebForLink.Web.MvcApplication - Referência de objeto não definida para uma instância de um objeto.
2017-01-30 17:09:27,922 [54] ERROR WebForLink.Web.Filters.BreadCrumbAttribute - Controller: Destinatario, Action: destinatariolst, UsuarioId: 351
2017-01-30 17:09:27,923 [54] ERROR WebForLink.Web.Infrastructure.WebForLinkFilter - filterContext
System.Exception: OnActionExecuting(ActionExecutingContext filterContext)
2017-01-30 17:09:28,497 [54] ERROR WebForLink.Web.Infrastructure.WebForLinkFilter - filterContext
System.Exception: OnActionExecuted(ActionExecutedContext filterContext)
2017-01-30 17:09:28,498 [54] ERROR WebForLink.Web.Infrastructure.WebForLinkFilter - filterContext
System.Exception: OnResultExecuting(ResultExecutingContext filterContext)
2017-01-30 17:09:28,507 [54] ERROR WebForLink.Web.Infrastructure.WebForLinkFilter - filterContext
System.Exception: OnResultExecuted(ResultExecutedContext filterContext)
2017-01-30 17:12:31,499 [12] ERROR WebForLink.Web.MvcApplication - Referência de objeto não definida para uma instância de um objeto.
2017-01-30 17:12:31,503 [12] ERROR WebForLink.Web.MvcApplication - Referência de objeto não definida para uma instância de um objeto.
2017-01-30 17:14:30,507 [53] ERROR WebForLink.Web.MvcApplication - Aplicação Iniciada
2017-01-30 17:14:30,991 [53] ERROR WebForLink.Web.Mappers.MappingProfile - Mapper not initialized. Call Initialize with appropriate configuration. If you are trying to use mapper instances through a container or otherwise, make sure you do not have any calls to the static Mapper.Map methods, and if you're using ProjectTo or UseAsDataSource extension methods, make sure you pass in the appropriate IConfigurationProvider instance.
2017-01-30 17:14:33,193 [42] ERROR WebForLink.Web.Filters.BreadCrumbAttribute - Controller: MeusDocumentos, Action: meusdocumentoslst, UsuarioId: 351
2017-01-30 17:14:59,162 [57] ERROR WebForLink.Web.Filters.BreadCrumbAttribute - Controller: Destinatario, Action: destinatariolst, UsuarioId: 351
2017-01-30 17:14:59,162 [57] ERROR WebForLink.Web.Infrastructure.WebForLinkFilter - filterContext
System.Exception: OnActionExecuting(ActionExecutingContext filterContext)
2017-01-30 17:14:59,307 [57] ERROR WebForLink.Web.Infrastructure.WebForLinkFilter - filterContext
System.Exception: OnActionExecuted(ActionExecutedContext filterContext)
2017-01-30 17:14:59,308 [57] ERROR WebForLink.Web.Infrastructure.WebForLinkFilter - filterContext
System.Exception: OnResultExecuting(ResultExecutingContext filterContext)
2017-01-30 17:14:59,413 [57] ERROR WebForLink.Web.Infrastructure.WebForLinkFilter - filterContext
System.Exception: OnResultExecuted(ResultExecutedContext filterContext)
2017-01-30 17:15:36,718 [46] ERROR WebForLink.Web.Filters.BreadCrumbAttribute - Controller: MeusDocumentos, Action: meusdocumentoslst, UsuarioId: 351
2017-01-30 17:15:40,468 [55] ERROR WebForLink.Web.Filters.BreadCrumbAttribute - Controller: MeusDocumentos, Action: meusdocumentosfrm, UsuarioId: 351
2017-01-30 17:17:11,329 [49] ERROR WebForLink.Web.Filters.BreadCrumbAttribute - Controller: MeusDocumentos, Action: enviadoslst, UsuarioId: 351
2017-01-30 17:17:11,382 [49] ERROR WebForLink.Web.MvcApplication - Erro na aplicação Erro inesperado 
 Identificador: 8ba1bc34a5a74518abd0235474b170a6
WebForLink.Domain.Infrastructure.Exceptions.ServiceWebForLinkException: Erro ao buscar um destinatário por Id ---> WebForLink.Repository.Infrastructure.RepositoryWebForLinkException: Erro ao buscar um destinatário por Id ---> System.NotSupportedException: The LINQ expression node type 'Invoke' is not supported in LINQ to Entities.
   em System.Data.Entity.Core.Objects.ELinq.ExpressionConverter.NotSupportedTranslator.Translate(ExpressionConverter parent, Expression linq)
   em System.Data.Entity.Core.Objects.ELinq.ExpressionConverter.TranslateExpression(Expression linq)
   em System.Data.Entity.Core.Objects.ELinq.ExpressionConverter.BinaryTranslator.TypedTranslate(ExpressionConverter parent, BinaryExpression linq)
   em System.Data.Entity.Core.Objects.ELinq.ExpressionConverter.TypedTranslator`1.Translate(ExpressionConverter parent, Expression linq)
   em System.Data.Entity.Core.Objects.ELinq.ExpressionConverter.TranslateExpression(Expression linq)
   em System.Data.Entity.Core.Objects.ELinq.ExpressionConverter.TranslateLambda(LambdaExpression lambda, DbExpression input)
   em System.Data.Entity.Core.Objects.ELinq.ExpressionConverter.TranslateLambda(LambdaExpression lambda, DbExpression input, DbExpressionBinding& binding)
   em System.Data.Entity.Core.Objects.ELinq.ExpressionConverter.MethodCallTranslator.OneLambdaTranslator.Translate(ExpressionConverter parent, MethodCallExpression call, DbExpression& source, DbExpressionBinding& sourceBinding, DbExpression& lambda)
   em System.Data.Entity.Core.Objects.ELinq.ExpressionConverter.MethodCallTranslator.OneLambdaTranslator.Translate(ExpressionConverter parent, MethodCallExpression call)
   em System.Data.Entity.Core.Objects.ELinq.ExpressionConverter.MethodCallTranslator.SequenceMethodTranslator.Translate(ExpressionConverter parent, MethodCallExpression call, SequenceMethod sequenceMethod)
   em System.Data.Entity.Core.Objects.ELinq.ExpressionConverter.MethodCallTranslator.TypedTranslate(ExpressionConverter parent, MethodCallExpression linq)
   em System.Data.Entity.Core.Objects.ELinq.ExpressionConverter.TypedTranslator`1.Translate(ExpressionConverter parent, Expression linq)
   em System.Data.Entity.Core.Objects.ELinq.ExpressionConverter.TranslateExpression(Expression linq)
   em System.Data.Entity.Core.Objects.ELinq.ExpressionConverter.MethodCallTranslator.ObjectQueryMergeAsTranslator.Translate(ExpressionConverter parent, MethodCallExpression call)
   em System.Data.Entity.Core.Objects.ELinq.ExpressionConverter.MethodCallTranslator.TypedTranslate(ExpressionConverter parent, MethodCallExpression linq)
   em System.Data.Entity.Core.Objects.ELinq.ExpressionConverter.TypedTranslator`1.Translate(ExpressionConverter parent, Expression linq)
   em System.Data.Entity.Core.Objects.ELinq.ExpressionConverter.TranslateExpression(Expression linq)
   em System.Data.Entity.Core.Objects.ELinq.ExpressionConverter.MethodCallTranslator.OneLambdaTranslator.Translate(ExpressionConverter parent, MethodCallExpression call, DbExpression& source, DbExpressionBinding& sourceBinding, DbExpression& lambda)
   em System.Data.Entity.Core.Objects.ELinq.ExpressionConverter.MethodCallTranslator.OneLambdaTranslator.Translate(ExpressionConverter parent, MethodCallExpression call)
   em System.Data.Entity.Core.Objects.ELinq.ExpressionConverter.MethodCallTranslator.SequenceMethodTranslator.Translate(ExpressionConverter parent, MethodCallExpression call, SequenceMethod sequenceMethod)
   em System.Data.Entity.Core.Objects.ELinq.ExpressionConverter.MethodCallTranslator.TypedTranslate(ExpressionConverter parent, MethodCallExpression linq)
   em System.Data.Entity.Core.Objects.ELinq.ExpressionConverter.TypedTranslator`1.Translate(ExpressionConverter parent, Expression linq)
   em System.Data.Entity.Core.Objects.ELinq.ExpressionConverter.TranslateExpression(Expression linq)
   em System.Data.Entity.Core.Objects.ELinq.ExpressionConverter.Convert()
   em System.Data.Entity.Core.Objects.ELinq.ELinqQueryState.GetExecutionPlan(Nullable`1 forMergeOption)
   em System.Data.Entity.Core.Objects.ObjectQuery`1.<>c__DisplayClass7.<GetResults>b__6()
   em System.Data.Entity.Core.Objects.ObjectContext.ExecuteInTransaction[T](Func`1 func, IDbExecutionStrategy executionStrategy, Boolean startLocalTransaction, Boolean releaseConnectionOnSuccess)
   em System.Data.Entity.Core.Objects.ObjectQuery`1.<>c__DisplayClass7.<GetResults>b__5()
   em System.Data.Entity.SqlServer.DefaultSqlExecutionStrategy.Execute[TResult](Func`1 operation)
   em System.Data.Entity.Core.Objects.ObjectQuery`1.GetResults(Nullable`1 forMergeOption)
   em System.Data.Entity.Core.Objects.ObjectQuery`1.<System.Collections.Generic.IEnumerable<T>.GetEnumerator>b__0()
   em System.Data.Entity.Internal.LazyEnumerator`1.MoveNext()
   em System.Linq.Buffer`1..ctor(IEnumerable`1 source)
   em System.Linq.OrderedEnumerable`1.<GetEnumerator>d__1.MoveNext()
   em System.Linq.Enumerable.<SkipIterator>d__30`1.MoveNext()
   em System.Linq.Enumerable.<TakeIterator>d__24`1.MoveNext()
   em System.Collections.Generic.List`1..ctor(IEnumerable`1 collection)
   em System.Linq.Enumerable.ToList[TSource](IEnumerable`1 source)
   em WebForLink.Data.Repository.EntityFramework.Common.EntityFrameworkRepository`2.Pesquisar(Expression`1 filtros, Int32 tamanhoPagina, Int32 pagina, Func`2 ordenacao) na C:\RepositorioTFS\WEBFORLINKv2\Code\WebForLink\WebForLink.Repository\EntityFramework\Common\Repository.cs:linha 141
   --- Fim do rastreamento de pilha de exceções internas ---
   em WebForLink.Data.Repository.EntityFramework.Common.EntityFrameworkRepository`2.Pesquisar(Expression`1 filtros, Int32 tamanhoPagina, Int32 pagina, Func`2 ordenacao) na C:\RepositorioTFS\WEBFORLINKv2\Code\WebForLink\WebForLink.Repository\EntityFramework\Common\Repository.cs:linha 156
   em WebForLink.Domain.Services.Common.Service`1.BuscarPesquisa(Expression`1 filtros, Int32 tamanhoPagina, Int32 pagina, Func`2 ordenacao) na C:\RepositorioTFS\WEBFORLINKv2\Code\WebForLink\WebForLink.Domain\Services\Common\Service.cs:linha 161
   --- Fim do rastreamento de pilha de exceções internas ---
   em WebForLink.Domain.Services.Common.Service`1.BuscarPesquisa(Expression`1 filtros, Int32 tamanhoPagina, Int32 pagina, Func`2 ordenacao) na C:\RepositorioTFS\WEBFORLINKv2\Code\WebForLink\WebForLink.Domain\Services\Common\Service.cs:linha 178
   em WebForLink.Application.Services.Process.MeusDocumentosWebForLinkAppService.BuscarPesquisa(Expression`1 filtros, Int32 tamanhoPagina, Int32 pagina, Func`2 ordenacao) na C:\RepositorioTFS\WEBFORLINKv2\Code\WebForLink\WebForLink.Service\Services\Process\MeusDocumentosService.cs:linha 110
   em WebForLink.Web.Controllers.MeusDocumentosController.EnviadosLst(EnviadosPesquisaVM modelo) na C:\RepositorioTFS\WEBFORLINKv2\Code\WebForLink\WebForLink.Web\Controllers\MeusDocumentosController.cs:linha 457
   em lambda_method(Closure , ControllerBase , Object[] )
   em System.Web.Mvc.ActionMethodDispatcher.Execute(ControllerBase controller, Object[] parameters)
   em System.Web.Mvc.ReflectedActionDescriptor.Execute(ControllerContext controllerContext, IDictionary`2 parameters)
   em System.Web.Mvc.ControllerActionInvoker.InvokeActionMethod(ControllerContext controllerContext, ActionDescriptor actionDescriptor, IDictionary`2 parameters)
   em System.Web.Mvc.Async.AsyncControllerActionInvoker.ActionInvocation.InvokeSynchronousActionMethod()
   em System.Web.Mvc.Async.AsyncControllerActionInvoker.<BeginInvokeSynchronousActionMethod>b__39(IAsyncResult asyncResult, ActionInvocation innerInvokeState)
   em System.Web.Mvc.Async.AsyncResultWrapper.WrappedAsyncResult`2.CallEndDelegate(IAsyncResult asyncResult)
   em System.Web.Mvc.Async.AsyncResultWrapper.WrappedAsyncResultBase`1.End()
   em System.Web.Mvc.Async.AsyncResultWrapper.End[TResult](IAsyncResult asyncResult, Object tag)
   em System.Web.Mvc.Async.AsyncControllerActionInvoker.EndInvokeActionMethod(IAsyncResult asyncResult)
   em System.Web.Mvc.Async.AsyncControllerActionInvoker.AsyncInvocationWithFilters.<InvokeActionMethodFilterAsynchronouslyRecursive>b__3d()
   em System.Web.Mvc.Async.AsyncControllerActionInvoker.AsyncInvocationWithFilters.<>c__DisplayClass46.<InvokeActionMethodFilterAsynchronouslyRecursive>b__3f()
   em System.Web.Mvc.Async.AsyncControllerActionInvoker.AsyncInvocationWithFilters.<>c__DisplayClass46.<InvokeActionMethodFilterAsynchronouslyRecursive>b__3f()
   em System.Web.Mvc.Async.AsyncControllerActionInvoker.<>c__DisplayClass33.<BeginInvokeActionMethodWithFilters>b__32(IAsyncResult asyncResult)
   em System.Web.Mvc.Async.AsyncResultWrapper.WrappedAsyncResult`1.CallEndDelegate(IAsyncResult asyncResult)
   em System.Web.Mvc.Async.AsyncResultWrapper.WrappedAsyncResultBase`1.End()
   em System.Web.Mvc.Async.AsyncResultWrapper.End[TResult](IAsyncResult asyncResult, Object tag)
   em System.Web.Mvc.Async.AsyncControllerActionInvoker.EndInvokeActionMethodWithFilters(IAsyncResult asyncResult)
   em System.Web.Mvc.Async.AsyncControllerActionInvoker.<>c__DisplayClass21.<>c__DisplayClass2b.<BeginInvokeAction>b__1c()
   em System.Web.Mvc.Async.AsyncControllerActionInvoker.<>c__DisplayClass21.<BeginInvokeAction>b__1e(IAsyncResult asyncResult)
   em System.Web.Mvc.Async.AsyncResultWrapper.WrappedAsyncResult`1.CallEndDelegate(IAsyncResult asyncResult)
   em System.Web.Mvc.Async.AsyncResultWrapper.WrappedAsyncResultBase`1.End()
   em System.Web.Mvc.Async.AsyncResultWrapper.End[TResult](IAsyncResult asyncResult, Object tag)
   em System.Web.Mvc.Async.AsyncControllerActionInvoker.EndInvokeAction(IAsyncResult asyncResult)
   em System.Web.Mvc.Controller.<BeginExecuteCore>b__1d(IAsyncResult asyncResult, ExecuteCoreState innerState)
   em System.Web.Mvc.Async.AsyncResultWrapper.WrappedAsyncVoid`1.CallEndDelegate(IAsyncResult asyncResult)
   em System.Web.Mvc.Async.AsyncResultWrapper.WrappedAsyncResultBase`1.End()
   em System.Web.Mvc.Async.AsyncResultWrapper.End[TResult](IAsyncResult asyncResult, Object tag)
   em System.Web.Mvc.Async.AsyncResultWrapper.End(IAsyncResult asyncResult, Object tag)
   em System.Web.Mvc.Controller.EndExecuteCore(IAsyncResult asyncResult)
   em System.Web.Mvc.Controller.<BeginExecute>b__15(IAsyncResult asyncResult, Controller controller)
   em System.Web.Mvc.Async.AsyncResultWrapper.WrappedAsyncVoid`1.CallEndDelegate(IAsyncResult asyncResult)
   em System.Web.Mvc.Async.AsyncResultWrapper.WrappedAsyncResultBase`1.End()
   em System.Web.Mvc.Async.AsyncResultWrapper.End[TResult](IAsyncResult asyncResult, Object tag)
   em System.Web.Mvc.Async.AsyncResultWrapper.End(IAsyncResult asyncResult, Object tag)
   em System.Web.Mvc.Controller.EndExecute(IAsyncResult asyncResult)
   em System.Web.Mvc.Controller.System.Web.Mvc.Async.IAsyncController.EndExecute(IAsyncResult asyncResult)
   em System.Web.Mvc.MvcHandler.<BeginProcessRequest>b__5(IAsyncResult asyncResult, ProcessRequestState innerState)
   em System.Web.Mvc.Async.AsyncResultWrapper.WrappedAsyncVoid`1.CallEndDelegate(IAsyncResult asyncResult)
   em System.Web.Mvc.Async.AsyncResultWrapper.WrappedAsyncResultBase`1.End()
   em System.Web.Mvc.Async.AsyncResultWrapper.End[TResult](IAsyncResult asyncResult, Object tag)
   em System.Web.Mvc.Async.AsyncResultWrapper.End(IAsyncResult asyncResult, Object tag)
   em System.Web.Mvc.MvcHandler.EndProcessRequest(IAsyncResult asyncResult)
   em System.Web.Mvc.MvcHandler.System.Web.IHttpAsyncHandler.EndProcessRequest(IAsyncResult result)
   em System.Web.HttpApplication.CallHandlerExecutionStep.System.Web.HttpApplication.IExecutionStep.Execute()
   em System.Web.HttpApplication.ExecuteStep(IExecutionStep step, Boolean& completedSynchronously)
2017-01-30 17:17:11,436 [49] ERROR WebForLink.Web.Filters.BreadCrumbAttribute - Controller: Convite, Action: PaginaInicial, UsuarioId: 351
2017-01-30 17:17:11,442 [49] ERROR WebForLink.Web.Controllers.ConviteController - WebForLink.Domain.Infrastructure.CriptografiaException: Erro ao Descriptografar ---> System.FormatException: Comprimento inválido para uma matriz ou uma cadeia de caracteres de Base 64.
   em System.Convert.FromBase64_Decode(Char* startInputPtr, Int32 inputLength, Byte* startDestPtr, Int32 destLength)
   em System.Convert.FromBase64CharPtr(Char* inputPtr, Int32 inputLength)
   em System.Convert.FromBase64String(String s)
   em WebForLink.Domain.Infrastructure.Criptografia.Descriptografar() na C:\RepositorioTFS\WEBFORLINKv2\Code\WebForLink\WebForLink.Domain\Services\ChMasterData\Criptografia.cs:linha 79
   --- Fim do rastreamento de pilha de exceções internas ---
   em WebForLink.Domain.Infrastructure.Criptografia.Descriptografar() na C:\RepositorioTFS\WEBFORLINKv2\Code\WebForLink\WebForLink.Domain\Services\ChMasterData\Criptografia.cs:linha 89
   em WebForLink.Domain.Infrastructure.Criptografia.ReadUrl(String pUrl, String key) na C:\RepositorioTFS\WEBFORLINKv2\Code\WebForLink\WebForLink.Domain\Services\ChMasterData\Criptografia.cs:linha 150
   em WebForLink.Domain.Infrastructure.Criptografia..ctor(EnumCripto tipo, String palavra, String chave) na C:\RepositorioTFS\WEBFORLINKv2\Code\WebForLink\WebForLink.Domain\Services\ChMasterData\Criptografia.cs:linha 53
   em WebForLink.Application.Services.SolicitacaoAppService.DescriptografarLinkConvite(String chaveUrl) na C:\RepositorioTFS\WEBFORLINKv2\Code\WebForLink\WebForLink.Service\Services\SolicitacaoDocumentoService.cs:linha 38
   em WebForLink.Web.Controllers.ConviteController.PaginaInicial(String chave, SolicitacaoConviteVM model) na C:\RepositorioTFS\WEBFORLINKv2\Code\WebForLink\WebForLink.Web\Controllers\ConviteController.cs:linha 60
2017-01-30 17:17:11,461 [57] ERROR WebForLink.Web.Filters.BreadCrumbAttribute - Controller: Convite, Action: Index, UsuarioId: 351
2017-01-30 17:17:16,083 [46] ERROR WebForLink.Web.Filters.BreadCrumbAttribute - Controller: MeusDocumentos, Action: enviarlst, UsuarioId: 351
2017-01-30 17:17:19,517 [57] ERROR WebForLink.Web.Filters.BreadCrumbAttribute - Controller: Destinatario, Action: destinatariolst, UsuarioId: 351
2017-01-30 17:17:19,518 [57] ERROR WebForLink.Web.Infrastructure.WebForLinkFilter - filterContext
System.Exception: OnActionExecuting(ActionExecutingContext filterContext)
2017-01-30 17:17:19,585 [57] ERROR WebForLink.Web.Infrastructure.WebForLinkFilter - filterContext
System.Exception: OnActionExecuted(ActionExecutedContext filterContext)
2017-01-30 17:17:19,586 [57] ERROR WebForLink.Web.Infrastructure.WebForLinkFilter - filterContext
System.Exception: OnResultExecuting(ResultExecutingContext filterContext)
2017-01-30 17:17:19,595 [57] ERROR WebForLink.Web.Infrastructure.WebForLinkFilter - filterContext
System.Exception: OnResultExecuted(ResultExecutedContext filterContext)
2017-01-30 17:25:51,709 [55] ERROR WebForLink.Web.MvcApplication - Referência de objeto não definida para uma instância de um objeto.
2017-01-30 17:25:51,712 [55] ERROR WebForLink.Web.MvcApplication - Referência de objeto não definida para uma instância de um objeto.
