2017-01-05 14:30:18,889 [12] ERROR WebForLink.Web.Filters.BreadCrumbAttribute - Controller: Convite, Action: PaginaInicial, UsuarioId: 0
2017-01-05 14:30:27,046 [13] ERROR WebForLink.Web.Filters.BreadCrumbAttribute - Controller: Convite, Action: FinalizarSolicitacao, UsuarioId: 0
2017-01-05 14:30:41,735 [12] ERROR WebForLink.Web.Filters.BreadCrumbAttribute - Controller: Convite, Action: FinalizarSolicitacao, UsuarioId: 0
2017-01-05 14:33:38,031 [18] ERROR WebForLink.Web.Filters.BreadCrumbAttribute - Controller: Convite, Action: PaginaInicial, UsuarioId: 0
2017-01-05 14:34:00,610 [18] ERROR WebForLink.Web.Controllers.ConviteController - System.Data.Entity.Core.EntityException: The underlying provider failed on Open. ---> System.Data.SqlClient.SqlException: Erro de rede ou específico à instância ao estabelecer conexão com o SQL Server. O servidor não foi encontrado ou não estava acessível. Verifique se o nome da instância está correto e se o SQL Server está configurado para permitir conexões remotas. (provider: Named Pipes Provider, error: 40 - Não foi possível abrir uma conexão com o SQL Server) ---> System.ComponentModel.Win32Exception: O caminho da rede não foi encontrado
   --- Fim do rastreamento de pilha de exceções internas ---
   em System.Data.SqlClient.SqlInternalConnectionTds..ctor(DbConnectionPoolIdentity identity, SqlConnectionString connectionOptions, SqlCredential credential, Object providerInfo, String newPassword, SecureString newSecurePassword, Boolean redirectedUserInstance, SqlConnectionString userConnectionOptions, SessionData reconnectSessionData, DbConnectionPool pool, String accessToken, Boolean applyTransientFaultHandling)
   em System.Data.SqlClient.SqlConnectionFactory.CreateConnection(DbConnectionOptions options, DbConnectionPoolKey poolKey, Object poolGroupProviderInfo, DbConnectionPool pool, DbConnection owningConnection, DbConnectionOptions userOptions)
   em System.Data.ProviderBase.DbConnectionFactory.CreatePooledConnection(DbConnectionPool pool, DbConnection owningObject, DbConnectionOptions options, DbConnectionPoolKey poolKey, DbConnectionOptions userOptions)
   em System.Data.ProviderBase.DbConnectionPool.CreateObject(DbConnection owningObject, DbConnectionOptions userOptions, DbConnectionInternal oldConnection)
   em System.Data.ProviderBase.DbConnectionPool.UserCreateRequest(DbConnection owningObject, DbConnectionOptions userOptions, DbConnectionInternal oldConnection)
   em System.Data.ProviderBase.DbConnectionPool.TryGetConnection(DbConnection owningObject, UInt32 waitForMultipleObjectsTimeout, Boolean allowCreate, Boolean onlyOneCheckConnection, DbConnectionOptions userOptions, DbConnectionInternal& connection)
   em System.Data.ProviderBase.DbConnectionPool.TryGetConnection(DbConnection owningObject, TaskCompletionSource`1 retry, DbConnectionOptions userOptions, DbConnectionInternal& connection)
   em System.Data.ProviderBase.DbConnectionFactory.TryGetConnection(DbConnection owningConnection, TaskCompletionSource`1 retry, DbConnectionOptions userOptions, DbConnectionInternal oldConnection, DbConnectionInternal& connection)
   em System.Data.ProviderBase.DbConnectionInternal.TryOpenConnectionInternal(DbConnection outerConnection, DbConnectionFactory connectionFactory, TaskCompletionSource`1 retry, DbConnectionOptions userOptions)
   em System.Data.ProviderBase.DbConnectionClosed.TryOpenConnection(DbConnection outerConnection, DbConnectionFactory connectionFactory, TaskCompletionSource`1 retry, DbConnectionOptions userOptions)
   em System.Data.SqlClient.SqlConnection.TryOpenInner(TaskCompletionSource`1 retry)
   em System.Data.SqlClient.SqlConnection.TryOpen(TaskCompletionSource`1 retry)
   em System.Data.SqlClient.SqlConnection.Open()
   em System.Data.Entity.Infrastructure.Interception.DbConnectionDispatcher.<Open>b__36(DbConnection t, DbConnectionInterceptionContext c)
   em System.Data.Entity.Infrastructure.Interception.InternalDispatcher`1.Dispatch[TTarget,TInterceptionContext](TTarget target, Action`2 operation, TInterceptionContext interceptionContext, Action`3 executing, Action`3 executed)
   em System.Data.Entity.Infrastructure.Interception.DbConnectionDispatcher.Open(DbConnection connection, DbInterceptionContext interceptionContext)
   em System.Data.Entity.Core.EntityClient.EntityConnection.<Open>b__2()
   em System.Data.Entity.SqlServer.DefaultSqlExecutionStrategy.<>c__DisplayClass1.<Execute>b__0()
   em System.Data.Entity.SqlServer.DefaultSqlExecutionStrategy.Execute[TResult](Func`1 operation)
   em System.Data.Entity.SqlServer.DefaultSqlExecutionStrategy.Execute(Action operation)
   em System.Data.Entity.Core.EntityClient.EntityConnection.Open()
   --- Fim do rastreamento de pilha de exceções internas ---
   em System.Data.Entity.Core.EntityClient.EntityConnection.Open()
   em System.Data.Entity.Core.Objects.ObjectContext.EnsureConnection(Boolean shouldMonitorTransactions)
   em System.Data.Entity.Core.Objects.ObjectContext.ExecuteInTransaction[T](Func`1 func, IDbExecutionStrategy executionStrategy, Boolean startLocalTransaction, Boolean releaseConnectionOnSuccess)
   em System.Data.Entity.Core.Objects.ObjectQuery`1.<>c__DisplayClass7.<GetResults>b__5()
   em System.Data.Entity.SqlServer.DefaultSqlExecutionStrategy.Execute[TResult](Func`1 operation)
   em System.Data.Entity.Core.Objects.ObjectQuery`1.GetResults(Nullable`1 forMergeOption)
   em System.Data.Entity.Core.Objects.ObjectQuery`1.<System.Collections.Generic.IEnumerable<T>.GetEnumerator>b__0()
   em System.Data.Entity.Internal.LazyEnumerator`1.MoveNext()
   em System.Linq.Enumerable.SingleOrDefault[TSource](IEnumerable`1 source)
   em System.Data.Entity.Core.Objects.ELinq.ObjectQueryProvider.<GetElementFunction>b__2[TResult](IEnumerable`1 sequence)
   em System.Data.Entity.Core.Objects.ELinq.ObjectQueryProvider.ExecuteSingle[TResult](IEnumerable`1 query, Expression queryRoot)
   em System.Data.Entity.Core.Objects.ELinq.ObjectQueryProvider.System.Linq.IQueryProvider.Execute[TResult](Expression expression)
   em System.Linq.Queryable.SingleOrDefault[TSource](IQueryable`1 source)
   em System.Data.Entity.Internal.Linq.InternalSet`1.FindInStore(WrappedEntityKey key, String keyValuesParamName)
   em System.Data.Entity.Internal.Linq.InternalSet`1.Find(Object[] keyValues)
   em System.Data.Entity.DbSet`1.Find(Object[] keyValues)
   em WebForLink.Data.Repository.EntityFramework.Common.EntityFrameworkRepository`2.Get(Int32 id) na C:\RepositorioTFS\WEBFORLINKv2\Code\WebForLink\WebForLink.Repository\EntityFramework\Common\Repository.cs:linha 88
   em WebForLink.Domain.Services.Common.Service`1.Get(Int32 id, Boolean readonly) na C:\RepositorioTFS\WEBFORLINKv2\Code\WebForLink\WebForLink.Domain\Services\Common\Service.cs:linha 63
   em WebForLink.Application.Services.SolicitacaoAppService.Get(Int32 id, Boolean readonly) na C:\RepositorioTFS\WEBFORLINKv2\Code\WebForLink\WebForLink.Service\Services\SolicitacaoDocumentoService.cs:linha 67
   em WebForLink.Web.Controllers.ConviteController.PaginaInicial(String chave, SolicitacaoConviteVM model) na C:\RepositorioTFS\WEBFORLINKv2\Code\WebForLink\WebForLink.Web\Controllers\ConviteController.cs:linha 59
2017-01-05 14:34:00,630 [18] ERROR WebForLink.Web.Filters.BreadCrumbAttribute - Controller: Convite, Action: Index, UsuarioId: 0
2017-01-05 14:34:23,267 [16] ERROR WebForLink.Web.Filters.BreadCrumbAttribute - Controller: Convite, Action: PaginaInicial, UsuarioId: 0
2017-01-05 14:34:29,544 [10] ERROR WebForLink.Web.Filters.BreadCrumbAttribute - Controller: Convite, Action: FinalizarSolicitacao, UsuarioId: 0
2017-01-05 14:34:39,809 [16] ERROR WebForLink.Web.Filters.BreadCrumbAttribute - Controller: Convite, Action: FinalizarSolicitacao, UsuarioId: 0
2017-01-05 14:35:34,460 [10] ERROR WebForLink.Web.Filters.BreadCrumbAttribute - Controller: Convite, Action: PaginaInicial, UsuarioId: 0
2017-01-05 14:35:42,813 [16] ERROR WebForLink.Web.Filters.BreadCrumbAttribute - Controller: Convite, Action: PaginaInicial, UsuarioId: 0
2017-01-05 14:35:47,658 [23] ERROR WebForLink.Web.Filters.BreadCrumbAttribute - Controller: Convite, Action: FinalizarSolicitacao, UsuarioId: 0
2017-01-05 14:35:53,707 [23] ERROR WebForLink.Web.Filters.BreadCrumbAttribute - Controller: Convite, Action: PaginaInicial, UsuarioId: 0
2017-01-05 14:36:07,675 [17] ERROR WebForLink.Web.Filters.BreadCrumbAttribute - Controller: Convite, Action: FinalizarSolicitacao, UsuarioId: 0
2017-01-05 14:36:14,766 [17] ERROR WebForLink.Web.Filters.BreadCrumbAttribute - Controller: Convite, Action: PaginaInicial, UsuarioId: 0
2017-01-05 14:36:28,987 [17] ERROR WebForLink.Web.Filters.BreadCrumbAttribute - Controller: Convite, Action: FinalizarSolicitacao, UsuarioId: 0
2017-01-05 14:45:49,513 [33] ERROR WebForLink.Web.Filters.BreadCrumbAttribute - Controller: Convite, Action: PaginaInicial, UsuarioId: 0
2017-01-05 14:46:10,261 [30] ERROR WebForLink.Web.Filters.BreadCrumbAttribute - Controller: Convite, Action: FinalizarSolicitacao, UsuarioId: 0
2017-01-05 14:46:12,348 [40] ERROR WebForLink.Web.Filters.BreadCrumbAttribute - Controller: Convite, Action: GetDocumentosAnexados, UsuarioId: 0
2017-01-05 14:46:20,567 [30] ERROR WebForLink.Web.Filters.BreadCrumbAttribute - Controller: Convite, Action: GetGameListing, UsuarioId: 0
2017-01-05 14:46:26,177 [40] ERROR WebForLink.Web.Filters.BreadCrumbAttribute - Controller: Convite, Action: AdicionarDadosContatos, UsuarioId: 0
2017-01-05 14:46:31,902 [40] ERROR WebForLink.Web.Filters.BreadCrumbAttribute - Controller: Convite, Action: AdicionarDadosBancarios, UsuarioId: 0
2017-01-05 14:46:42,233 [40] ERROR WebForLink.Web.Filters.BreadCrumbAttribute - Controller: Convite, Action: _ConviteForm, UsuarioId: 0
2017-01-05 14:46:52,887 [40] ERROR WebForLink.Web.Filters.BreadCrumbAttribute - Controller: Convite, Action: FinalizarSolicitacao, UsuarioId: 0
2017-01-05 14:47:06,517 [32] ERROR WebForLink.Web.Filters.BreadCrumbAttribute - Controller: Convite, Action: FinalizarSolicitacao, UsuarioId: 0
2017-01-05 14:47:31,101 [40] ERROR WebForLink.Web.Filters.BreadCrumbAttribute - Controller: Convite, Action: PaginaInicial, UsuarioId: 0
2017-01-05 14:47:53,184 [32] ERROR WebForLink.Web.Filters.BreadCrumbAttribute - Controller: Convite, Action: PaginaInicial, UsuarioId: 0
2017-01-05 14:50:04,236 [29] ERROR WebForLink.Web.Filters.BreadCrumbAttribute - Controller: Convite, Action: PaginaInicial, UsuarioId: 0
2017-01-05 14:50:13,973 [29] ERROR WebForLink.Web.Filters.BreadCrumbAttribute - Controller: Convite, Action: FinalizarSolicitacao, UsuarioId: 0
2017-01-05 14:50:33,495 [28] ERROR WebForLink.Web.Filters.BreadCrumbAttribute - Controller: Convite, Action: PaginaInicial, UsuarioId: 0
2017-01-05 14:51:07,773 [9] ERROR WebForLink.Web.Filters.BreadCrumbAttribute - Controller: Convite, Action: PaginaInicial, UsuarioId: 0
2017-01-05 14:51:20,169 [39] ERROR WebForLink.Web.Filters.BreadCrumbAttribute - Controller: Convite, Action: PaginaInicial, UsuarioId: 0
2017-01-05 14:51:50,352 [39] ERROR WebForLink.Web.Controllers.ConviteController - System.Data.Entity.Core.EntityCommandExecutionException: An error occurred while executing the command definition. See the inner exception for details. ---> System.Data.SqlClient.SqlException: Timeout expirado. O timeout esgotou antes da conclusão da operação ou o servidor não está respondendo. ---> System.ComponentModel.Win32Exception: O tempo limite de espera foi atingido
   --- Fim do rastreamento de pilha de exceções internas ---
   em System.Data.SqlClient.SqlInternalConnection.OnError(SqlException exception, Boolean breakConnection, Action`1 wrapCloseInAction)
   em System.Data.SqlClient.TdsParser.ThrowExceptionAndWarning(TdsParserStateObject stateObj, Boolean callerHasConnectionLock, Boolean asyncClose)
   em System.Data.SqlClient.TdsParserStateObject.ReadSniError(TdsParserStateObject stateObj, UInt32 error)
   em System.Data.SqlClient.TdsParserStateObject.ReadSniSyncOverAsync()
   em System.Data.SqlClient.TdsParserStateObject.TryReadNetworkPacket()
   em System.Data.SqlClient.TdsParserStateObject.TryPrepareBuffer()
   em System.Data.SqlClient.TdsParserStateObject.TryReadByte(Byte& value)
   em System.Data.SqlClient.TdsParser.TryRun(RunBehavior runBehavior, SqlCommand cmdHandler, SqlDataReader dataStream, BulkCopySimpleResultSet bulkCopyHandler, TdsParserStateObject stateObj, Boolean& dataReady)
   em System.Data.SqlClient.SqlDataReader.TryConsumeMetaData()
   em System.Data.SqlClient.SqlDataReader.get_MetaData()
   em System.Data.SqlClient.SqlCommand.FinishExecuteReader(SqlDataReader ds, RunBehavior runBehavior, String resetOptionsString)
   em System.Data.SqlClient.SqlCommand.RunExecuteReaderTds(CommandBehavior cmdBehavior, RunBehavior runBehavior, Boolean returnStream, Boolean async, Int32 timeout, Task& task, Boolean asyncWrite, SqlDataReader ds, Boolean describeParameterEncryptionRequest)
   em System.Data.SqlClient.SqlCommand.RunExecuteReader(CommandBehavior cmdBehavior, RunBehavior runBehavior, Boolean returnStream, String method, TaskCompletionSource`1 completion, Int32 timeout, Task& task, Boolean asyncWrite)
   em System.Data.SqlClient.SqlCommand.RunExecuteReader(CommandBehavior cmdBehavior, RunBehavior runBehavior, Boolean returnStream, String method)
   em System.Data.SqlClient.SqlCommand.ExecuteReader(CommandBehavior behavior, String method)
   em System.Data.SqlClient.SqlCommand.ExecuteDbDataReader(CommandBehavior behavior)
   em System.Data.Common.DbCommand.ExecuteReader(CommandBehavior behavior)
   em System.Data.Entity.Infrastructure.Interception.DbCommandDispatcher.<Reader>b__c(DbCommand t, DbCommandInterceptionContext`1 c)
   em System.Data.Entity.Infrastructure.Interception.InternalDispatcher`1.Dispatch[TTarget,TInterceptionContext,TResult](TTarget target, Func`3 operation, TInterceptionContext interceptionContext, Action`3 executing, Action`3 executed)
   em System.Data.Entity.Infrastructure.Interception.DbCommandDispatcher.Reader(DbCommand command, DbCommandInterceptionContext interceptionContext)
   em System.Data.Entity.Internal.InterceptableDbCommand.ExecuteDbDataReader(CommandBehavior behavior)
   em System.Data.Common.DbCommand.ExecuteReader(CommandBehavior behavior)
   em System.Data.Entity.Core.EntityClient.Internal.EntityCommandDefinition.ExecuteStoreCommands(EntityCommand entityCommand, CommandBehavior behavior)
   --- Fim do rastreamento de pilha de exceções internas ---
   em System.Data.Entity.Core.EntityClient.Internal.EntityCommandDefinition.ExecuteStoreCommands(EntityCommand entityCommand, CommandBehavior behavior)
   em System.Data.Entity.Core.Objects.Internal.ObjectQueryExecutionPlan.Execute[TResultType](ObjectContext context, ObjectParameterCollection parameterValues)
   em System.Data.Entity.Core.Objects.ObjectQuery`1.<>c__DisplayClass7.<GetResults>b__6()
   em System.Data.Entity.Core.Objects.ObjectContext.ExecuteInTransaction[T](Func`1 func, IDbExecutionStrategy executionStrategy, Boolean startLocalTransaction, Boolean releaseConnectionOnSuccess)
   em System.Data.Entity.Core.Objects.ObjectQuery`1.<>c__DisplayClass7.<GetResults>b__5()
   em System.Data.Entity.SqlServer.DefaultSqlExecutionStrategy.Execute[TResult](Func`1 operation)
   em System.Data.Entity.Core.Objects.ObjectQuery`1.GetResults(Nullable`1 forMergeOption)
   em System.Data.Entity.Core.Objects.ObjectQuery`1.<System.Collections.Generic.IEnumerable<T>.GetEnumerator>b__0()
   em System.Data.Entity.Internal.LazyEnumerator`1.MoveNext()
   em System.Linq.Enumerable.SingleOrDefault[TSource](IEnumerable`1 source)
   em System.Data.Entity.Core.Objects.ELinq.ObjectQueryProvider.<GetElementFunction>b__2[TResult](IEnumerable`1 sequence)
   em System.Data.Entity.Core.Objects.ELinq.ObjectQueryProvider.ExecuteSingle[TResult](IEnumerable`1 query, Expression queryRoot)
   em System.Data.Entity.Core.Objects.ELinq.ObjectQueryProvider.System.Linq.IQueryProvider.Execute[TResult](Expression expression)
   em System.Linq.Queryable.SingleOrDefault[TSource](IQueryable`1 source)
   em System.Data.Entity.Internal.Linq.InternalSet`1.FindInStore(WrappedEntityKey key, String keyValuesParamName)
   em System.Data.Entity.Internal.Linq.InternalSet`1.Find(Object[] keyValues)
   em System.Data.Entity.DbSet`1.Find(Object[] keyValues)
   em WebForLink.Data.Repository.EntityFramework.Common.EntityFrameworkRepository`2.Get(Int32 id) na C:\RepositorioTFS\WEBFORLINKv2\Code\WebForLink\WebForLink.Repository\EntityFramework\Common\Repository.cs:linha 88
   em WebForLink.Domain.Services.Common.Service`1.Get(Int32 id, Boolean readonly) na C:\RepositorioTFS\WEBFORLINKv2\Code\WebForLink\WebForLink.Domain\Services\Common\Service.cs:linha 63
   em WebForLink.Application.Services.SolicitacaoAppService.Get(Int32 id, Boolean readonly) na C:\RepositorioTFS\WEBFORLINKv2\Code\WebForLink\WebForLink.Service\Services\SolicitacaoDocumentoService.cs:linha 67
   em WebForLink.Web.Controllers.ConviteController.PaginaInicial(String chave, SolicitacaoConviteVM model) na C:\RepositorioTFS\WEBFORLINKv2\Code\WebForLink\WebForLink.Web\Controllers\ConviteController.cs:linha 59
2017-01-05 14:51:50,382 [43] ERROR WebForLink.Web.Filters.BreadCrumbAttribute - Controller: Convite, Action: Index, UsuarioId: 0
2017-01-05 14:52:06,826 [23] ERROR WebForLink.Web.Filters.BreadCrumbAttribute - Controller: Convite, Action: PaginaInicial, UsuarioId: 0
2017-01-05 14:52:14,722 [41] ERROR WebForLink.Web.Filters.BreadCrumbAttribute - Controller: Convite, Action: FinalizarSolicitacao, UsuarioId: 0
2017-01-05 14:55:45,166 [33] ERROR WebForLink.Web.MvcApplication - Referência de objeto não definida para uma instância de um objeto.
2017-01-05 14:56:09,086 [1] ERROR WebForLink.Web.MvcApplication - Aplicação Iniciada
2017-01-05 14:56:12,177 [1] ERROR WebForLink.Web.Mappers.MappingProfile - 
Unmapped members were found. Review the types and members below.
Add a custom mapping expression, ignore, add a custom resolver, or modify the source/destination type
============================================================================
Endereco -> EnderecoVM (Destination member list)
WebForLink.Domain.Entities.Endereco -> WebForLink.Web.ViewModels.EnderecoVM (Destination member list)

Unmapped properties:
TipoList
EstadosList
=================================================================================================
DocumentosSolicitacao -> DocumentoAnexadoVM (Destination member list)
WebForLink.Domain.Entities.DocumentosSolicitacao -> WebForLink.Web.ViewModels.DocumentoAnexadoVM (Destination member list)

Unmapped properties:
IdFichaCadastral
Validade
==========================================================================
ContatoVM -> Contato (Destination member list)
WebForLink.Web.ViewModels.ContatoVM -> WebForLink.Domain.Entities.Contato (Destination member list)

Unmapped properties:
FichaCadastral
ValidationResult
=============================================================================================
EnviarEmailSolicitacaoVM -> Solicitacao (Destination member list)
WebForLink.Web.ViewModels.EnviarEmailSolicitacaoVM -> WebForLink.Domain.Entities.Solicitacao (Destination member list)

Unmapped properties:
Id
IdSolicitante
IdSolicitado
IdFichaCadastral
StatusSolicitacao
DataCriacao
DataReenvio
DataCancelamento
DataVisualizado
FichaCadastralObrigatoria
DocumentosSolicitacao
FichaCadastral
Solicitado
Solicitante
ValidationResult
======================================================================
Banco -> BancoVM (Destination member list)
WebForLink.Domain.Entities.Banco -> WebForLink.Web.ViewModels.BancoVM (Destination member list)

Unmapped properties:
Arquivo
ArquivoDescricao
BancoList
======================================================================
BancoVM -> Banco (Destination member list)
WebForLink.Web.ViewModels.BancoVM -> WebForLink.Domain.Entities.Banco (Destination member list)

Unmapped properties:
FichaCadastral
ValidationResult
=========================================================================================
SolicitacaoConviteVM -> Solicitacao (Destination member list)
WebForLink.Web.ViewModels.SolicitacaoConviteVM -> WebForLink.Domain.Entities.Solicitacao (Destination member list)

Unmapped properties:
IdSolicitante
IdSolicitado
StatusSolicitacao
DataCriacao
DataReenvio
DataCancelamento
DataVisualizado
FichaCadastralObrigatoria
DocumentosSolicitacao
Solicitado
Solicitante
ValidationResult
========================================================================================
FichaCadastralVM -> FichaCadastral (Destination member list)
WebForLink.Web.ViewModels.FichaCadastralVM -> WebForLink.Domain.Entities.FichaCadastral (Destination member list)

Unmapped properties:
Solicitacoes
Solicitacao
ValidationResult
============================================================================
EnderecoVM -> Endereco (Destination member list)
WebForLink.Web.ViewModels.EnderecoVM -> WebForLink.Domain.Entities.Endereco (Destination member list)

Unmapped properties:
FichaCadastral
ValidationResult
=========================================================================================
Solicitacao -> SolicitacaoConviteVM (Destination member list)
WebForLink.Domain.Entities.Solicitacao -> WebForLink.Web.ViewModels.SolicitacaoConviteVM (Destination member list)

Unmapped properties:
NomeFantasia
IdCriptografado
========================================================================================
FichaCadastral -> FichaCadastralVM (Destination member list)
WebForLink.Domain.Entities.FichaCadastral -> WebForLink.Web.ViewModels.FichaCadastralVM (Destination member list)

Unmapped properties:
ContratanteID

2017-01-05 14:56:14,601 [24] ERROR WebForLink.Web.Filters.BreadCrumbAttribute - Controller: Convite, Action: Index, UsuarioId: 0
2017-01-05 14:56:15,342 [33] ERROR WebForLink.Web.Filters.BreadCrumbAttribute - Controller: Convite, Action: PaginaInicial, UsuarioId: 0
2017-01-05 14:56:39,294 [33] ERROR WebForLink.Web.Controllers.ConviteController - System.Data.Entity.Core.EntityException: The underlying provider failed on Open. ---> System.Data.SqlClient.SqlException: Erro de rede ou específico à instância ao estabelecer conexão com o SQL Server. O servidor não foi encontrado ou não estava acessível. Verifique se o nome da instância está correto e se o SQL Server está configurado para permitir conexões remotas. (provider: Named Pipes Provider, error: 40 - Não foi possível abrir uma conexão com o SQL Server) ---> System.ComponentModel.Win32Exception: O caminho da rede não foi encontrado
   --- Fim do rastreamento de pilha de exceções internas ---
   em System.Data.ProviderBase.DbConnectionPool.TryGetConnection(DbConnection owningObject, UInt32 waitForMultipleObjectsTimeout, Boolean allowCreate, Boolean onlyOneCheckConnection, DbConnectionOptions userOptions, DbConnectionInternal& connection)
   em System.Data.ProviderBase.DbConnectionPool.TryGetConnection(DbConnection owningObject, TaskCompletionSource`1 retry, DbConnectionOptions userOptions, DbConnectionInternal& connection)
   em System.Data.ProviderBase.DbConnectionFactory.TryGetConnection(DbConnection owningConnection, TaskCompletionSource`1 retry, DbConnectionOptions userOptions, DbConnectionInternal oldConnection, DbConnectionInternal& connection)
   em System.Data.ProviderBase.DbConnectionInternal.TryOpenConnectionInternal(DbConnection outerConnection, DbConnectionFactory connectionFactory, TaskCompletionSource`1 retry, DbConnectionOptions userOptions)
   em System.Data.ProviderBase.DbConnectionClosed.TryOpenConnection(DbConnection outerConnection, DbConnectionFactory connectionFactory, TaskCompletionSource`1 retry, DbConnectionOptions userOptions)
   em System.Data.SqlClient.SqlConnection.TryOpenInner(TaskCompletionSource`1 retry)
   em System.Data.SqlClient.SqlConnection.TryOpen(TaskCompletionSource`1 retry)
   em System.Data.SqlClient.SqlConnection.Open()
   em System.Data.Entity.Infrastructure.Interception.DbConnectionDispatcher.<Open>b__36(DbConnection t, DbConnectionInterceptionContext c)
   em System.Data.Entity.Infrastructure.Interception.InternalDispatcher`1.Dispatch[TTarget,TInterceptionContext](TTarget target, Action`2 operation, TInterceptionContext interceptionContext, Action`3 executing, Action`3 executed)
   em System.Data.Entity.Infrastructure.Interception.DbConnectionDispatcher.Open(DbConnection connection, DbInterceptionContext interceptionContext)
   em System.Data.Entity.Core.EntityClient.EntityConnection.<Open>b__2()
   em System.Data.Entity.SqlServer.DefaultSqlExecutionStrategy.<>c__DisplayClass1.<Execute>b__0()
   em System.Data.Entity.SqlServer.DefaultSqlExecutionStrategy.Execute[TResult](Func`1 operation)
   em System.Data.Entity.SqlServer.DefaultSqlExecutionStrategy.Execute(Action operation)
   em System.Data.Entity.Core.EntityClient.EntityConnection.Open()
   --- Fim do rastreamento de pilha de exceções internas ---
   em System.Data.Entity.Core.EntityClient.EntityConnection.Open()
   em System.Data.Entity.Core.Objects.ObjectContext.EnsureConnection(Boolean shouldMonitorTransactions)
   em System.Data.Entity.Core.Objects.ObjectContext.ExecuteInTransaction[T](Func`1 func, IDbExecutionStrategy executionStrategy, Boolean startLocalTransaction, Boolean releaseConnectionOnSuccess)
   em System.Data.Entity.Core.Objects.ObjectQuery`1.<>c__DisplayClass7.<GetResults>b__5()
   em System.Data.Entity.SqlServer.DefaultSqlExecutionStrategy.Execute[TResult](Func`1 operation)
   em System.Data.Entity.Core.Objects.ObjectQuery`1.GetResults(Nullable`1 forMergeOption)
   em System.Data.Entity.Core.Objects.ObjectQuery`1.<System.Collections.Generic.IEnumerable<T>.GetEnumerator>b__0()
   em System.Data.Entity.Internal.LazyEnumerator`1.MoveNext()
   em System.Linq.Enumerable.SingleOrDefault[TSource](IEnumerable`1 source)
   em System.Data.Entity.Core.Objects.ELinq.ObjectQueryProvider.<GetElementFunction>b__2[TResult](IEnumerable`1 sequence)
   em System.Data.Entity.Core.Objects.ELinq.ObjectQueryProvider.ExecuteSingle[TResult](IEnumerable`1 query, Expression queryRoot)
   em System.Data.Entity.Core.Objects.ELinq.ObjectQueryProvider.System.Linq.IQueryProvider.Execute[TResult](Expression expression)
   em System.Linq.Queryable.SingleOrDefault[TSource](IQueryable`1 source)
   em System.Data.Entity.Internal.Linq.InternalSet`1.FindInStore(WrappedEntityKey key, String keyValuesParamName)
   em System.Data.Entity.Internal.Linq.InternalSet`1.Find(Object[] keyValues)
   em System.Data.Entity.DbSet`1.Find(Object[] keyValues)
   em WebForLink.Data.Repository.EntityFramework.Common.EntityFrameworkRepository`2.Get(Int32 id) na C:\RepositorioTFS\WEBFORLINKv2\Code\WebForLink\WebForLink.Repository\EntityFramework\Common\Repository.cs:linha 88
   em WebForLink.Domain.Services.Common.Service`1.Get(Int32 id, Boolean readonly) na C:\RepositorioTFS\WEBFORLINKv2\Code\WebForLink\WebForLink.Domain\Services\Common\Service.cs:linha 63
   em WebForLink.Application.Services.SolicitacaoAppService.Get(Int32 id, Boolean readonly) na C:\RepositorioTFS\WEBFORLINKv2\Code\WebForLink\WebForLink.Service\Services\SolicitacaoDocumentoService.cs:linha 67
   em WebForLink.Web.Controllers.ConviteController.PaginaInicial(String chave, SolicitacaoConviteVM model) na C:\RepositorioTFS\WEBFORLINKv2\Code\WebForLink\WebForLink.Web\Controllers\ConviteController.cs:linha 59
2017-01-05 14:56:39,319 [40] ERROR WebForLink.Web.Filters.BreadCrumbAttribute - Controller: Convite, Action: Index, UsuarioId: 0
2017-01-05 14:57:10,565 [32] ERROR WebForLink.Web.Filters.BreadCrumbAttribute - Controller: Convite, Action: Index, UsuarioId: 0
2017-01-05 14:57:19,495 [24] ERROR WebForLink.Web.Filters.BreadCrumbAttribute - Controller: Convite, Action: PaginaInicial, UsuarioId: 0
2017-01-05 14:57:57,493 [33] ERROR WebForLink.Web.Filters.BreadCrumbAttribute - Controller: Convite, Action: FinalizarSolicitacao, UsuarioId: 0
2017-01-05 15:13:22,581 [21] ERROR WebForLink.Web.Filters.BreadCrumbAttribute - Controller: Convite, Action: PaginaInicial, UsuarioId: 0
2017-01-05 15:13:45,624 [46] ERROR WebForLink.Web.MvcApplication - Aplicação Iniciada
2017-01-05 15:13:47,082 [46] ERROR WebForLink.Web.Mappers.MappingProfile - 
Unmapped members were found. Review the types and members below.
Add a custom mapping expression, ignore, add a custom resolver, or modify the source/destination type
=============================================================================================
EnviarEmailSolicitacaoVM -> Solicitacao (Destination member list)
WebForLink.Web.ViewModels.EnviarEmailSolicitacaoVM -> WebForLink.Domain.Entities.Solicitacao (Destination member list)

Unmapped properties:
Id
IdSolicitante
IdSolicitado
IdFichaCadastral
StatusSolicitacao
DataCriacao
DataReenvio
DataCancelamento
DataVisualizado
FichaCadastralObrigatoria
DocumentosSolicitacao
FichaCadastral
Solicitado
Solicitante
ValidationResult
========================================================================================
FichaCadastral -> FichaCadastralVM (Destination member list)
WebForLink.Domain.Entities.FichaCadastral -> WebForLink.Web.ViewModels.FichaCadastralVM (Destination member list)

Unmapped properties:
ContratanteID
============================================================================
Endereco -> EnderecoVM (Destination member list)
WebForLink.Domain.Entities.Endereco -> WebForLink.Web.ViewModels.EnderecoVM (Destination member list)

Unmapped properties:
TipoList
EstadosList
======================================================================
Banco -> BancoVM (Destination member list)
WebForLink.Domain.Entities.Banco -> WebForLink.Web.ViewModels.BancoVM (Destination member list)

Unmapped properties:
Arquivo
ArquivoDescricao
BancoList
==========================================================================
ContatoVM -> Contato (Destination member list)
WebForLink.Web.ViewModels.ContatoVM -> WebForLink.Domain.Entities.Contato (Destination member list)

Unmapped properties:
FichaCadastral
ValidationResult
=========================================================================================
SolicitacaoConviteVM -> Solicitacao (Destination member list)
WebForLink.Web.ViewModels.SolicitacaoConviteVM -> WebForLink.Domain.Entities.Solicitacao (Destination member list)

Unmapped properties:
IdSolicitante
IdSolicitado
StatusSolicitacao
DataCriacao
DataReenvio
DataCancelamento
DataVisualizado
FichaCadastralObrigatoria
DocumentosSolicitacao
Solicitado
Solicitante
ValidationResult
========================================================================================
FichaCadastralVM -> FichaCadastral (Destination member list)
WebForLink.Web.ViewModels.FichaCadastralVM -> WebForLink.Domain.Entities.FichaCadastral (Destination member list)

Unmapped properties:
Solicitacoes
Solicitacao
ValidationResult
======================================================================
BancoVM -> Banco (Destination member list)
WebForLink.Web.ViewModels.BancoVM -> WebForLink.Domain.Entities.Banco (Destination member list)

Unmapped properties:
FichaCadastral
ValidationResult
=================================================================================================
DocumentosSolicitacao -> DocumentoAnexadoVM (Destination member list)
WebForLink.Domain.Entities.DocumentosSolicitacao -> WebForLink.Web.ViewModels.DocumentoAnexadoVM (Destination member list)

Unmapped properties:
IdFichaCadastral
Validade
=========================================================================================
Solicitacao -> SolicitacaoConviteVM (Destination member list)
WebForLink.Domain.Entities.Solicitacao -> WebForLink.Web.ViewModels.SolicitacaoConviteVM (Destination member list)

Unmapped properties:
NomeFantasia
IdCriptografado
============================================================================
EnderecoVM -> Endereco (Destination member list)
WebForLink.Web.ViewModels.EnderecoVM -> WebForLink.Domain.Entities.Endereco (Destination member list)

Unmapped properties:
FichaCadastral
ValidationResult

2017-01-05 15:13:49,269 [9] ERROR WebForLink.Web.Filters.BreadCrumbAttribute - Controller: Convite, Action: PaginaInicial, UsuarioId: 0
2017-01-05 15:13:49,269 [45] ERROR WebForLink.Web.Filters.BreadCrumbAttribute - Controller: Convite, Action: PaginaInicial, UsuarioId: 0
2017-01-05 15:13:49,325 [9] ERROR WebForLink.Web.Controllers.ConviteController - WebForLink.Domain.Infrastructure.CriptografiaException: Erro ao Descriptografar ---> System.FormatException: Comprimento inválido para uma matriz ou uma cadeia de caracteres de Base 64.
   em System.Convert.FromBase64_Decode(Char* startInputPtr, Int32 inputLength, Byte* startDestPtr, Int32 destLength)
   em System.Convert.FromBase64CharPtr(Char* inputPtr, Int32 inputLength)
   em System.Convert.FromBase64String(String s)
   em WebForLink.Domain.Infrastructure.Criptografia.Descriptografar() na C:\RepositorioTFS\WEBFORLINKv2\Code\WebForLink\WebForLink.Domain\Services\ChMasterData\Criptografia.cs:linha 79
   --- Fim do rastreamento de pilha de exceções internas ---
   em WebForLink.Domain.Infrastructure.Criptografia.Descriptografar() na C:\RepositorioTFS\WEBFORLINKv2\Code\WebForLink\WebForLink.Domain\Services\ChMasterData\Criptografia.cs:linha 89
   em WebForLink.Domain.Infrastructure.Criptografia.ReadUrl(String pUrl, String key) na C:\RepositorioTFS\WEBFORLINKv2\Code\WebForLink\WebForLink.Domain\Services\ChMasterData\Criptografia.cs:linha 150
   em WebForLink.Domain.Infrastructure.Criptografia..ctor(EnumCripto tipo, String palavra, String chave) na C:\RepositorioTFS\WEBFORLINKv2\Code\WebForLink\WebForLink.Domain\Services\ChMasterData\Criptografia.cs:linha 53
   em WebForLink.Application.Services.SolicitacaoAppService.DescriptografarLinkConvite(String chaveUrl) na C:\RepositorioTFS\WEBFORLINKv2\Code\WebForLink\WebForLink.Service\Services\SolicitacaoDocumentoService.cs:linha 37
   em WebForLink.Web.Controllers.ConviteController.PaginaInicial(String chave, SolicitacaoConviteVM model) na C:\RepositorioTFS\WEBFORLINKv2\Code\WebForLink\WebForLink.Web\Controllers\ConviteController.cs:linha 59
2017-01-05 15:14:15,951 [45] ERROR WebForLink.Web.Controllers.ConviteController - System.Data.Entity.Core.EntityException: The underlying provider failed on Open. ---> System.Data.SqlClient.SqlException: Erro de rede ou específico à instância ao estabelecer conexão com o SQL Server. O servidor não foi encontrado ou não estava acessível. Verifique se o nome da instância está correto e se o SQL Server está configurado para permitir conexões remotas. (provider: Named Pipes Provider, error: 40 - Não foi possível abrir uma conexão com o SQL Server) ---> System.ComponentModel.Win32Exception: O caminho da rede não foi encontrado
   --- Fim do rastreamento de pilha de exceções internas ---
   em System.Data.ProviderBase.DbConnectionPool.TryGetConnection(DbConnection owningObject, UInt32 waitForMultipleObjectsTimeout, Boolean allowCreate, Boolean onlyOneCheckConnection, DbConnectionOptions userOptions, DbConnectionInternal& connection)
   em System.Data.ProviderBase.DbConnectionPool.TryGetConnection(DbConnection owningObject, TaskCompletionSource`1 retry, DbConnectionOptions userOptions, DbConnectionInternal& connection)
   em System.Data.ProviderBase.DbConnectionFactory.TryGetConnection(DbConnection owningConnection, TaskCompletionSource`1 retry, DbConnectionOptions userOptions, DbConnectionInternal oldConnection, DbConnectionInternal& connection)
   em System.Data.ProviderBase.DbConnectionInternal.TryOpenConnectionInternal(DbConnection outerConnection, DbConnectionFactory connectionFactory, TaskCompletionSource`1 retry, DbConnectionOptions userOptions)
   em System.Data.ProviderBase.DbConnectionClosed.TryOpenConnection(DbConnection outerConnection, DbConnectionFactory connectionFactory, TaskCompletionSource`1 retry, DbConnectionOptions userOptions)
   em System.Data.SqlClient.SqlConnection.TryOpenInner(TaskCompletionSource`1 retry)
   em System.Data.SqlClient.SqlConnection.TryOpen(TaskCompletionSource`1 retry)
   em System.Data.SqlClient.SqlConnection.Open()
   em System.Data.Entity.Infrastructure.Interception.DbConnectionDispatcher.<Open>b__36(DbConnection t, DbConnectionInterceptionContext c)
   em System.Data.Entity.Infrastructure.Interception.InternalDispatcher`1.Dispatch[TTarget,TInterceptionContext](TTarget target, Action`2 operation, TInterceptionContext interceptionContext, Action`3 executing, Action`3 executed)
   em System.Data.Entity.Infrastructure.Interception.DbConnectionDispatcher.Open(DbConnection connection, DbInterceptionContext interceptionContext)
   em System.Data.Entity.Core.EntityClient.EntityConnection.<Open>b__2()
   em System.Data.Entity.SqlServer.DefaultSqlExecutionStrategy.<>c__DisplayClass1.<Execute>b__0()
   em System.Data.Entity.SqlServer.DefaultSqlExecutionStrategy.Execute[TResult](Func`1 operation)
   em System.Data.Entity.SqlServer.DefaultSqlExecutionStrategy.Execute(Action operation)
   em System.Data.Entity.Core.EntityClient.EntityConnection.Open()
   --- Fim do rastreamento de pilha de exceções internas ---
   em System.Data.Entity.Core.EntityClient.EntityConnection.Open()
   em System.Data.Entity.Core.Objects.ObjectContext.EnsureConnection(Boolean shouldMonitorTransactions)
   em System.Data.Entity.Core.Objects.ObjectContext.ExecuteInTransaction[T](Func`1 func, IDbExecutionStrategy executionStrategy, Boolean startLocalTransaction, Boolean releaseConnectionOnSuccess)
   em System.Data.Entity.Core.Objects.ObjectQuery`1.<>c__DisplayClass7.<GetResults>b__5()
   em System.Data.Entity.SqlServer.DefaultSqlExecutionStrategy.Execute[TResult](Func`1 operation)
   em System.Data.Entity.Core.Objects.ObjectQuery`1.GetResults(Nullable`1 forMergeOption)
   em System.Data.Entity.Core.Objects.ObjectQuery`1.<System.Collections.Generic.IEnumerable<T>.GetEnumerator>b__0()
   em System.Data.Entity.Internal.LazyEnumerator`1.MoveNext()
   em System.Linq.Enumerable.SingleOrDefault[TSource](IEnumerable`1 source)
   em System.Data.Entity.Core.Objects.ELinq.ObjectQueryProvider.<GetElementFunction>b__2[TResult](IEnumerable`1 sequence)
   em System.Data.Entity.Core.Objects.ELinq.ObjectQueryProvider.ExecuteSingle[TResult](IEnumerable`1 query, Expression queryRoot)
   em System.Data.Entity.Core.Objects.ELinq.ObjectQueryProvider.System.Linq.IQueryProvider.Execute[TResult](Expression expression)
   em System.Linq.Queryable.SingleOrDefault[TSource](IQueryable`1 source)
   em System.Data.Entity.Internal.Linq.InternalSet`1.FindInStore(WrappedEntityKey key, String keyValuesParamName)
   em System.Data.Entity.Internal.Linq.InternalSet`1.Find(Object[] keyValues)
   em System.Data.Entity.DbSet`1.Find(Object[] keyValues)
   em WebForLink.Data.Repository.EntityFramework.Common.EntityFrameworkRepository`2.Get(Int32 id) na C:\RepositorioTFS\WEBFORLINKv2\Code\WebForLink\WebForLink.Repository\EntityFramework\Common\Repository.cs:linha 88
   em WebForLink.Domain.Services.Common.Service`1.Get(Int32 id, Boolean readonly) na C:\RepositorioTFS\WEBFORLINKv2\Code\WebForLink\WebForLink.Domain\Services\Common\Service.cs:linha 63
   em WebForLink.Application.Services.SolicitacaoAppService.Get(Int32 id, Boolean readonly) na C:\RepositorioTFS\WEBFORLINKv2\Code\WebForLink\WebForLink.Service\Services\SolicitacaoDocumentoService.cs:linha 67
   em WebForLink.Web.Controllers.ConviteController.PaginaInicial(String chave, SolicitacaoConviteVM model) na C:\RepositorioTFS\WEBFORLINKv2\Code\WebForLink\WebForLink.Web\Controllers\ConviteController.cs:linha 61
2017-01-05 15:14:15,968 [22] ERROR WebForLink.Web.Filters.BreadCrumbAttribute - Controller: Convite, Action: Index, UsuarioId: 0
2017-01-05 15:14:21,167 [39] ERROR WebForLink.Web.MvcApplication - Referência de objeto não definida para uma instância de um objeto.
2017-01-05 15:14:32,913 [25] ERROR WebForLink.Web.Filters.BreadCrumbAttribute - Controller: Convite, Action: Index, UsuarioId: 0
2017-01-05 15:14:45,451 [9] ERROR WebForLink.Web.Filters.BreadCrumbAttribute - Controller: Convite, Action: PaginaInicial, UsuarioId: 0
2017-01-05 15:14:52,038 [24] ERROR WebForLink.Web.Filters.BreadCrumbAttribute - Controller: Convite, Action: FinalizarSolicitacao, UsuarioId: 0
2017-01-05 15:17:02,288 [33] ERROR WebForLink.Web.Filters.BreadCrumbAttribute - Controller: Convite, Action: PaginaInicial, UsuarioId: 0
2017-01-05 15:17:26,502 [9] ERROR WebForLink.Web.Filters.BreadCrumbAttribute - Controller: Convite, Action: PaginaInicial, UsuarioId: 0
2017-01-05 15:21:01,009 [41] ERROR WebForLink.Web.Filters.BreadCrumbAttribute - Controller: Convite, Action: PaginaInicial, UsuarioId: 0
2017-01-05 15:21:10,179 [41] ERROR WebForLink.Web.Filters.BreadCrumbAttribute - Controller: Convite, Action: FinalizarSolicitacao, UsuarioId: 0
2017-01-05 15:21:12,516 [34] ERROR WebForLink.Web.Filters.BreadCrumbAttribute - Controller: Convite, Action: PaginaInicial, UsuarioId: 0
2017-01-05 15:21:12,559 [34] ERROR WebForLink.Web.Controllers.ConviteController - WebForLink.Domain.Infrastructure.CriptografiaException: Erro ao Descriptografar ---> System.FormatException: A entrada não é uma cadeia de caracteres de Base 64 válida, pois contém um caractere que não é de base 64, mais de dois caracteres de preenchimento ou um caractere ilegal entre os caracteres de preenchimento. 
   em System.Convert.FromBase64_Decode(Char* startInputPtr, Int32 inputLength, Byte* startDestPtr, Int32 destLength)
   em System.Convert.FromBase64CharPtr(Char* inputPtr, Int32 inputLength)
   em System.Convert.FromBase64String(String s)
   em WebForLink.Domain.Infrastructure.Criptografia.Descriptografar() na C:\RepositorioTFS\WEBFORLINKv2\Code\WebForLink\WebForLink.Domain\Services\ChMasterData\Criptografia.cs:linha 79
   --- Fim do rastreamento de pilha de exceções internas ---
   em WebForLink.Domain.Infrastructure.Criptografia.Descriptografar() na C:\RepositorioTFS\WEBFORLINKv2\Code\WebForLink\WebForLink.Domain\Services\ChMasterData\Criptografia.cs:linha 89
   em WebForLink.Domain.Infrastructure.Criptografia.ReadUrl(String pUrl, String key) na C:\RepositorioTFS\WEBFORLINKv2\Code\WebForLink\WebForLink.Domain\Services\ChMasterData\Criptografia.cs:linha 150
   em WebForLink.Domain.Infrastructure.Criptografia..ctor(EnumCripto tipo, String palavra, String chave) na C:\RepositorioTFS\WEBFORLINKv2\Code\WebForLink\WebForLink.Domain\Services\ChMasterData\Criptografia.cs:linha 53
   em WebForLink.Application.Services.SolicitacaoAppService.DescriptografarLinkConvite(String chaveUrl) na C:\RepositorioTFS\WEBFORLINKv2\Code\WebForLink\WebForLink.Service\Services\SolicitacaoDocumentoService.cs:linha 37
   em WebForLink.Web.Controllers.ConviteController.PaginaInicial(String chave, SolicitacaoConviteVM model) na C:\RepositorioTFS\WEBFORLINKv2\Code\WebForLink\WebForLink.Web\Controllers\ConviteController.cs:linha 59
2017-01-05 15:21:12,568 [8] ERROR WebForLink.Web.Filters.BreadCrumbAttribute - Controller: Convite, Action: Index, UsuarioId: 0
2017-01-05 15:23:10,793 [33] ERROR WebForLink.Web.Filters.BreadCrumbAttribute - Controller: Convite, Action: FinalizarSolicitacao, UsuarioId: 0
2017-01-05 15:23:37,504 [39] ERROR WebForLink.Web.Filters.BreadCrumbAttribute - Controller: Convite, Action: PaginaInicial, UsuarioId: 0
2017-01-05 15:23:48,992 [33] ERROR WebForLink.Web.Filters.BreadCrumbAttribute - Controller: Convite, Action: PaginaInicial, UsuarioId: 0
2017-01-05 15:23:51,591 [28] ERROR WebForLink.Web.Filters.BreadCrumbAttribute - Controller: Convite, Action: FinalizarSolicitacao, UsuarioId: 0
2017-01-05 15:23:54,993 [6] ERROR WebForLink.Web.Filters.BreadCrumbAttribute - Controller: Convite, Action: PaginaInicial, UsuarioId: 0
2017-01-05 15:23:54,994 [6] ERROR WebForLink.Web.Controllers.ConviteController - WebForLink.Domain.Infrastructure.CriptografiaException: Erro ao Descriptografar ---> System.FormatException: A entrada não é uma cadeia de caracteres de Base 64 válida, pois contém um caractere que não é de base 64, mais de dois caracteres de preenchimento ou um caractere ilegal entre os caracteres de preenchimento. 
   em System.Convert.FromBase64_Decode(Char* startInputPtr, Int32 inputLength, Byte* startDestPtr, Int32 destLength)
   em System.Convert.FromBase64CharPtr(Char* inputPtr, Int32 inputLength)
   em System.Convert.FromBase64String(String s)
   em WebForLink.Domain.Infrastructure.Criptografia.Descriptografar() na C:\RepositorioTFS\WEBFORLINKv2\Code\WebForLink\WebForLink.Domain\Services\ChMasterData\Criptografia.cs:linha 79
   --- Fim do rastreamento de pilha de exceções internas ---
   em WebForLink.Domain.Infrastructure.Criptografia.Descriptografar() na C:\RepositorioTFS\WEBFORLINKv2\Code\WebForLink\WebForLink.Domain\Services\ChMasterData\Criptografia.cs:linha 89
   em WebForLink.Domain.Infrastructure.Criptografia.ReadUrl(String pUrl, String key) na C:\RepositorioTFS\WEBFORLINKv2\Code\WebForLink\WebForLink.Domain\Services\ChMasterData\Criptografia.cs:linha 150
   em WebForLink.Domain.Infrastructure.Criptografia..ctor(EnumCripto tipo, String palavra, String chave) na C:\RepositorioTFS\WEBFORLINKv2\Code\WebForLink\WebForLink.Domain\Services\ChMasterData\Criptografia.cs:linha 53
   em WebForLink.Application.Services.SolicitacaoAppService.DescriptografarLinkConvite(String chaveUrl) na C:\RepositorioTFS\WEBFORLINKv2\Code\WebForLink\WebForLink.Service\Services\SolicitacaoDocumentoService.cs:linha 37
   em WebForLink.Web.Controllers.ConviteController.PaginaInicial(String chave, SolicitacaoConviteVM model) na C:\RepositorioTFS\WEBFORLINKv2\Code\WebForLink\WebForLink.Web\Controllers\ConviteController.cs:linha 59
2017-01-05 15:23:55,016 [8] ERROR WebForLink.Web.Filters.BreadCrumbAttribute - Controller: Convite, Action: Index, UsuarioId: 0
2017-01-05 15:23:57,387 [33] ERROR WebForLink.Web.MvcApplication - Referência de objeto não definida para uma instância de um objeto.
2017-01-05 15:24:55,025 [46] ERROR WebForLink.Web.MvcApplication - Aplicação Iniciada
2017-01-05 15:24:56,334 [46] ERROR WebForLink.Web.Mappers.MappingProfile - 
Unmapped members were found. Review the types and members below.
Add a custom mapping expression, ignore, add a custom resolver, or modify the source/destination type
============================================================================
EnderecoVM -> Endereco (Destination member list)
WebForLink.Web.ViewModels.EnderecoVM -> WebForLink.Domain.Entities.Endereco (Destination member list)

Unmapped properties:
FichaCadastral
ValidationResult
=========================================================================================
Solicitacao -> SolicitacaoConviteVM (Destination member list)
WebForLink.Domain.Entities.Solicitacao -> WebForLink.Web.ViewModels.SolicitacaoConviteVM (Destination member list)

Unmapped properties:
NomeFantasia
IdCriptografado
=============================================================================================
EnviarEmailSolicitacaoVM -> Solicitacao (Destination member list)
WebForLink.Web.ViewModels.EnviarEmailSolicitacaoVM -> WebForLink.Domain.Entities.Solicitacao (Destination member list)

Unmapped properties:
Id
IdSolicitante
IdSolicitado
IdFichaCadastral
StatusSolicitacao
DataCriacao
DataReenvio
DataCancelamento
DataVisualizado
FichaCadastralObrigatoria
DocumentosSolicitacao
FichaCadastral
Solicitado
Solicitante
ValidationResult
=================================================================================================
DocumentosSolicitacao -> DocumentoAnexadoVM (Destination member list)
WebForLink.Domain.Entities.DocumentosSolicitacao -> WebForLink.Web.ViewModels.DocumentoAnexadoVM (Destination member list)

Unmapped properties:
IdFichaCadastral
Validade
=========================================================================================
SolicitacaoConviteVM -> Solicitacao (Destination member list)
WebForLink.Web.ViewModels.SolicitacaoConviteVM -> WebForLink.Domain.Entities.Solicitacao (Destination member list)

Unmapped properties:
IdSolicitante
IdSolicitado
StatusSolicitacao
DataCriacao
DataReenvio
DataCancelamento
DataVisualizado
FichaCadastralObrigatoria
DocumentosSolicitacao
Solicitado
Solicitante
ValidationResult
========================================================================================
FichaCadastral -> FichaCadastralVM (Destination member list)
WebForLink.Domain.Entities.FichaCadastral -> WebForLink.Web.ViewModels.FichaCadastralVM (Destination member list)

Unmapped properties:
ContratanteID
======================================================================
Banco -> BancoVM (Destination member list)
WebForLink.Domain.Entities.Banco -> WebForLink.Web.ViewModels.BancoVM (Destination member list)

Unmapped properties:
Arquivo
ArquivoDescricao
BancoList
==========================================================================
ContatoVM -> Contato (Destination member list)
WebForLink.Web.ViewModels.ContatoVM -> WebForLink.Domain.Entities.Contato (Destination member list)

Unmapped properties:
FichaCadastral
ValidationResult
========================================================================================
FichaCadastralVM -> FichaCadastral (Destination member list)
WebForLink.Web.ViewModels.FichaCadastralVM -> WebForLink.Domain.Entities.FichaCadastral (Destination member list)

Unmapped properties:
Solicitacoes
Solicitacao
ValidationResult
============================================================================
Endereco -> EnderecoVM (Destination member list)
WebForLink.Domain.Entities.Endereco -> WebForLink.Web.ViewModels.EnderecoVM (Destination member list)

Unmapped properties:
TipoList
EstadosList
======================================================================
BancoVM -> Banco (Destination member list)
WebForLink.Web.ViewModels.BancoVM -> WebForLink.Domain.Entities.Banco (Destination member list)

Unmapped properties:
FichaCadastral
ValidationResult

2017-01-05 15:24:58,749 [5] ERROR WebForLink.Web.Filters.BreadCrumbAttribute - Controller: Convite, Action: Index, UsuarioId: 0
2017-01-05 15:25:05,956 [30] ERROR WebForLink.Web.Filters.BreadCrumbAttribute - Controller: Convite, Action: Index, UsuarioId: 0
2017-01-05 15:25:09,979 [30] ERROR WebForLink.Web.Filters.BreadCrumbAttribute - Controller: Convite, Action: PaginaInicial, UsuarioId: 0
2017-01-05 15:25:12,879 [5] ERROR WebForLink.Web.Filters.BreadCrumbAttribute - Controller: Convite, Action: FinalizarSolicitacao, UsuarioId: 0
2017-01-05 15:25:18,230 [17] ERROR WebForLink.Web.Filters.BreadCrumbAttribute - Controller: Convite, Action: PaginaInicial, UsuarioId: 0
2017-01-05 15:25:18,297 [17] ERROR WebForLink.Web.Controllers.ConviteController - WebForLink.Domain.Infrastructure.CriptografiaException: Erro ao Descriptografar ---> System.FormatException: A entrada não é uma cadeia de caracteres de Base 64 válida, pois contém um caractere que não é de base 64, mais de dois caracteres de preenchimento ou um caractere ilegal entre os caracteres de preenchimento. 
   em System.Convert.FromBase64_Decode(Char* startInputPtr, Int32 inputLength, Byte* startDestPtr, Int32 destLength)
   em System.Convert.FromBase64CharPtr(Char* inputPtr, Int32 inputLength)
   em System.Convert.FromBase64String(String s)
   em WebForLink.Domain.Infrastructure.Criptografia.Descriptografar() na C:\RepositorioTFS\WEBFORLINKv2\Code\WebForLink\WebForLink.Domain\Services\ChMasterData\Criptografia.cs:linha 79
   --- Fim do rastreamento de pilha de exceções internas ---
   em WebForLink.Domain.Infrastructure.Criptografia.Descriptografar() na C:\RepositorioTFS\WEBFORLINKv2\Code\WebForLink\WebForLink.Domain\Services\ChMasterData\Criptografia.cs:linha 89
   em WebForLink.Domain.Infrastructure.Criptografia.ReadUrl(String pUrl, String key) na C:\RepositorioTFS\WEBFORLINKv2\Code\WebForLink\WebForLink.Domain\Services\ChMasterData\Criptografia.cs:linha 150
   em WebForLink.Domain.Infrastructure.Criptografia..ctor(EnumCripto tipo, String palavra, String chave) na C:\RepositorioTFS\WEBFORLINKv2\Code\WebForLink\WebForLink.Domain\Services\ChMasterData\Criptografia.cs:linha 53
   em WebForLink.Application.Services.SolicitacaoAppService.DescriptografarLinkConvite(String chaveUrl) na C:\RepositorioTFS\WEBFORLINKv2\Code\WebForLink\WebForLink.Service\Services\SolicitacaoDocumentoService.cs:linha 37
   em WebForLink.Web.Controllers.ConviteController.PaginaInicial(String chave, SolicitacaoConviteVM model) na C:\RepositorioTFS\WEBFORLINKv2\Code\WebForLink\WebForLink.Web\Controllers\ConviteController.cs:linha 59
2017-01-05 15:25:18,320 [38] ERROR WebForLink.Web.Filters.BreadCrumbAttribute - Controller: Convite, Action: Index, UsuarioId: 0
2017-01-05 15:25:44,748 [43] ERROR WebForLink.Web.Filters.BreadCrumbAttribute - Controller: Convite, Action: PaginaInicial, UsuarioId: 0
2017-01-05 15:25:52,118 [43] ERROR WebForLink.Web.Filters.BreadCrumbAttribute - Controller: Convite, Action: FinalizarSolicitacao, UsuarioId: 0
2017-01-05 15:25:57,288 [43] ERROR WebForLink.Web.Filters.BreadCrumbAttribute - Controller: Convite, Action: PaginaInicial, UsuarioId: 0
2017-01-05 15:25:57,314 [43] ERROR WebForLink.Web.Controllers.ConviteController - WebForLink.Domain.Infrastructure.CriptografiaException: Erro ao Descriptografar ---> System.FormatException: A entrada não é uma cadeia de caracteres de Base 64 válida, pois contém um caractere que não é de base 64, mais de dois caracteres de preenchimento ou um caractere ilegal entre os caracteres de preenchimento. 
   em System.Convert.FromBase64_Decode(Char* startInputPtr, Int32 inputLength, Byte* startDestPtr, Int32 destLength)
   em System.Convert.FromBase64CharPtr(Char* inputPtr, Int32 inputLength)
   em System.Convert.FromBase64String(String s)
   em WebForLink.Domain.Infrastructure.Criptografia.Descriptografar() na C:\RepositorioTFS\WEBFORLINKv2\Code\WebForLink\WebForLink.Domain\Services\ChMasterData\Criptografia.cs:linha 79
   --- Fim do rastreamento de pilha de exceções internas ---
   em WebForLink.Domain.Infrastructure.Criptografia.Descriptografar() na C:\RepositorioTFS\WEBFORLINKv2\Code\WebForLink\WebForLink.Domain\Services\ChMasterData\Criptografia.cs:linha 89
   em WebForLink.Domain.Infrastructure.Criptografia.ReadUrl(String pUrl, String key) na C:\RepositorioTFS\WEBFORLINKv2\Code\WebForLink\WebForLink.Domain\Services\ChMasterData\Criptografia.cs:linha 150
   em WebForLink.Domain.Infrastructure.Criptografia..ctor(EnumCripto tipo, String palavra, String chave) na C:\RepositorioTFS\WEBFORLINKv2\Code\WebForLink\WebForLink.Domain\Services\ChMasterData\Criptografia.cs:linha 53
   em WebForLink.Application.Services.SolicitacaoAppService.DescriptografarLinkConvite(String chaveUrl) na C:\RepositorioTFS\WEBFORLINKv2\Code\WebForLink\WebForLink.Service\Services\SolicitacaoDocumentoService.cs:linha 37
   em WebForLink.Web.Controllers.ConviteController.PaginaInicial(String chave, SolicitacaoConviteVM model) na C:\RepositorioTFS\WEBFORLINKv2\Code\WebForLink\WebForLink.Web\Controllers\ConviteController.cs:linha 59
2017-01-05 15:25:57,323 [38] ERROR WebForLink.Web.Filters.BreadCrumbAttribute - Controller: Convite, Action: Index, UsuarioId: 0
2017-01-05 15:28:31,595 [9] ERROR WebForLink.Web.Filters.BreadCrumbAttribute - Controller: Convite, Action: PaginaInicial, UsuarioId: 0
2017-01-05 15:29:38,657 [10] ERROR WebForLink.Web.Filters.BreadCrumbAttribute - Controller: Convite, Action: PaginaInicial, UsuarioId: 0
2017-01-05 15:30:18,016 [5] ERROR WebForLink.Web.Filters.BreadCrumbAttribute - Controller: Convite, Action: PaginaInicial, UsuarioId: 0
2017-01-05 15:30:56,261 [41] ERROR WebForLink.Web.Filters.BreadCrumbAttribute - Controller: Convite, Action: PaginaInicial, UsuarioId: 0
2017-01-05 15:33:35,193 [42] ERROR WebForLink.Web.Filters.BreadCrumbAttribute - Controller: Convite, Action: PaginaInicial, UsuarioId: 0
2017-01-05 15:34:10,567 [41] ERROR WebForLink.Web.Filters.BreadCrumbAttribute - Controller: Convite, Action: PaginaInicial, UsuarioId: 0
2017-01-05 15:38:46,569 [15] ERROR WebForLink.Web.Filters.BreadCrumbAttribute - Controller: Convite, Action: PaginaInicial, UsuarioId: 0
2017-01-05 15:53:12,797 [64] ERROR WebForLink.Web.Filters.BreadCrumbAttribute - Controller: Convite, Action: PaginaInicial, UsuarioId: 0
2017-01-05 15:54:05,825 [64] ERROR WebForLink.Web.Filters.BreadCrumbAttribute - Controller: Convite, Action: PaginaInicial, UsuarioId: 0
2017-01-05 15:54:26,795 [53] ERROR WebForLink.Web.Filters.BreadCrumbAttribute - Controller: Convite, Action: PaginaInicial, UsuarioId: 0
2017-01-05 15:54:37,949 [70] ERROR WebForLink.Web.Filters.BreadCrumbAttribute - Controller: Convite, Action: GetGameListing, UsuarioId: 0
2017-01-05 15:54:41,907 [70] ERROR WebForLink.Web.Filters.BreadCrumbAttribute - Controller: Convite, Action: AdicionarDadosEnderecos, UsuarioId: 0
2017-01-05 15:55:08,173 [70] ERROR WebForLink.Web.Filters.BreadCrumbAttribute - Controller: Convite, Action: AdicionarDadosContatos, UsuarioId: 0
2017-01-05 15:55:50,290 [70] ERROR WebForLink.Web.Filters.BreadCrumbAttribute - Controller: Convite, Action: AdicionarDadosBancarios, UsuarioId: 0
2017-01-05 16:31:47,208 [1] ERROR WebForLink.Web.MvcApplication - Aplicação Iniciada
2017-01-05 16:31:48,517 [1] ERROR WebForLink.Web.Mappers.MappingProfile - 
Unmapped members were found. Review the types and members below.
Add a custom mapping expression, ignore, add a custom resolver, or modify the source/destination type
========================================================================================
FichaCadastralVM -> FichaCadastral (Destination member list)
WebForLink.Web.ViewModels.FichaCadastralVM -> WebForLink.Domain.Entities.FichaCadastral (Destination member list)

Unmapped properties:
Solicitacoes
Solicitacao
ValidationResult
======================================================================
BancoVM -> Banco (Destination member list)
WebForLink.Web.ViewModels.BancoVM -> WebForLink.Domain.Entities.Banco (Destination member list)

Unmapped properties:
FichaCadastral
ValidationResult
============================================================================
Endereco -> EnderecoVM (Destination member list)
WebForLink.Domain.Entities.Endereco -> WebForLink.Web.ViewModels.EnderecoVM (Destination member list)

Unmapped properties:
TipoList
EstadosList
============================================================================
EnderecoVM -> Endereco (Destination member list)
WebForLink.Web.ViewModels.EnderecoVM -> WebForLink.Domain.Entities.Endereco (Destination member list)

Unmapped properties:
FichaCadastral
ValidationResult
======================================================================
Banco -> BancoVM (Destination member list)
WebForLink.Domain.Entities.Banco -> WebForLink.Web.ViewModels.BancoVM (Destination member list)

Unmapped properties:
Arquivo
ArquivoDescricao
BancoList
=========================================================================================
SolicitacaoConviteVM -> Solicitacao (Destination member list)
WebForLink.Web.ViewModels.SolicitacaoConviteVM -> WebForLink.Domain.Entities.Solicitacao (Destination member list)

Unmapped properties:
IdSolicitante
IdSolicitado
StatusSolicitacao
DataCriacao
DataReenvio
DataCancelamento
DataVisualizado
FichaCadastralObrigatoria
DocumentosSolicitacao
Solicitado
Solicitante
ValidationResult
=================================================================================================
DocumentosSolicitacao -> DocumentoAnexadoVM (Destination member list)
WebForLink.Domain.Entities.DocumentosSolicitacao -> WebForLink.Web.ViewModels.DocumentoAnexadoVM (Destination member list)

Unmapped properties:
IdFichaCadastral
Validade
=========================================================================================
Solicitacao -> SolicitacaoConviteVM (Destination member list)
WebForLink.Domain.Entities.Solicitacao -> WebForLink.Web.ViewModels.SolicitacaoConviteVM (Destination member list)

Unmapped properties:
NomeFantasia
IdCriptografado
========================================================================================
FichaCadastral -> FichaCadastralVM (Destination member list)
WebForLink.Domain.Entities.FichaCadastral -> WebForLink.Web.ViewModels.FichaCadastralVM (Destination member list)

Unmapped properties:
ContratanteID
=============================================================================================
EnviarEmailSolicitacaoVM -> Solicitacao (Destination member list)
WebForLink.Web.ViewModels.EnviarEmailSolicitacaoVM -> WebForLink.Domain.Entities.Solicitacao (Destination member list)

Unmapped properties:
Id
IdSolicitante
IdSolicitado
IdFichaCadastral
StatusSolicitacao
DataCriacao
DataReenvio
DataCancelamento
DataVisualizado
FichaCadastralObrigatoria
DocumentosSolicitacao
FichaCadastral
Solicitado
Solicitante
ValidationResult
==========================================================================
ContatoVM -> Contato (Destination member list)
WebForLink.Web.ViewModels.ContatoVM -> WebForLink.Domain.Entities.Contato (Destination member list)

Unmapped properties:
FichaCadastral
ValidationResult

2017-01-05 16:31:51,617 [8] ERROR WebForLink.Web.Filters.BreadCrumbAttribute - Controller: Convite, Action: Index, UsuarioId: 0
2017-01-05 16:31:51,883 [9] ERROR WebForLink.Web.Filters.BreadCrumbAttribute - Controller: Convite, Action: PaginaInicial, UsuarioId: 0
2017-01-05 16:32:31,656 [11] ERROR WebForLink.Web.Filters.BreadCrumbAttribute - Controller: Convite, Action: GetGameListing, UsuarioId: 0
2017-01-05 16:32:43,556 [9] ERROR WebForLink.Web.Filters.BreadCrumbAttribute - Controller: Convite, Action: AdicionarDadosEnderecos, UsuarioId: 0
2017-01-05 16:32:47,975 [8] ERROR WebForLink.Web.Filters.BreadCrumbAttribute - Controller: Convite, Action: AdicionarDadosEnderecos, UsuarioId: 0
2017-01-05 16:34:11,659 [14] ERROR WebForLink.Web.Filters.BreadCrumbAttribute - Controller: Convite, Action: AdicionarDadosContatos, UsuarioId: 0
2017-01-05 16:34:13,251 [5] ERROR WebForLink.Web.Filters.BreadCrumbAttribute - Controller: Convite, Action: AdicionarDadosBancarios, UsuarioId: 0
2017-01-05 16:35:13,963 [14] ERROR WebForLink.Web.Filters.BreadCrumbAttribute - Controller: Convite, Action: _ConviteForm, UsuarioId: 0
2017-01-05 16:35:45,770 [16] ERROR WebForLink.Web.Filters.BreadCrumbAttribute - Controller: Convite, Action: GetGameListing, UsuarioId: 0
2017-01-05 16:36:01,067 [13] ERROR WebForLink.Web.Filters.BreadCrumbAttribute - Controller: Convite, Action: GetDocumentosAnexados, UsuarioId: 0
2017-01-05 16:38:44,537 [23] ERROR WebForLink.Web.Filters.BreadCrumbAttribute - Controller: UploadArquivo, Action: upload, UsuarioId: 0
2017-01-05 16:38:45,171 [20] ERROR WebForLink.Web.Filters.BreadCrumbAttribute - Controller: UploadArquivo, Action: upload, UsuarioId: 0
2017-01-05 16:38:45,993 [24] ERROR WebForLink.Web.Filters.BreadCrumbAttribute - Controller: UploadArquivo, Action: upload, UsuarioId: 0
2017-01-05 16:38:46,800 [24] ERROR WebForLink.Web.Filters.BreadCrumbAttribute - Controller: UploadArquivo, Action: upload, UsuarioId: 0
2017-01-05 16:38:47,131 [25] ERROR WebForLink.Web.Filters.BreadCrumbAttribute - Controller: UploadArquivo, Action: upload, UsuarioId: 0
2017-01-05 16:38:47,721 [24] ERROR WebForLink.Web.Filters.BreadCrumbAttribute - Controller: UploadArquivo, Action: upload, UsuarioId: 0
2017-01-05 16:48:11,874 [37] ERROR WebForLink.Web.Filters.BreadCrumbAttribute - Controller: Convite, Action: GetDocumentosAnexados, UsuarioId: 0
2017-01-05 16:51:53,926 [42] ERROR WebForLink.Web.Filters.BreadCrumbAttribute - Controller: Convite, Action: FinalizarSolicitacao, UsuarioId: 0
2017-01-05 16:52:10,380 [48] ERROR WebForLink.Web.Filters.BreadCrumbAttribute - Controller: Convite, Action: PaginaInicial, UsuarioId: 0
2017-01-05 16:52:10,563 [48] ERROR WebForLink.Web.Controllers.ConviteController - WebForLink.Domain.Infrastructure.CriptografiaException: Erro ao Descriptografar ---> System.FormatException: A entrada não é uma cadeia de caracteres de Base 64 válida, pois contém um caractere que não é de base 64, mais de dois caracteres de preenchimento ou um caractere ilegal entre os caracteres de preenchimento. 
   em System.Convert.FromBase64_Decode(Char* startInputPtr, Int32 inputLength, Byte* startDestPtr, Int32 destLength)
   em System.Convert.FromBase64CharPtr(Char* inputPtr, Int32 inputLength)
   em System.Convert.FromBase64String(String s)
   em WebForLink.Domain.Infrastructure.Criptografia.Descriptografar() na C:\RepositorioTFS\WEBFORLINKv2\Code\WebForLink\WebForLink.Domain\Services\ChMasterData\Criptografia.cs:linha 79
   --- Fim do rastreamento de pilha de exceções internas ---
   em WebForLink.Domain.Infrastructure.Criptografia.Descriptografar() na C:\RepositorioTFS\WEBFORLINKv2\Code\WebForLink\WebForLink.Domain\Services\ChMasterData\Criptografia.cs:linha 89
   em WebForLink.Domain.Infrastructure.Criptografia.ReadUrl(String pUrl, String key) na C:\RepositorioTFS\WEBFORLINKv2\Code\WebForLink\WebForLink.Domain\Services\ChMasterData\Criptografia.cs:linha 150
   em WebForLink.Domain.Infrastructure.Criptografia..ctor(EnumCripto tipo, String palavra, String chave) na C:\RepositorioTFS\WEBFORLINKv2\Code\WebForLink\WebForLink.Domain\Services\ChMasterData\Criptografia.cs:linha 53
   em WebForLink.Application.Services.SolicitacaoAppService.DescriptografarLinkConvite(String chaveUrl) na C:\RepositorioTFS\WEBFORLINKv2\Code\WebForLink\WebForLink.Service\Services\SolicitacaoDocumentoService.cs:linha 37
   em WebForLink.Web.Controllers.ConviteController.PaginaInicial(String chave, SolicitacaoConviteVM model) na C:\RepositorioTFS\WEBFORLINKv2\Code\WebForLink\WebForLink.Web\Controllers\ConviteController.cs:linha 59
2017-01-05 16:52:10,701 [34] ERROR WebForLink.Web.Filters.BreadCrumbAttribute - Controller: Convite, Action: Index, UsuarioId: 0
2017-01-05 17:04:10,156 [61] ERROR WebForLink.Web.Filters.BreadCrumbAttribute - Controller: Convite, Action: PaginaInicial, UsuarioId: 0
2017-01-05 17:07:52,199 [65] ERROR WebForLink.Web.Filters.BreadCrumbAttribute - Controller: Convite, Action: PaginaInicial, UsuarioId: 0
2017-01-05 17:07:58,240 [57] ERROR WebForLink.Web.Filters.BreadCrumbAttribute - Controller: Convite, Action: GetDocumentosAnexados, UsuarioId: 0
2017-01-05 17:08:15,136 [65] ERROR WebForLink.Web.Filters.BreadCrumbAttribute - Controller: UploadArquivo, Action: upload, UsuarioId: 0
2017-01-05 17:09:04,421 [76] ERROR WebForLink.Web.Filters.BreadCrumbAttribute - Controller: Convite, Action: PaginaInicial, UsuarioId: 0
2017-01-05 17:12:45,693 [81] ERROR WebForLink.Web.Filters.BreadCrumbAttribute - Controller: Convite, Action: PaginaInicial, UsuarioId: 0
2017-01-05 17:17:42,157 [85] ERROR WebForLink.Web.Filters.BreadCrumbAttribute - Controller: Convite, Action: PaginaInicial, UsuarioId: 0
2017-01-05 17:19:27,285 [83] ERROR WebForLink.Web.MvcApplication - Referência de objeto não definida para uma instância de um objeto.
2017-01-05 17:22:03,991 [11] ERROR WebForLink.Web.MvcApplication - Aplicação Iniciada
2017-01-05 17:22:05,573 [11] ERROR WebForLink.Web.Mappers.MappingProfile - 
Unmapped members were found. Review the types and members below.
Add a custom mapping expression, ignore, add a custom resolver, or modify the source/destination type
========================================================================================
FichaCadastral -> FichaCadastralVM (Destination member list)
WebForLink.Domain.Entities.FichaCadastral -> WebForLink.Web.ViewModels.FichaCadastralVM (Destination member list)

Unmapped properties:
ContratanteID
==========================================================================
ContatoVM -> Contato (Destination member list)
WebForLink.Web.ViewModels.ContatoVM -> WebForLink.Domain.Entities.Contato (Destination member list)

Unmapped properties:
FichaCadastral
ValidationResult
======================================================================
BancoVM -> Banco (Destination member list)
WebForLink.Web.ViewModels.BancoVM -> WebForLink.Domain.Entities.Banco (Destination member list)

Unmapped properties:
FichaCadastral
ValidationResult
============================================================================
Endereco -> EnderecoVM (Destination member list)
WebForLink.Domain.Entities.Endereco -> WebForLink.Web.ViewModels.EnderecoVM (Destination member list)

Unmapped properties:
TipoList
EstadosList
======================================================================
Banco -> BancoVM (Destination member list)
WebForLink.Domain.Entities.Banco -> WebForLink.Web.ViewModels.BancoVM (Destination member list)

Unmapped properties:
Arquivo
ArquivoDescricao
BancoList
============================================================================
EnderecoVM -> Endereco (Destination member list)
WebForLink.Web.ViewModels.EnderecoVM -> WebForLink.Domain.Entities.Endereco (Destination member list)

Unmapped properties:
FichaCadastral
ValidationResult
========================================================================================
FichaCadastralVM -> FichaCadastral (Destination member list)
WebForLink.Web.ViewModels.FichaCadastralVM -> WebForLink.Domain.Entities.FichaCadastral (Destination member list)

Unmapped properties:
Solicitacoes
Solicitacao
ValidationResult
=============================================================================================
EnviarEmailSolicitacaoVM -> Solicitacao (Destination member list)
WebForLink.Web.ViewModels.EnviarEmailSolicitacaoVM -> WebForLink.Domain.Entities.Solicitacao (Destination member list)

Unmapped properties:
Id
IdSolicitante
IdSolicitado
IdFichaCadastral
StatusSolicitacao
DataCriacao
DataReenvio
DataCancelamento
DataVisualizado
FichaCadastralObrigatoria
DocumentosSolicitacao
FichaCadastral
Solicitado
Solicitante
ValidationResult
=========================================================================================
SolicitacaoConviteVM -> Solicitacao (Destination member list)
WebForLink.Web.ViewModels.SolicitacaoConviteVM -> WebForLink.Domain.Entities.Solicitacao (Destination member list)

Unmapped properties:
IdSolicitante
IdSolicitado
StatusSolicitacao
DataCriacao
DataReenvio
DataCancelamento
DataVisualizado
FichaCadastralObrigatoria
DocumentosSolicitacao
Solicitado
Solicitante
ValidationResult
=========================================================================================
Solicitacao -> SolicitacaoConviteVM (Destination member list)
WebForLink.Domain.Entities.Solicitacao -> WebForLink.Web.ViewModels.SolicitacaoConviteVM (Destination member list)

Unmapped properties:
NomeFantasia
IdCriptografado
=================================================================================================
DocumentosSolicitacao -> DocumentoAnexadoVM (Destination member list)
WebForLink.Domain.Entities.DocumentosSolicitacao -> WebForLink.Web.ViewModels.DocumentoAnexadoVM (Destination member list)

Unmapped properties:
IdFichaCadastral
Validade

2017-01-05 17:22:08,550 [82] ERROR WebForLink.Web.Filters.BreadCrumbAttribute - Controller: Convite, Action: PaginaInicial, UsuarioId: 0
