2017-02-03 15:20:11,624 [152] ERROR WebForLink.Web.MvcApplication - Erro na aplicação Erro inesperado 
 Identificador: 73d17c3b42ff493cbbb7fd155c648146
System.Web.HttpCompileException (0x80004005): C:\Users\nelson.neto\AppData\Local\Temp\Temporary ASP.NET Files\vs\54d6b25f\e6d15f3a\App_Web__dadosenderecofrm.cshtml.58cb7dcc.uqp6c1j4.0.cs(32): error CS0234: The type or namespace name 'NovoDadosEnderecoVM' does not exist in the namespace 'WebForLink.Web.Controllers' (are you missing an assembly reference?)
   em System.Web.Compilation.AssemblyBuilder.Compile()
   em System.Web.Compilation.BuildProvidersCompiler.PerformBuild()
   em System.Web.Compilation.BuildManager.CompileWebFile(VirtualPath virtualPath)
   em System.Web.Compilation.BuildManager.GetVPathBuildResultInternal(VirtualPath virtualPath, Boolean noBuild, Boolean allowCrossApp, Boolean allowBuildInPrecompile, Boolean throwIfNotFound, Boolean ensureIsUpToDate)
   em System.Web.Compilation.BuildManager.GetVPathBuildResultWithNoAssert(HttpContext context, VirtualPath virtualPath, Boolean noBuild, Boolean allowCrossApp, Boolean allowBuildInPrecompile, Boolean throwIfNotFound, Boolean ensureIsUpToDate)
   em System.Web.Compilation.BuildManager.GetVirtualPathObjectFactory(VirtualPath virtualPath, HttpContext context, Boolean allowCrossApp, Boolean throwIfNotFound)
   em System.Web.Compilation.BuildManager.GetCompiledType(VirtualPath virtualPath)
   em System.Web.Compilation.BuildManager.GetCompiledType(String virtualPath)
   em System.Web.Mvc.BuildManagerWrapper.System.Web.Mvc.IBuildManager.GetCompiledType(String virtualPath)
   em System.Web.Mvc.BuildManagerCompiledView.Render(ViewContext viewContext, TextWriter writer)
   em System.Web.Mvc.HtmlHelper.RenderPartialInternal(String partialViewName, ViewDataDictionary viewData, Object model, TextWriter writer, ViewEngineCollection viewEngineCollection)
   em System.Web.Mvc.Html.PartialExtensions.Partial(HtmlHelper htmlHelper, String partialViewName, Object model, ViewDataDictionary viewData)
   em System.Web.Mvc.Html.PartialExtensions.Partial(HtmlHelper htmlHelper, String partialViewName, Object model)
   em ASP._Page_Views_FichaCadastral_Ficha_cshtml.Execute() na C:\RepositorioTFS\WEBFORLINKv2\Code\WebForLink\WebForLink.Web\Views\FichaCadastral\Ficha.cshtml:linha 51
   em System.Web.WebPages.WebPageBase.ExecutePageHierarchy()
   em System.Web.Mvc.WebViewPage.ExecutePageHierarchy()
   em System.Web.WebPages.StartPage.RunPage()
   em System.Web.WebPages.StartPage.ExecutePageHierarchy()
   em System.Web.WebPages.WebPageBase.ExecutePageHierarchy(WebPageContext pageContext, TextWriter writer, WebPageRenderingBase startPage)
   em System.Web.Mvc.RazorView.RenderView(ViewContext viewContext, TextWriter writer, Object instance)
   em System.Web.Mvc.BuildManagerCompiledView.Render(ViewContext viewContext, TextWriter writer)
   em System.Web.Mvc.ViewResultBase.ExecuteResult(ControllerContext context)
   em System.Web.Mvc.ControllerActionInvoker.InvokeActionResult(ControllerContext controllerContext, ActionResult actionResult)
   em System.Web.Mvc.ControllerActionInvoker.InvokeActionResultFilterRecursive(IList`1 filters, Int32 filterIndex, ResultExecutingContext preContext, ControllerContext controllerContext, ActionResult actionResult)
   em System.Web.Mvc.ControllerActionInvoker.InvokeActionResultFilterRecursive(IList`1 filters, Int32 filterIndex, ResultExecutingContext preContext, ControllerContext controllerContext, ActionResult actionResult)
   em System.Web.Mvc.ControllerActionInvoker.InvokeActionResultFilterRecursive(IList`1 filters, Int32 filterIndex, ResultExecutingContext preContext, ControllerContext controllerContext, ActionResult actionResult)
   em System.Web.Mvc.ControllerActionInvoker.InvokeActionResultWithFilters(ControllerContext controllerContext, IList`1 filters, ActionResult actionResult)
   em System.Web.Mvc.Async.AsyncControllerActionInvoker.<>c__DisplayClass21.<>c__DisplayClass2b.<BeginInvokeAction>b__1c()
   em System.Web.Mvc.Async.AsyncControllerActionInvoker.<>c__DisplayClass21.<BeginInvokeAction>b__1e(IAsyncResult asyncResult)
   em System.Web.Mvc.Async.AsyncResultWrapper.WrappedAsyncResult`1.CallEndDelegate(IAsyncResult asyncResult)
   em System.Web.Mvc.Async.AsyncResultWrapper.WrappedAsyncResultBase`1.End()
   em System.Web.Mvc.Async.AsyncResultWrapper.End[TResult](IAsyncResult asyncResult, Object tag)
   em System.Web.Mvc.Async.AsyncControllerActionInvoker.EndInvokeAction(IAsyncResult asyncResult)
   em System.Web.Mvc.Controller.<BeginExecuteCore>b__1d(IAsyncResult asyncResult, ExecuteCoreState innerState)
   em System.Web.Mvc.Async.AsyncResultWrapper.WrappedAsyncVoid`1.CallEndDelegate(IAsyncResult asyncResult)
   em System.Web.Mvc.Async.AsyncResultWrapper.WrappedAsyncResultBase`1.End()
   em System.Web.Mvc.Async.AsyncResultWrapper.End[TResult](IAsyncResult asyncResult, Object tag)
   em System.Web.Mvc.Async.AsyncResultWrapper.End(IAsyncResult asyncResult, Object tag)
   em System.Web.Mvc.Controller.EndExecuteCore(IAsyncResult asyncResult)
   em System.Web.Mvc.Controller.<BeginExecute>b__15(IAsyncResult asyncResult, Controller controller)
   em System.Web.Mvc.Async.AsyncResultWrapper.WrappedAsyncVoid`1.CallEndDelegate(IAsyncResult asyncResult)
   em System.Web.Mvc.Async.AsyncResultWrapper.WrappedAsyncResultBase`1.End()
   em System.Web.Mvc.Async.AsyncResultWrapper.End[TResult](IAsyncResult asyncResult, Object tag)
   em System.Web.Mvc.Async.AsyncResultWrapper.End(IAsyncResult asyncResult, Object tag)
   em System.Web.Mvc.Controller.EndExecute(IAsyncResult asyncResult)
   em System.Web.Mvc.Controller.System.Web.Mvc.Async.IAsyncController.EndExecute(IAsyncResult asyncResult)
   em System.Web.Mvc.MvcHandler.<BeginProcessRequest>b__5(IAsyncResult asyncResult, ProcessRequestState innerState)
   em System.Web.Mvc.Async.AsyncResultWrapper.WrappedAsyncVoid`1.CallEndDelegate(IAsyncResult asyncResult)
   em System.Web.Mvc.Async.AsyncResultWrapper.WrappedAsyncResultBase`1.End()
   em System.Web.Mvc.Async.AsyncResultWrapper.End[TResult](IAsyncResult asyncResult, Object tag)
   em System.Web.Mvc.Async.AsyncResultWrapper.End(IAsyncResult asyncResult, Object tag)
   em System.Web.Mvc.MvcHandler.EndProcessRequest(IAsyncResult asyncResult)
   em System.Web.Mvc.MvcHandler.System.Web.IHttpAsyncHandler.EndProcessRequest(IAsyncResult result)
   em System.Web.HttpApplication.CallHandlerExecutionStep.System.Web.HttpApplication.IExecutionStep.Execute()
   em System.Web.HttpApplication.ExecuteStep(IExecutionStep step, Boolean& completedSynchronously)
2017-02-03 15:20:11,662 [152] ERROR WebForLink.Web.Filters.BreadCrumbAttribute - Controller: Convite, Action: PaginaInicial, UsuarioId: 351
2017-02-03 15:20:11,728 [152] ERROR WebForLink.Web.Controllers.ConviteController - WebForLink.Domain.Infrastructure.CriptografiaException: Erro ao Descriptografar ---> System.FormatException: Comprimento inválido para uma matriz ou uma cadeia de caracteres de Base 64.
   em System.Convert.FromBase64_Decode(Char* startInputPtr, Int32 inputLength, Byte* startDestPtr, Int32 destLength)
   em System.Convert.FromBase64CharPtr(Char* inputPtr, Int32 inputLength)
   em System.Convert.FromBase64String(String s)
   em WebForLink.Domain.Infrastructure.Criptografia.Descriptografar() na C:\RepositorioTFS\WEBFORLINKv2\Code\WebForLink\WebForLink.Domain\Services\ChMasterData\Criptografia.cs:linha 79
   --- Fim do rastreamento de pilha de exceções internas ---
   em WebForLink.Domain.Infrastructure.Criptografia.Descriptografar() na C:\RepositorioTFS\WEBFORLINKv2\Code\WebForLink\WebForLink.Domain\Services\ChMasterData\Criptografia.cs:linha 89
   em WebForLink.Domain.Infrastructure.Criptografia.ReadUrl(String pUrl, String key) na C:\RepositorioTFS\WEBFORLINKv2\Code\WebForLink\WebForLink.Domain\Services\ChMasterData\Criptografia.cs:linha 150
   em WebForLink.Domain.Infrastructure.Criptografia..ctor(EnumCripto tipo, String palavra, String chave) na C:\RepositorioTFS\WEBFORLINKv2\Code\WebForLink\WebForLink.Domain\Services\ChMasterData\Criptografia.cs:linha 53
   em WebForLink.Application.Services.SolicitacaoAppService.DescriptografarLinkConvite(String chaveUrl) na C:\RepositorioTFS\WEBFORLINKv2\Code\WebForLink\WebForLink.Service\Services\SolicitacaoDocumentoService.cs:linha 38
   em WebForLink.Web.Controllers.ConviteController.PaginaInicial(String chave, SolicitacaoConviteVM model) na C:\RepositorioTFS\WEBFORLINKv2\Code\WebForLink\WebForLink.Web\Controllers\ConviteController.cs:linha 60
2017-02-03 15:20:11,761 [96] ERROR WebForLink.Web.Filters.BreadCrumbAttribute - Controller: Convite, Action: Index, UsuarioId: 351
2017-02-03 15:20:12,446 [97] ERROR WebForLink.Web.MvcApplication - Referência de objeto não definida para uma instância de um objeto.
2017-02-03 15:20:12,480 [97] ERROR WebForLink.Web.MvcApplication - Referência de objeto não definida para uma instância de um objeto.
2017-02-03 15:20:22,381 [97] ERROR WebForLink.Web.MvcApplication - Referência de objeto não definida para uma instância de um objeto.
2017-02-03 15:20:22,386 [97] ERROR WebForLink.Web.MvcApplication - Referência de objeto não definida para uma instância de um objeto.
2017-02-03 15:20:28,763 [159] ERROR WebForLink.Web.MvcApplication - Aplicação Iniciada
2017-02-03 15:20:29,632 [159] ERROR WebForLink.Web.Mappers.MappingProfile - Mapper not initialized. Call Initialize with appropriate configuration. If you are trying to use mapper instances through a container or otherwise, make sure you do not have any calls to the static Mapper.Map methods, and if you're using ProjectTo or UseAsDataSource extension methods, make sure you pass in the appropriate IConfigurationProvider instance.
2017-02-03 15:20:32,403 [89] ERROR WebForLink.Web.Filters.BreadCrumbAttribute - Controller: FichaCadastral, Action: Ficha, UsuarioId: 351
2017-02-03 15:20:41,360 [152] ERROR WebForLink.Web.Filters.BreadCrumbAttribute - Controller: FichaCadastral, Action: Ficha, UsuarioId: 351
2017-02-03 15:21:18,614 [152] ERROR WebForLink.Web.MvcApplication - Erro na aplicação Erro inesperado 
 Identificador: f9f5536b5ea54bd085f7aafb599e2d40
System.Web.HttpCompileException (0x80004005): C:\Users\nelson.neto\AppData\Local\Temp\Temporary ASP.NET Files\vs\54d6b25f\e6d15f3a\App_Web__dadosenderecofrm.cshtml.58cb7dcc.xa8j9ean.0.cs(32): error CS0234: The type or namespace name 'NovoDadosEnderecoVM' does not exist in the namespace 'WebForLink.Web.Controllers' (are you missing an assembly reference?)
   em System.Web.Compilation.AssemblyBuilder.Compile()
   em System.Web.Compilation.BuildProvidersCompiler.PerformBuild()
   em System.Web.Compilation.BuildManager.CompileWebFile(VirtualPath virtualPath)
   em System.Web.Compilation.BuildManager.GetVPathBuildResultInternal(VirtualPath virtualPath, Boolean noBuild, Boolean allowCrossApp, Boolean allowBuildInPrecompile, Boolean throwIfNotFound, Boolean ensureIsUpToDate)
   em System.Web.Compilation.BuildManager.GetVPathBuildResultWithNoAssert(HttpContext context, VirtualPath virtualPath, Boolean noBuild, Boolean allowCrossApp, Boolean allowBuildInPrecompile, Boolean throwIfNotFound, Boolean ensureIsUpToDate)
   em System.Web.Compilation.BuildManager.GetVirtualPathObjectFactory(VirtualPath virtualPath, HttpContext context, Boolean allowCrossApp, Boolean throwIfNotFound)
   em System.Web.Compilation.BuildManager.GetCompiledType(VirtualPath virtualPath)
   em System.Web.Compilation.BuildManager.GetCompiledType(String virtualPath)
   em System.Web.Mvc.BuildManagerWrapper.System.Web.Mvc.IBuildManager.GetCompiledType(String virtualPath)
   em System.Web.Mvc.BuildManagerCompiledView.Render(ViewContext viewContext, TextWriter writer)
   em System.Web.Mvc.HtmlHelper.RenderPartialInternal(String partialViewName, ViewDataDictionary viewData, Object model, TextWriter writer, ViewEngineCollection viewEngineCollection)
   em System.Web.Mvc.Html.PartialExtensions.Partial(HtmlHelper htmlHelper, String partialViewName, Object model, ViewDataDictionary viewData)
   em System.Web.Mvc.Html.PartialExtensions.Partial(HtmlHelper htmlHelper, String partialViewName, Object model)
   em ASP._Page_Views_FichaCadastral_Ficha_cshtml.Execute() na C:\RepositorioTFS\WEBFORLINKv2\Code\WebForLink\WebForLink.Web\Views\FichaCadastral\Ficha.cshtml:linha 51
   em System.Web.WebPages.WebPageBase.ExecutePageHierarchy()
   em System.Web.Mvc.WebViewPage.ExecutePageHierarchy()
   em System.Web.WebPages.StartPage.RunPage()
   em System.Web.WebPages.StartPage.ExecutePageHierarchy()
   em System.Web.WebPages.WebPageBase.ExecutePageHierarchy(WebPageContext pageContext, TextWriter writer, WebPageRenderingBase startPage)
   em System.Web.Mvc.RazorView.RenderView(ViewContext viewContext, TextWriter writer, Object instance)
   em System.Web.Mvc.BuildManagerCompiledView.Render(ViewContext viewContext, TextWriter writer)
   em System.Web.Mvc.ViewResultBase.ExecuteResult(ControllerContext context)
   em System.Web.Mvc.ControllerActionInvoker.InvokeActionResult(ControllerContext controllerContext, ActionResult actionResult)
   em System.Web.Mvc.ControllerActionInvoker.InvokeActionResultFilterRecursive(IList`1 filters, Int32 filterIndex, ResultExecutingContext preContext, ControllerContext controllerContext, ActionResult actionResult)
   em System.Web.Mvc.ControllerActionInvoker.InvokeActionResultFilterRecursive(IList`1 filters, Int32 filterIndex, ResultExecutingContext preContext, ControllerContext controllerContext, ActionResult actionResult)
   em System.Web.Mvc.ControllerActionInvoker.InvokeActionResultFilterRecursive(IList`1 filters, Int32 filterIndex, ResultExecutingContext preContext, ControllerContext controllerContext, ActionResult actionResult)
   em System.Web.Mvc.ControllerActionInvoker.InvokeActionResultWithFilters(ControllerContext controllerContext, IList`1 filters, ActionResult actionResult)
   em System.Web.Mvc.Async.AsyncControllerActionInvoker.<>c__DisplayClass21.<>c__DisplayClass2b.<BeginInvokeAction>b__1c()
   em System.Web.Mvc.Async.AsyncControllerActionInvoker.<>c__DisplayClass21.<BeginInvokeAction>b__1e(IAsyncResult asyncResult)
   em System.Web.Mvc.Async.AsyncResultWrapper.WrappedAsyncResult`1.CallEndDelegate(IAsyncResult asyncResult)
   em System.Web.Mvc.Async.AsyncResultWrapper.WrappedAsyncResultBase`1.End()
   em System.Web.Mvc.Async.AsyncResultWrapper.End[TResult](IAsyncResult asyncResult, Object tag)
   em System.Web.Mvc.Async.AsyncControllerActionInvoker.EndInvokeAction(IAsyncResult asyncResult)
   em System.Web.Mvc.Controller.<BeginExecuteCore>b__1d(IAsyncResult asyncResult, ExecuteCoreState innerState)
   em System.Web.Mvc.Async.AsyncResultWrapper.WrappedAsyncVoid`1.CallEndDelegate(IAsyncResult asyncResult)
   em System.Web.Mvc.Async.AsyncResultWrapper.WrappedAsyncResultBase`1.End()
   em System.Web.Mvc.Async.AsyncResultWrapper.End[TResult](IAsyncResult asyncResult, Object tag)
   em System.Web.Mvc.Async.AsyncResultWrapper.End(IAsyncResult asyncResult, Object tag)
   em System.Web.Mvc.Controller.EndExecuteCore(IAsyncResult asyncResult)
   em System.Web.Mvc.Controller.<BeginExecute>b__15(IAsyncResult asyncResult, Controller controller)
   em System.Web.Mvc.Async.AsyncResultWrapper.WrappedAsyncVoid`1.CallEndDelegate(IAsyncResult asyncResult)
   em System.Web.Mvc.Async.AsyncResultWrapper.WrappedAsyncResultBase`1.End()
   em System.Web.Mvc.Async.AsyncResultWrapper.End[TResult](IAsyncResult asyncResult, Object tag)
   em System.Web.Mvc.Async.AsyncResultWrapper.End(IAsyncResult asyncResult, Object tag)
   em System.Web.Mvc.Controller.EndExecute(IAsyncResult asyncResult)
   em System.Web.Mvc.Controller.System.Web.Mvc.Async.IAsyncController.EndExecute(IAsyncResult asyncResult)
   em System.Web.Mvc.MvcHandler.<BeginProcessRequest>b__5(IAsyncResult asyncResult, ProcessRequestState innerState)
   em System.Web.Mvc.Async.AsyncResultWrapper.WrappedAsyncVoid`1.CallEndDelegate(IAsyncResult asyncResult)
   em System.Web.Mvc.Async.AsyncResultWrapper.WrappedAsyncResultBase`1.End()
   em System.Web.Mvc.Async.AsyncResultWrapper.End[TResult](IAsyncResult asyncResult, Object tag)
   em System.Web.Mvc.Async.AsyncResultWrapper.End(IAsyncResult asyncResult, Object tag)
   em System.Web.Mvc.MvcHandler.EndProcessRequest(IAsyncResult asyncResult)
   em System.Web.Mvc.MvcHandler.System.Web.IHttpAsyncHandler.EndProcessRequest(IAsyncResult result)
   em System.Web.HttpApplication.CallHandlerExecutionStep.System.Web.HttpApplication.IExecutionStep.Execute()
   em System.Web.HttpApplication.ExecuteStep(IExecutionStep step, Boolean& completedSynchronously)
2017-02-03 15:21:18,659 [152] ERROR WebForLink.Web.Filters.BreadCrumbAttribute - Controller: Convite, Action: PaginaInicial, UsuarioId: 351
2017-02-03 15:21:18,697 [152] ERROR WebForLink.Web.Controllers.ConviteController - WebForLink.Domain.Infrastructure.CriptografiaException: Erro ao Descriptografar ---> System.FormatException: Comprimento inválido para uma matriz ou uma cadeia de caracteres de Base 64.
   em System.Convert.FromBase64_Decode(Char* startInputPtr, Int32 inputLength, Byte* startDestPtr, Int32 destLength)
   em System.Convert.FromBase64CharPtr(Char* inputPtr, Int32 inputLength)
   em System.Convert.FromBase64String(String s)
   em WebForLink.Domain.Infrastructure.Criptografia.Descriptografar() na C:\RepositorioTFS\WEBFORLINKv2\Code\WebForLink\WebForLink.Domain\Services\ChMasterData\Criptografia.cs:linha 79
   --- Fim do rastreamento de pilha de exceções internas ---
   em WebForLink.Domain.Infrastructure.Criptografia.Descriptografar() na C:\RepositorioTFS\WEBFORLINKv2\Code\WebForLink\WebForLink.Domain\Services\ChMasterData\Criptografia.cs:linha 89
   em WebForLink.Domain.Infrastructure.Criptografia.ReadUrl(String pUrl, String key) na C:\RepositorioTFS\WEBFORLINKv2\Code\WebForLink\WebForLink.Domain\Services\ChMasterData\Criptografia.cs:linha 150
   em WebForLink.Domain.Infrastructure.Criptografia..ctor(EnumCripto tipo, String palavra, String chave) na C:\RepositorioTFS\WEBFORLINKv2\Code\WebForLink\WebForLink.Domain\Services\ChMasterData\Criptografia.cs:linha 53
   em WebForLink.Application.Services.SolicitacaoAppService.DescriptografarLinkConvite(String chaveUrl) na C:\RepositorioTFS\WEBFORLINKv2\Code\WebForLink\WebForLink.Service\Services\SolicitacaoDocumentoService.cs:linha 38
   em WebForLink.Web.Controllers.ConviteController.PaginaInicial(String chave, SolicitacaoConviteVM model) na C:\RepositorioTFS\WEBFORLINKv2\Code\WebForLink\WebForLink.Web\Controllers\ConviteController.cs:linha 60
2017-02-03 15:21:18,731 [89] ERROR WebForLink.Web.Filters.BreadCrumbAttribute - Controller: Convite, Action: Index, UsuarioId: 351
2017-02-03 15:21:24,132 [96] ERROR WebForLink.Web.Filters.BreadCrumbAttribute - Controller: FichaCadastral, Action: Ficha, UsuarioId: 351
2017-02-03 15:24:10,251 [1] ERROR WebForLink.Web.MvcApplication - Aplicação Iniciada
2017-02-03 15:24:10,955 [1] ERROR WebForLink.Web.Mappers.MappingProfile - Mapper not initialized. Call Initialize with appropriate configuration. If you are trying to use mapper instances through a container or otherwise, make sure you do not have any calls to the static Mapper.Map methods, and if you're using ProjectTo or UseAsDataSource extension methods, make sure you pass in the appropriate IConfigurationProvider instance.
2017-02-03 15:24:14,603 [8] ERROR WebForLink.Web.Filters.BreadCrumbAttribute - Controller: Convite, Action: Index, UsuarioId: 351
2017-02-03 15:24:27,130 [11] ERROR WebForLink.Web.Filters.BreadCrumbAttribute - Controller: FichaCadastral, Action: Ficha, UsuarioId: 351
2017-02-03 15:24:58,487 [10] ERROR WebForLink.Web.MvcApplication - Erro na aplicação Página não encontrada 
 Identificador: a04af5417db449568bd32807c2b3f8b2
System.Web.HttpException (0x80004005): The controller for path '/novodadoendereco/adicionardadosenderecos' was not found or does not implement IController.
   em System.Web.Mvc.DefaultControllerFactory.GetControllerInstance(RequestContext requestContext, Type controllerType)
   em System.Web.Mvc.DefaultControllerFactory.CreateController(RequestContext requestContext, String controllerName)
   em System.Web.Mvc.MvcHandler.ProcessRequestInit(HttpContextBase httpContext, IController& controller, IControllerFactory& factory)
   em System.Web.Mvc.MvcHandler.BeginProcessRequest(HttpContextBase httpContext, AsyncCallback callback, Object state)
   em System.Web.Mvc.MvcHandler.BeginProcessRequest(HttpContext httpContext, AsyncCallback callback, Object state)
   em System.Web.Mvc.MvcHandler.System.Web.IHttpAsyncHandler.BeginProcessRequest(HttpContext context, AsyncCallback cb, Object extraData)
   em System.Web.HttpApplication.CallHandlerExecutionStep.System.Web.HttpApplication.IExecutionStep.Execute()
   em System.Web.HttpApplication.ExecuteStep(IExecutionStep step, Boolean& completedSynchronously)
2017-02-03 15:24:58,652 [10] ERROR WebForLink.Web.Filters.BreadCrumbAttribute - Controller: Convite, Action: PaginaInicial, UsuarioId: 351
2017-02-03 15:24:58,751 [10] ERROR WebForLink.Web.Controllers.ConviteController - WebForLink.Domain.Infrastructure.CriptografiaException: Erro ao Descriptografar ---> System.FormatException: Comprimento inválido para uma matriz ou uma cadeia de caracteres de Base 64.
   em System.Convert.FromBase64_Decode(Char* startInputPtr, Int32 inputLength, Byte* startDestPtr, Int32 destLength)
   em System.Convert.FromBase64CharPtr(Char* inputPtr, Int32 inputLength)
   em System.Convert.FromBase64String(String s)
   em WebForLink.Domain.Infrastructure.Criptografia.Descriptografar() na C:\RepositorioTFS\WEBFORLINKv2\Code\WebForLink\WebForLink.Domain\Services\ChMasterData\Criptografia.cs:linha 79
   --- Fim do rastreamento de pilha de exceções internas ---
   em WebForLink.Domain.Infrastructure.Criptografia.Descriptografar() na C:\RepositorioTFS\WEBFORLINKv2\Code\WebForLink\WebForLink.Domain\Services\ChMasterData\Criptografia.cs:linha 89
   em WebForLink.Domain.Infrastructure.Criptografia.ReadUrl(String pUrl, String key) na C:\RepositorioTFS\WEBFORLINKv2\Code\WebForLink\WebForLink.Domain\Services\ChMasterData\Criptografia.cs:linha 150
   em WebForLink.Domain.Infrastructure.Criptografia..ctor(EnumCripto tipo, String palavra, String chave) na C:\RepositorioTFS\WEBFORLINKv2\Code\WebForLink\WebForLink.Domain\Services\ChMasterData\Criptografia.cs:linha 53
   em WebForLink.Application.Services.SolicitacaoAppService.DescriptografarLinkConvite(String chaveUrl) na C:\RepositorioTFS\WEBFORLINKv2\Code\WebForLink\WebForLink.Service\Services\SolicitacaoDocumentoService.cs:linha 38
   em WebForLink.Web.Controllers.ConviteController.PaginaInicial(String chave, SolicitacaoConviteVM model) na C:\RepositorioTFS\WEBFORLINKv2\Code\WebForLink\WebForLink.Web\Controllers\ConviteController.cs:linha 60
2017-02-03 15:24:58,801 [9] ERROR WebForLink.Web.Filters.BreadCrumbAttribute - Controller: Convite, Action: Index, UsuarioId: 351
2017-02-03 15:25:43,610 [9] ERROR WebForLink.Web.MvcApplication - Erro na aplicação Página não encontrada 
 Identificador: 0fd746f07a554f89a3c64b74cbf56681
System.Web.HttpException (0x80004005): The controller for path '/novodadoendereco/adicionardadosenderecos' was not found or does not implement IController.
   em System.Web.Mvc.DefaultControllerFactory.GetControllerInstance(RequestContext requestContext, Type controllerType)
   em System.Web.Mvc.DefaultControllerFactory.CreateController(RequestContext requestContext, String controllerName)
   em System.Web.Mvc.MvcHandler.ProcessRequestInit(HttpContextBase httpContext, IController& controller, IControllerFactory& factory)
   em System.Web.Mvc.MvcHandler.BeginProcessRequest(HttpContextBase httpContext, AsyncCallback callback, Object state)
   em System.Web.Mvc.MvcHandler.BeginProcessRequest(HttpContext httpContext, AsyncCallback callback, Object state)
   em System.Web.Mvc.MvcHandler.System.Web.IHttpAsyncHandler.BeginProcessRequest(HttpContext context, AsyncCallback cb, Object extraData)
   em System.Web.HttpApplication.CallHandlerExecutionStep.System.Web.HttpApplication.IExecutionStep.Execute()
   em System.Web.HttpApplication.ExecuteStep(IExecutionStep step, Boolean& completedSynchronously)
2017-02-03 15:25:43,653 [9] ERROR WebForLink.Web.Filters.BreadCrumbAttribute - Controller: Convite, Action: PaginaInicial, UsuarioId: 351
2017-02-03 15:25:43,677 [9] ERROR WebForLink.Web.Controllers.ConviteController - WebForLink.Domain.Infrastructure.CriptografiaException: Erro ao Descriptografar ---> System.FormatException: Comprimento inválido para uma matriz ou uma cadeia de caracteres de Base 64.
   em System.Convert.FromBase64_Decode(Char* startInputPtr, Int32 inputLength, Byte* startDestPtr, Int32 destLength)
   em System.Convert.FromBase64CharPtr(Char* inputPtr, Int32 inputLength)
   em System.Convert.FromBase64String(String s)
   em WebForLink.Domain.Infrastructure.Criptografia.Descriptografar() na C:\RepositorioTFS\WEBFORLINKv2\Code\WebForLink\WebForLink.Domain\Services\ChMasterData\Criptografia.cs:linha 79
   --- Fim do rastreamento de pilha de exceções internas ---
   em WebForLink.Domain.Infrastructure.Criptografia.Descriptografar() na C:\RepositorioTFS\WEBFORLINKv2\Code\WebForLink\WebForLink.Domain\Services\ChMasterData\Criptografia.cs:linha 89
   em WebForLink.Domain.Infrastructure.Criptografia.ReadUrl(String pUrl, String key) na C:\RepositorioTFS\WEBFORLINKv2\Code\WebForLink\WebForLink.Domain\Services\ChMasterData\Criptografia.cs:linha 150
   em WebForLink.Domain.Infrastructure.Criptografia..ctor(EnumCripto tipo, String palavra, String chave) na C:\RepositorioTFS\WEBFORLINKv2\Code\WebForLink\WebForLink.Domain\Services\ChMasterData\Criptografia.cs:linha 53
   em WebForLink.Application.Services.SolicitacaoAppService.DescriptografarLinkConvite(String chaveUrl) na C:\RepositorioTFS\WEBFORLINKv2\Code\WebForLink\WebForLink.Service\Services\SolicitacaoDocumentoService.cs:linha 38
   em WebForLink.Web.Controllers.ConviteController.PaginaInicial(String chave, SolicitacaoConviteVM model) na C:\RepositorioTFS\WEBFORLINKv2\Code\WebForLink\WebForLink.Web\Controllers\ConviteController.cs:linha 60
2017-02-03 15:25:43,695 [15] ERROR WebForLink.Web.Filters.BreadCrumbAttribute - Controller: Convite, Action: Index, UsuarioId: 351
2017-02-03 15:25:46,849 [9] ERROR WebForLink.Web.Filters.BreadCrumbAttribute - Controller: FichaCadastral, Action: Ficha, UsuarioId: 351
2017-02-03 15:26:01,566 [12] ERROR WebForLink.Web.Filters.BreadCrumbAttribute - Controller: NovoDadosEndereco, Action: AdicionarDadosEnderecos, UsuarioId: 351
2017-02-03 15:27:20,062 [12] ERROR WebForLink.Web.Filters.BreadCrumbAttribute - Controller: FichaCadastral, Action: Ficha, UsuarioId: 351
2017-02-03 15:27:31,961 [12] ERROR WebForLink.Web.Filters.BreadCrumbAttribute - Controller: NovoDadosEndereco, Action: AdicionarDadosEnderecos, UsuarioId: 351
2017-02-03 15:28:36,698 [19] ERROR WebForLink.Web.MvcApplication - Erro inesperado
System.Web.HttpException (0x80004005): Estado da sessão não está disponível neste contexto.
   em System.Web.HttpApplication.get_Session()
   em WebForLink.Web.MvcApplication.Application_Error(Object sender, EventArgs e) na C:\RepositorioTFS\WEBFORLINKv2\Code\WebForLink\WebForLink.Web\Global.asax.cs:linha 198
2017-02-03 15:28:36,704 [19] ERROR WebForLink.Web.Filters.BreadCrumbAttribute - Controller: Convite, Action: PaginaInicial, UsuarioId: 351
2017-02-03 15:28:36,733 [19] ERROR WebForLink.Web.Controllers.ConviteController - WebForLink.Domain.Infrastructure.CriptografiaException: Erro ao Descriptografar ---> System.FormatException: Comprimento inválido para uma matriz ou uma cadeia de caracteres de Base 64.
   em System.Convert.FromBase64_Decode(Char* startInputPtr, Int32 inputLength, Byte* startDestPtr, Int32 destLength)
   em System.Convert.FromBase64CharPtr(Char* inputPtr, Int32 inputLength)
   em System.Convert.FromBase64String(String s)
   em WebForLink.Domain.Infrastructure.Criptografia.Descriptografar() na C:\RepositorioTFS\WEBFORLINKv2\Code\WebForLink\WebForLink.Domain\Services\ChMasterData\Criptografia.cs:linha 79
   --- Fim do rastreamento de pilha de exceções internas ---
   em WebForLink.Domain.Infrastructure.Criptografia.Descriptografar() na C:\RepositorioTFS\WEBFORLINKv2\Code\WebForLink\WebForLink.Domain\Services\ChMasterData\Criptografia.cs:linha 89
   em WebForLink.Domain.Infrastructure.Criptografia.ReadUrl(String pUrl, String key) na C:\RepositorioTFS\WEBFORLINKv2\Code\WebForLink\WebForLink.Domain\Services\ChMasterData\Criptografia.cs:linha 150
   em WebForLink.Domain.Infrastructure.Criptografia..ctor(EnumCripto tipo, String palavra, String chave) na C:\RepositorioTFS\WEBFORLINKv2\Code\WebForLink\WebForLink.Domain\Services\ChMasterData\Criptografia.cs:linha 53
   em WebForLink.Application.Services.SolicitacaoAppService.DescriptografarLinkConvite(String chaveUrl) na C:\RepositorioTFS\WEBFORLINKv2\Code\WebForLink\WebForLink.Service\Services\SolicitacaoDocumentoService.cs:linha 38
   em WebForLink.Web.Controllers.ConviteController.PaginaInicial(String chave, SolicitacaoConviteVM model) na C:\RepositorioTFS\WEBFORLINKv2\Code\WebForLink\WebForLink.Web\Controllers\ConviteController.cs:linha 60
2017-02-03 15:28:36,749 [21] ERROR WebForLink.Web.Filters.BreadCrumbAttribute - Controller: Convite, Action: Index, UsuarioId: 351
2017-02-03 15:28:39,234 [23] ERROR WebForLink.Web.Filters.BreadCrumbAttribute - Controller: FichaCadastral, Action: Ficha, UsuarioId: 351
2017-02-03 15:28:47,446 [23] ERROR WebForLink.Web.Filters.BreadCrumbAttribute - Controller: NovoDadosEndereco, Action: AdicionarDadosEnderecos, UsuarioId: 351
2017-02-03 15:30:10,528 [20] ERROR WebForLink.Web.Filters.BreadCrumbAttribute - Controller: FichaCadastral, Action: Ficha, UsuarioId: 351
2017-02-03 15:30:22,645 [11] ERROR WebForLink.Web.Filters.BreadCrumbAttribute - Controller: NovoDadosEndereco, Action: AdicionarDadosEnderecos, UsuarioId: 351
2017-02-03 15:30:42,856 [17] ERROR WebForLink.Web.Filters.BreadCrumbAttribute - Controller: FichaCadastral, Action: Ficha, UsuarioId: 351
2017-02-03 15:30:49,278 [20] ERROR WebForLink.Web.Filters.BreadCrumbAttribute - Controller: NovoDadosEndereco, Action: AdicionarDadosEnderecos, UsuarioId: 351
2017-02-03 15:31:06,964 [16] ERROR WebForLink.Web.Filters.BreadCrumbAttribute - Controller: NovoDadosEndereco, Action: AdicionarDadosEnderecos, UsuarioId: 351
2017-02-03 15:31:13,351 [20] ERROR WebForLink.Web.Filters.BreadCrumbAttribute - Controller: NovoDadosEndereco, Action: AdicionarDadosEnderecos, UsuarioId: 351
2017-02-03 15:31:48,767 [20] ERROR WebForLink.Web.Filters.BreadCrumbAttribute - Controller: FichaCadastral, Action: Ficha, UsuarioId: 351
2017-02-03 15:32:47,820 [22] ERROR WebForLink.Web.Filters.BreadCrumbAttribute - Controller: FichaCadastral, Action: Ficha, UsuarioId: 351
2017-02-03 15:34:31,264 [25] ERROR WebForLink.Web.Filters.BreadCrumbAttribute - Controller: FichaCadastral, Action: Ficha, UsuarioId: 351
2017-02-03 15:34:46,953 [25] ERROR WebForLink.Web.Filters.BreadCrumbAttribute - Controller: NovoDadosEndereco, Action: AdicionarDadosEnderecos, UsuarioId: 351
2017-02-03 15:35:16,148 [32] ERROR WebForLink.Web.Filters.BreadCrumbAttribute - Controller: FichaCadastral, Action: Ficha, UsuarioId: 351
2017-02-03 15:35:25,972 [31] ERROR WebForLink.Web.Filters.BreadCrumbAttribute - Controller: FichaCadastral, Action: Ficha, UsuarioId: 351
2017-02-03 15:35:32,228 [31] ERROR WebForLink.Web.Filters.BreadCrumbAttribute - Controller: NovoDadosEndereco, Action: AdicionarDadosEnderecos, UsuarioId: 351
2017-02-03 15:35:36,201 [32] ERROR WebForLink.Web.Filters.BreadCrumbAttribute - Controller: FichaCadastral, Action: Ficha, UsuarioId: 351
2017-02-03 15:38:59,946 [9] ERROR WebForLink.Web.Filters.BreadCrumbAttribute - Controller: FichaCadastral, Action: Ficha, UsuarioId: 351
2017-02-03 15:39:28,798 [11] ERROR WebForLink.Web.Filters.BreadCrumbAttribute - Controller: NovoDadosEndereco, Action: AdicionarDadosEnderecos, UsuarioId: 351
2017-02-03 15:39:32,480 [17] ERROR WebForLink.Web.Filters.BreadCrumbAttribute - Controller: NovoDadosEndereco, Action: AdicionarDadosEnderecos, UsuarioId: 351
2017-02-03 15:39:34,253 [17] ERROR WebForLink.Web.Filters.BreadCrumbAttribute - Controller: NovoDadosEndereco, Action: AdicionarDadosEnderecos, UsuarioId: 351
2017-02-03 15:39:36,321 [17] ERROR WebForLink.Web.Filters.BreadCrumbAttribute - Controller: NovoDadosEndereco, Action: AdicionarDadosEnderecos, UsuarioId: 351
2017-02-03 15:40:11,848 [17] ERROR WebForLink.Web.Filters.BreadCrumbAttribute - Controller: FichaCadastral, Action: Ficha, UsuarioId: 351
2017-02-03 15:41:08,443 [22] ERROR WebForLink.Web.Filters.BreadCrumbAttribute - Controller: FichaCadastral, Action: Ficha, UsuarioId: 351
2017-02-03 15:41:22,788 [6] ERROR WebForLink.Web.Filters.BreadCrumbAttribute - Controller: NovoDadosEndereco, Action: AdicionarDadosEnderecos, UsuarioId: 351
2017-02-03 15:44:13,052 [41] ERROR WebForLink.Web.Filters.BreadCrumbAttribute - Controller: FichaCadastral, Action: Ficha, UsuarioId: 351
2017-02-03 15:44:19,431 [24] ERROR WebForLink.Web.MvcApplication - Referência de objeto não definida para uma instância de um objeto.
2017-02-03 15:44:19,440 [24] ERROR WebForLink.Web.MvcApplication - Referência de objeto não definida para uma instância de um objeto.
2017-02-03 15:44:24,182 [37] ERROR WebForLink.Web.MvcApplication - Aplicação Iniciada
2017-02-03 15:44:26,950 [37] ERROR WebForLink.Web.Mappers.MappingProfile - Mapper not initialized. Call Initialize with appropriate configuration. If you are trying to use mapper instances through a container or otherwise, make sure you do not have any calls to the static Mapper.Map methods, and if you're using ProjectTo or UseAsDataSource extension methods, make sure you pass in the appropriate IConfigurationProvider instance.
2017-02-03 15:44:30,457 [38] ERROR WebForLink.Web.Filters.BreadCrumbAttribute - Controller: FichaCadastral, Action: Ficha, UsuarioId: 351
2017-02-03 15:44:49,822 [33] ERROR WebForLink.Web.Filters.BreadCrumbAttribute - Controller: FichaCadastral, Action: Ficha, UsuarioId: 351
2017-02-03 15:45:07,724 [33] ERROR WebForLink.Web.Filters.BreadCrumbAttribute - Controller: NovoDadosEndereco, Action: adicionar, UsuarioId: 351
2017-02-03 15:47:51,665 [32] ERROR WebForLink.Web.MvcApplication - Referência de objeto não definida para uma instância de um objeto.
2017-02-03 15:48:04,023 [18] ERROR WebForLink.Web.MvcApplication - Aplicação Iniciada
2017-02-03 15:48:05,223 [18] ERROR WebForLink.Web.Mappers.MappingProfile - Mapper not initialized. Call Initialize with appropriate configuration. If you are trying to use mapper instances through a container or otherwise, make sure you do not have any calls to the static Mapper.Map methods, and if you're using ProjectTo or UseAsDataSource extension methods, make sure you pass in the appropriate IConfigurationProvider instance.
2017-02-03 15:48:07,884 [5] ERROR WebForLink.Web.Filters.BreadCrumbAttribute - Controller: Convite, Action: Index, UsuarioId: 351
2017-02-03 15:48:07,884 [30] ERROR WebForLink.Web.Filters.BreadCrumbAttribute - Controller: FichaCadastral, Action: Ficha, UsuarioId: 351
2017-02-03 15:48:24,944 [19] ERROR WebForLink.Web.Filters.BreadCrumbAttribute - Controller: NovoDadosEndereco, Action: adicionar, UsuarioId: 351
2017-02-03 15:48:35,865 [19] ERROR WebForLink.Web.MvcApplication - Erro na aplicação Erro inesperado 
 Identificador: 1ef0359ad86a452da5eead3eb5e3c863
System.InvalidOperationException: The model item passed into the dictionary is of type 'System.Collections.Generic.List`1[WebForLink.Web.Controllers.NovaFichaCadastral.NovoDadosEnderecoVM]', but this dictionary requires a model item of type 'WebForLink.Web.ViewModels.DadosEnderecosVM'.
   em System.Web.Mvc.ViewDataDictionary`1.SetModel(Object value)
   em System.Web.Mvc.ViewDataDictionary.set_Model(Object value)
   em System.Web.Mvc.ViewDataDictionary..ctor(ViewDataDictionary dictionary)
   em System.Web.Mvc.ViewDataDictionary`1..ctor(ViewDataDictionary viewDataDictionary)
   em System.Web.Mvc.WebViewPage`1.SetViewData(ViewDataDictionary viewData)
   em System.Web.Mvc.WebViewPage.set_ViewData(ViewDataDictionary value)
   em System.Web.Mvc.RazorView.RenderView(ViewContext viewContext, TextWriter writer, Object instance)
   em System.Web.Mvc.BuildManagerCompiledView.Render(ViewContext viewContext, TextWriter writer)
   em System.Web.Mvc.ViewResultBase.ExecuteResult(ControllerContext context)
   em System.Web.Mvc.ControllerActionInvoker.InvokeActionResult(ControllerContext controllerContext, ActionResult actionResult)
   em System.Web.Mvc.ControllerActionInvoker.InvokeActionResultFilterRecursive(IList`1 filters, Int32 filterIndex, ResultExecutingContext preContext, ControllerContext controllerContext, ActionResult actionResult)
   em System.Web.Mvc.ControllerActionInvoker.InvokeActionResultFilterRecursive(IList`1 filters, Int32 filterIndex, ResultExecutingContext preContext, ControllerContext controllerContext, ActionResult actionResult)
   em System.Web.Mvc.ControllerActionInvoker.InvokeActionResultFilterRecursive(IList`1 filters, Int32 filterIndex, ResultExecutingContext preContext, ControllerContext controllerContext, ActionResult actionResult)
   em System.Web.Mvc.ControllerActionInvoker.InvokeActionResultWithFilters(ControllerContext controllerContext, IList`1 filters, ActionResult actionResult)
   em System.Web.Mvc.Async.AsyncControllerActionInvoker.<>c__DisplayClass21.<>c__DisplayClass2b.<BeginInvokeAction>b__1c()
   em System.Web.Mvc.Async.AsyncControllerActionInvoker.<>c__DisplayClass21.<BeginInvokeAction>b__1e(IAsyncResult asyncResult)
   em System.Web.Mvc.Async.AsyncResultWrapper.WrappedAsyncResult`1.CallEndDelegate(IAsyncResult asyncResult)
   em System.Web.Mvc.Async.AsyncResultWrapper.WrappedAsyncResultBase`1.End()
   em System.Web.Mvc.Async.AsyncResultWrapper.End[TResult](IAsyncResult asyncResult, Object tag)
   em System.Web.Mvc.Async.AsyncControllerActionInvoker.EndInvokeAction(IAsyncResult asyncResult)
   em System.Web.Mvc.Controller.<BeginExecuteCore>b__1d(IAsyncResult asyncResult, ExecuteCoreState innerState)
   em System.Web.Mvc.Async.AsyncResultWrapper.WrappedAsyncVoid`1.CallEndDelegate(IAsyncResult asyncResult)
   em System.Web.Mvc.Async.AsyncResultWrapper.WrappedAsyncResultBase`1.End()
   em System.Web.Mvc.Async.AsyncResultWrapper.End[TResult](IAsyncResult asyncResult, Object tag)
   em System.Web.Mvc.Async.AsyncResultWrapper.End(IAsyncResult asyncResult, Object tag)
   em System.Web.Mvc.Controller.EndExecuteCore(IAsyncResult asyncResult)
   em System.Web.Mvc.Controller.<BeginExecute>b__15(IAsyncResult asyncResult, Controller controller)
   em System.Web.Mvc.Async.AsyncResultWrapper.WrappedAsyncVoid`1.CallEndDelegate(IAsyncResult asyncResult)
   em System.Web.Mvc.Async.AsyncResultWrapper.WrappedAsyncResultBase`1.End()
   em System.Web.Mvc.Async.AsyncResultWrapper.End[TResult](IAsyncResult asyncResult, Object tag)
   em System.Web.Mvc.Async.AsyncResultWrapper.End(IAsyncResult asyncResult, Object tag)
   em System.Web.Mvc.Controller.EndExecute(IAsyncResult asyncResult)
   em System.Web.Mvc.Controller.System.Web.Mvc.Async.IAsyncController.EndExecute(IAsyncResult asyncResult)
   em System.Web.Mvc.MvcHandler.<BeginProcessRequest>b__5(IAsyncResult asyncResult, ProcessRequestState innerState)
   em System.Web.Mvc.Async.AsyncResultWrapper.WrappedAsyncVoid`1.CallEndDelegate(IAsyncResult asyncResult)
   em System.Web.Mvc.Async.AsyncResultWrapper.WrappedAsyncResultBase`1.End()
   em System.Web.Mvc.Async.AsyncResultWrapper.End[TResult](IAsyncResult asyncResult, Object tag)
   em System.Web.Mvc.Async.AsyncResultWrapper.End(IAsyncResult asyncResult, Object tag)
   em System.Web.Mvc.MvcHandler.EndProcessRequest(IAsyncResult asyncResult)
   em System.Web.Mvc.MvcHandler.System.Web.IHttpAsyncHandler.EndProcessRequest(IAsyncResult result)
   em System.Web.HttpApplication.CallHandlerExecutionStep.System.Web.HttpApplication.IExecutionStep.Execute()
   em System.Web.HttpApplication.ExecuteStep(IExecutionStep step, Boolean& completedSynchronously)
2017-02-03 15:48:35,908 [19] ERROR WebForLink.Web.Filters.BreadCrumbAttribute - Controller: Convite, Action: PaginaInicial, UsuarioId: 351
2017-02-03 15:48:35,944 [19] ERROR WebForLink.Web.Controllers.ConviteController - WebForLink.Domain.Infrastructure.CriptografiaException: Erro ao Descriptografar ---> System.FormatException: Comprimento inválido para uma matriz ou uma cadeia de caracteres de Base 64.
   em System.Convert.FromBase64_Decode(Char* startInputPtr, Int32 inputLength, Byte* startDestPtr, Int32 destLength)
   em System.Convert.FromBase64CharPtr(Char* inputPtr, Int32 inputLength)
   em System.Convert.FromBase64String(String s)
   em WebForLink.Domain.Infrastructure.Criptografia.Descriptografar() na C:\RepositorioTFS\WEBFORLINKv2\Code\WebForLink\WebForLink.Domain\Services\ChMasterData\Criptografia.cs:linha 79
   --- Fim do rastreamento de pilha de exceções internas ---
   em WebForLink.Domain.Infrastructure.Criptografia.Descriptografar() na C:\RepositorioTFS\WEBFORLINKv2\Code\WebForLink\WebForLink.Domain\Services\ChMasterData\Criptografia.cs:linha 89
   em WebForLink.Domain.Infrastructure.Criptografia.ReadUrl(String pUrl, String key) na C:\RepositorioTFS\WEBFORLINKv2\Code\WebForLink\WebForLink.Domain\Services\ChMasterData\Criptografia.cs:linha 150
   em WebForLink.Domain.Infrastructure.Criptografia..ctor(EnumCripto tipo, String palavra, String chave) na C:\RepositorioTFS\WEBFORLINKv2\Code\WebForLink\WebForLink.Domain\Services\ChMasterData\Criptografia.cs:linha 53
   em WebForLink.Application.Services.SolicitacaoAppService.DescriptografarLinkConvite(String chaveUrl) na C:\RepositorioTFS\WEBFORLINKv2\Code\WebForLink\WebForLink.Service\Services\SolicitacaoDocumentoService.cs:linha 38
   em WebForLink.Web.Controllers.ConviteController.PaginaInicial(String chave, SolicitacaoConviteVM model) na C:\RepositorioTFS\WEBFORLINKv2\Code\WebForLink\WebForLink.Web\Controllers\ConviteController.cs:linha 60
2017-02-03 15:48:35,966 [19] ERROR WebForLink.Web.Filters.BreadCrumbAttribute - Controller: Convite, Action: Index, UsuarioId: 351
2017-02-03 15:49:44,385 [21] ERROR WebForLink.Web.MvcApplication - Aplicação Iniciada
2017-02-03 15:49:45,889 [21] ERROR WebForLink.Web.Mappers.MappingProfile - Mapper not initialized. Call Initialize with appropriate configuration. If you are trying to use mapper instances through a container or otherwise, make sure you do not have any calls to the static Mapper.Map methods, and if you're using ProjectTo or UseAsDataSource extension methods, make sure you pass in the appropriate IConfigurationProvider instance.
2017-02-03 15:50:05,145 [31] ERROR WebForLink.Web.MvcApplication - Erro inesperado
System.Web.HttpException (0x80004005): Estado da sessão não está disponível neste contexto.
   em System.Web.HttpApplication.get_Session()
   em WebForLink.Web.MvcApplication.Application_Error(Object sender, EventArgs e) na C:\RepositorioTFS\WEBFORLINKv2\Code\WebForLink\WebForLink.Web\Global.asax.cs:linha 198
2017-02-03 15:50:05,283 [13] ERROR WebForLink.Web.Filters.BreadCrumbAttribute - Controller: FichaCadastral, Action: Ficha, UsuarioId: 351
2017-02-03 15:50:05,283 [31] ERROR WebForLink.Web.Filters.BreadCrumbAttribute - Controller: Convite, Action: PaginaInicial, UsuarioId: 351
2017-02-03 15:50:07,096 [31] ERROR WebForLink.Web.Controllers.ConviteController - WebForLink.Domain.Infrastructure.CriptografiaException: Erro ao Descriptografar ---> System.FormatException: Comprimento inválido para uma matriz ou uma cadeia de caracteres de Base 64.
   em System.Convert.FromBase64_Decode(Char* startInputPtr, Int32 inputLength, Byte* startDestPtr, Int32 destLength)
   em System.Convert.FromBase64CharPtr(Char* inputPtr, Int32 inputLength)
   em System.Convert.FromBase64String(String s)
   em WebForLink.Domain.Infrastructure.Criptografia.Descriptografar() na C:\RepositorioTFS\WEBFORLINKv2\Code\WebForLink\WebForLink.Domain\Services\ChMasterData\Criptografia.cs:linha 79
   --- Fim do rastreamento de pilha de exceções internas ---
   em WebForLink.Domain.Infrastructure.Criptografia.Descriptografar() na C:\RepositorioTFS\WEBFORLINKv2\Code\WebForLink\WebForLink.Domain\Services\ChMasterData\Criptografia.cs:linha 89
   em WebForLink.Domain.Infrastructure.Criptografia.ReadUrl(String pUrl, String key) na C:\RepositorioTFS\WEBFORLINKv2\Code\WebForLink\WebForLink.Domain\Services\ChMasterData\Criptografia.cs:linha 150
   em WebForLink.Domain.Infrastructure.Criptografia..ctor(EnumCripto tipo, String palavra, String chave) na C:\RepositorioTFS\WEBFORLINKv2\Code\WebForLink\WebForLink.Domain\Services\ChMasterData\Criptografia.cs:linha 53
   em WebForLink.Application.Services.SolicitacaoAppService.DescriptografarLinkConvite(String chaveUrl) na C:\RepositorioTFS\WEBFORLINKv2\Code\WebForLink\WebForLink.Service\Services\SolicitacaoDocumentoService.cs:linha 38
   em WebForLink.Web.Controllers.ConviteController.PaginaInicial(String chave, SolicitacaoConviteVM model) na C:\RepositorioTFS\WEBFORLINKv2\Code\WebForLink\WebForLink.Web\Controllers\ConviteController.cs:linha 60
2017-02-03 15:50:11,595 [24] ERROR WebForLink.Web.Filters.BreadCrumbAttribute - Controller: FichaCadastral, Action: Ficha, UsuarioId: 351
2017-02-03 15:50:16,959 [5] ERROR WebForLink.Web.MvcApplication - Referência de objeto não definida para uma instância de um objeto.
2017-02-03 15:50:17,019 [5] ERROR WebForLink.Web.MvcApplication - Referência de objeto não definida para uma instância de um objeto.
2017-02-03 15:50:20,400 [5] ERROR WebForLink.Web.Filters.BreadCrumbAttribute - Controller: NovoDadosEndereco, Action: adicionar, UsuarioId: 351
2017-02-03 15:51:24,640 [43] ERROR WebForLink.Web.Filters.BreadCrumbAttribute - Controller: FichaCadastral, Action: Ficha, UsuarioId: 351
2017-02-03 15:51:37,453 [39] ERROR WebForLink.Web.Filters.BreadCrumbAttribute - Controller: NovoDadosEndereco, Action: adicionar, UsuarioId: 351
2017-02-03 15:53:12,406 [33] ERROR WebForLink.Web.Filters.BreadCrumbAttribute - Controller: FichaCadastral, Action: Ficha, UsuarioId: 351
2017-02-03 15:53:22,795 [27] ERROR WebForLink.Web.Filters.BreadCrumbAttribute - Controller: NovoDadosEndereco, Action: adicionar, UsuarioId: 351
2017-02-03 15:53:39,042 [27] ERROR WebForLink.Web.Filters.BreadCrumbAttribute - Controller: NovoDadosEndereco, Action: adicionar, UsuarioId: 351
2017-02-03 15:53:45,713 [33] ERROR WebForLink.Web.Filters.BreadCrumbAttribute - Controller: NovoDadosEndereco, Action: adicionar, UsuarioId: 351
2017-02-03 15:54:44,024 [19] ERROR WebForLink.Web.Filters.BreadCrumbAttribute - Controller: FichaCadastral, Action: Ficha, UsuarioId: 351
2017-02-03 15:57:58,143 [17] ERROR WebForLink.Web.Filters.BreadCrumbAttribute - Controller: FichaCadastral, Action: Ficha, UsuarioId: 351
2017-02-03 15:58:07,913 [17] ERROR WebForLink.Web.Filters.BreadCrumbAttribute - Controller: NovoDadosEndereco, Action: adicionar, UsuarioId: 351
2017-02-03 15:58:09,651 [17] ERROR WebForLink.Web.Filters.BreadCrumbAttribute - Controller: NovoDadosEndereco, Action: adicionar, UsuarioId: 351
2017-02-03 15:58:11,249 [26] ERROR WebForLink.Web.Filters.BreadCrumbAttribute - Controller: NovoDadosEndereco, Action: adicionar, UsuarioId: 351
2017-02-03 16:05:32,286 [59] ERROR WebForLink.Web.MvcApplication - Referência de objeto não definida para uma instância de um objeto.
2017-02-03 16:05:44,974 [40] ERROR WebForLink.Web.MvcApplication - Aplicação Iniciada
2017-02-03 16:05:45,964 [40] ERROR WebForLink.Web.Mappers.MappingProfile - Mapper not initialized. Call Initialize with appropriate configuration. If you are trying to use mapper instances through a container or otherwise, make sure you do not have any calls to the static Mapper.Map methods, and if you're using ProjectTo or UseAsDataSource extension methods, make sure you pass in the appropriate IConfigurationProvider instance.
2017-02-03 16:05:48,149 [59] ERROR WebForLink.Web.Filters.BreadCrumbAttribute - Controller: Convite, Action: Index, UsuarioId: 351
2017-02-03 16:11:05,593 [66] ERROR WebForLink.Web.MvcApplication - Referência de objeto não definida para uma instância de um objeto.
2017-02-03 16:11:16,881 [40] ERROR WebForLink.Web.MvcApplication - Aplicação Iniciada
2017-02-03 16:11:18,857 [40] ERROR WebForLink.Web.Mappers.MappingProfile - Mapper not initialized. Call Initialize with appropriate configuration. If you are trying to use mapper instances through a container or otherwise, make sure you do not have any calls to the static Mapper.Map methods, and if you're using ProjectTo or UseAsDataSource extension methods, make sure you pass in the appropriate IConfigurationProvider instance.
2017-02-03 16:11:21,742 [72] ERROR WebForLink.Web.Filters.BreadCrumbAttribute - Controller: FichaCadastral, Action: Ficha, UsuarioId: 351
2017-02-03 16:11:21,742 [70] ERROR WebForLink.Web.Filters.BreadCrumbAttribute - Controller: Convite, Action: Index, UsuarioId: 351
2017-02-03 16:11:27,882 [72] ERROR WebForLink.Web.MvcApplication - Erro na aplicação Erro inesperado 
 Identificador: cc6e6b45d5344e4c9face0a889a9f6fd
System.NotImplementedException: O método ou a operação não está implementada.
   em WebForLink.Application.Services.Process.ContratanteFornecedorWebForLinkAppService.Get(Expression`1 predicate, Boolean readonly) na C:\RepositorioTFS\WEBFORLINKv2\Code\WebForLink\WebForLink.Service\Services\Process\ContratanteFornecedorService.cs:linha 112
   em WebForLink.Web.Controllers.FichaCadastralController.Ficha(String chaveUrl) na C:\RepositorioTFS\WEBFORLINKv2\Code\WebForLink\WebForLink.Web\Controllers\FichaCadastralController.cs:linha 140
   em lambda_method(Closure , ControllerBase , Object[] )
   em System.Web.Mvc.ActionMethodDispatcher.Execute(ControllerBase controller, Object[] parameters)
   em System.Web.Mvc.ReflectedActionDescriptor.Execute(ControllerContext controllerContext, IDictionary`2 parameters)
   em System.Web.Mvc.ControllerActionInvoker.InvokeActionMethod(ControllerContext controllerContext, ActionDescriptor actionDescriptor, IDictionary`2 parameters)
   em System.Web.Mvc.Async.AsyncControllerActionInvoker.ActionInvocation.InvokeSynchronousActionMethod()
   em System.Web.Mvc.Async.AsyncControllerActionInvoker.<BeginInvokeSynchronousActionMethod>b__39(IAsyncResult asyncResult, ActionInvocation innerInvokeState)
   em System.Web.Mvc.Async.AsyncResultWrapper.WrappedAsyncResult`2.CallEndDelegate(IAsyncResult asyncResult)
   em System.Web.Mvc.Async.AsyncResultWrapper.WrappedAsyncResultBase`1.End()
   em System.Web.Mvc.Async.AsyncResultWrapper.End[TResult](IAsyncResult asyncResult, Object tag)
   em System.Web.Mvc.Async.AsyncControllerActionInvoker.EndInvokeActionMethod(IAsyncResult asyncResult)
   em System.Web.Mvc.Async.AsyncControllerActionInvoker.AsyncInvocationWithFilters.<InvokeActionMethodFilterAsynchronouslyRecursive>b__3d()
   em System.Web.Mvc.Async.AsyncControllerActionInvoker.AsyncInvocationWithFilters.<>c__DisplayClass46.<InvokeActionMethodFilterAsynchronouslyRecursive>b__3f()
   em System.Web.Mvc.Async.AsyncControllerActionInvoker.AsyncInvocationWithFilters.<>c__DisplayClass46.<InvokeActionMethodFilterAsynchronouslyRecursive>b__3f()
   em System.Web.Mvc.Async.AsyncControllerActionInvoker.<>c__DisplayClass33.<BeginInvokeActionMethodWithFilters>b__32(IAsyncResult asyncResult)
   em System.Web.Mvc.Async.AsyncResultWrapper.WrappedAsyncResult`1.CallEndDelegate(IAsyncResult asyncResult)
   em System.Web.Mvc.Async.AsyncResultWrapper.WrappedAsyncResultBase`1.End()
   em System.Web.Mvc.Async.AsyncResultWrapper.End[TResult](IAsyncResult asyncResult, Object tag)
   em System.Web.Mvc.Async.AsyncControllerActionInvoker.EndInvokeActionMethodWithFilters(IAsyncResult asyncResult)
   em System.Web.Mvc.Async.AsyncControllerActionInvoker.<>c__DisplayClass21.<>c__DisplayClass2b.<BeginInvokeAction>b__1c()
   em System.Web.Mvc.Async.AsyncControllerActionInvoker.<>c__DisplayClass21.<BeginInvokeAction>b__1e(IAsyncResult asyncResult)
   em System.Web.Mvc.Async.AsyncResultWrapper.WrappedAsyncResult`1.CallEndDelegate(IAsyncResult asyncResult)
   em System.Web.Mvc.Async.AsyncResultWrapper.WrappedAsyncResultBase`1.End()
   em System.Web.Mvc.Async.AsyncResultWrapper.End[TResult](IAsyncResult asyncResult, Object tag)
   em System.Web.Mvc.Async.AsyncControllerActionInvoker.EndInvokeAction(IAsyncResult asyncResult)
   em System.Web.Mvc.Controller.<BeginExecuteCore>b__1d(IAsyncResult asyncResult, ExecuteCoreState innerState)
   em System.Web.Mvc.Async.AsyncResultWrapper.WrappedAsyncVoid`1.CallEndDelegate(IAsyncResult asyncResult)
   em System.Web.Mvc.Async.AsyncResultWrapper.WrappedAsyncResultBase`1.End()
   em System.Web.Mvc.Async.AsyncResultWrapper.End[TResult](IAsyncResult asyncResult, Object tag)
   em System.Web.Mvc.Async.AsyncResultWrapper.End(IAsyncResult asyncResult, Object tag)
   em System.Web.Mvc.Controller.EndExecuteCore(IAsyncResult asyncResult)
   em System.Web.Mvc.Controller.<BeginExecute>b__15(IAsyncResult asyncResult, Controller controller)
   em System.Web.Mvc.Async.AsyncResultWrapper.WrappedAsyncVoid`1.CallEndDelegate(IAsyncResult asyncResult)
   em System.Web.Mvc.Async.AsyncResultWrapper.WrappedAsyncResultBase`1.End()
   em System.Web.Mvc.Async.AsyncResultWrapper.End[TResult](IAsyncResult asyncResult, Object tag)
   em System.Web.Mvc.Async.AsyncResultWrapper.End(IAsyncResult asyncResult, Object tag)
   em System.Web.Mvc.Controller.EndExecute(IAsyncResult asyncResult)
   em System.Web.Mvc.Controller.System.Web.Mvc.Async.IAsyncController.EndExecute(IAsyncResult asyncResult)
   em System.Web.Mvc.MvcHandler.<BeginProcessRequest>b__5(IAsyncResult asyncResult, ProcessRequestState innerState)
   em System.Web.Mvc.Async.AsyncResultWrapper.WrappedAsyncVoid`1.CallEndDelegate(IAsyncResult asyncResult)
   em System.Web.Mvc.Async.AsyncResultWrapper.WrappedAsyncResultBase`1.End()
   em System.Web.Mvc.Async.AsyncResultWrapper.End[TResult](IAsyncResult asyncResult, Object tag)
   em System.Web.Mvc.Async.AsyncResultWrapper.End(IAsyncResult asyncResult, Object tag)
   em System.Web.Mvc.MvcHandler.EndProcessRequest(IAsyncResult asyncResult)
   em System.Web.Mvc.MvcHandler.System.Web.IHttpAsyncHandler.EndProcessRequest(IAsyncResult result)
   em System.Web.HttpApplication.CallHandlerExecutionStep.System.Web.HttpApplication.IExecutionStep.Execute()
   em System.Web.HttpApplication.ExecuteStep(IExecutionStep step, Boolean& completedSynchronously)
2017-02-03 16:11:27,936 [72] ERROR WebForLink.Web.Filters.BreadCrumbAttribute - Controller: Convite, Action: PaginaInicial, UsuarioId: 351
2017-02-03 16:11:27,941 [72] ERROR WebForLink.Web.Controllers.ConviteController - WebForLink.Domain.Infrastructure.CriptografiaException: Erro ao Descriptografar ---> System.FormatException: Comprimento inválido para uma matriz ou uma cadeia de caracteres de Base 64.
   em System.Convert.FromBase64_Decode(Char* startInputPtr, Int32 inputLength, Byte* startDestPtr, Int32 destLength)
   em System.Convert.FromBase64CharPtr(Char* inputPtr, Int32 inputLength)
   em System.Convert.FromBase64String(String s)
   em WebForLink.Domain.Infrastructure.Criptografia.Descriptografar() na C:\RepositorioTFS\WEBFORLINKv2\Code\WebForLink\WebForLink.Domain\Services\ChMasterData\Criptografia.cs:linha 79
   --- Fim do rastreamento de pilha de exceções internas ---
   em WebForLink.Domain.Infrastructure.Criptografia.Descriptografar() na C:\RepositorioTFS\WEBFORLINKv2\Code\WebForLink\WebForLink.Domain\Services\ChMasterData\Criptografia.cs:linha 89
   em WebForLink.Domain.Infrastructure.Criptografia.ReadUrl(String pUrl, String key) na C:\RepositorioTFS\WEBFORLINKv2\Code\WebForLink\WebForLink.Domain\Services\ChMasterData\Criptografia.cs:linha 150
   em WebForLink.Domain.Infrastructure.Criptografia..ctor(EnumCripto tipo, String palavra, String chave) na C:\RepositorioTFS\WEBFORLINKv2\Code\WebForLink\WebForLink.Domain\Services\ChMasterData\Criptografia.cs:linha 53
   em WebForLink.Application.Services.SolicitacaoAppService.DescriptografarLinkConvite(String chaveUrl) na C:\RepositorioTFS\WEBFORLINKv2\Code\WebForLink\WebForLink.Service\Services\SolicitacaoDocumentoService.cs:linha 38
   em WebForLink.Web.Controllers.ConviteController.PaginaInicial(String chave, SolicitacaoConviteVM model) na C:\RepositorioTFS\WEBFORLINKv2\Code\WebForLink\WebForLink.Web\Controllers\ConviteController.cs:linha 60
2017-02-03 16:11:33,099 [68] ERROR WebForLink.Web.Filters.BreadCrumbAttribute - Controller: Convite, Action: Index, UsuarioId: 351
2017-02-03 16:12:10,945 [37] ERROR WebForLink.Web.MvcApplication - Aplicação Iniciada
2017-02-03 16:12:12,328 [37] ERROR WebForLink.Web.Mappers.MappingProfile - Mapper not initialized. Call Initialize with appropriate configuration. If you are trying to use mapper instances through a container or otherwise, make sure you do not have any calls to the static Mapper.Map methods, and if you're using ProjectTo or UseAsDataSource extension methods, make sure you pass in the appropriate IConfigurationProvider instance.
2017-02-03 16:12:14,967 [68] ERROR WebForLink.Web.Filters.BreadCrumbAttribute - Controller: Convite, Action: Index, UsuarioId: 351
2017-02-03 16:12:14,967 [9] ERROR WebForLink.Web.Filters.BreadCrumbAttribute - Controller: FichaCadastral, Action: Ficha, UsuarioId: 351
2017-02-03 16:12:37,653 [59] ERROR WebForLink.Web.MvcApplication - Referência de objeto não definida para uma instância de um objeto.
2017-02-03 16:12:37,691 [59] ERROR WebForLink.Web.MvcApplication - Referência de objeto não definida para uma instância de um objeto.
2017-02-03 16:14:48,148 [59] ERROR WebForLink.Web.MvcApplication - Referência de objeto não definida para uma instância de um objeto.
2017-02-03 16:14:59,871 [40] ERROR WebForLink.Web.MvcApplication - Aplicação Iniciada
2017-02-03 16:15:00,917 [40] ERROR WebForLink.Web.Mappers.MappingProfile - Mapper not initialized. Call Initialize with appropriate configuration. If you are trying to use mapper instances through a container or otherwise, make sure you do not have any calls to the static Mapper.Map methods, and if you're using ProjectTo or UseAsDataSource extension methods, make sure you pass in the appropriate IConfigurationProvider instance.
2017-02-03 16:15:03,311 [71] ERROR WebForLink.Web.Filters.BreadCrumbAttribute - Controller: Convite, Action: Index, UsuarioId: 351
2017-02-03 16:15:03,311 [42] ERROR WebForLink.Web.Filters.BreadCrumbAttribute - Controller: FichaCadastral, Action: Ficha, UsuarioId: 351
2017-02-03 16:17:02,409 [59] ERROR WebForLink.Web.MvcApplication - Referência de objeto não definida para uma instância de um objeto.
2017-02-03 16:17:15,720 [13] ERROR WebForLink.Web.MvcApplication - Aplicação Iniciada
2017-02-03 16:17:17,277 [13] ERROR WebForLink.Web.Mappers.MappingProfile - Mapper not initialized. Call Initialize with appropriate configuration. If you are trying to use mapper instances through a container or otherwise, make sure you do not have any calls to the static Mapper.Map methods, and if you're using ProjectTo or UseAsDataSource extension methods, make sure you pass in the appropriate IConfigurationProvider instance.
2017-02-03 16:17:19,888 [42] ERROR WebForLink.Web.Filters.BreadCrumbAttribute - Controller: Convite, Action: Index, UsuarioId: 351
2017-02-03 16:22:49,942 [9] ERROR WebForLink.Web.Filters.BreadCrumbAttribute - Controller: MeusDocumentos, Action: minhafichacadastral, UsuarioId: 351
2017-02-03 16:22:54,768 [66] ERROR WebForLink.Web.Filters.BreadCrumbAttribute - Controller: FichaCadastral, Action: Ficha, UsuarioId: 351
2017-02-03 16:24:16,874 [71] ERROR WebForLink.Web.Filters.BreadCrumbAttribute - Controller: FichaCadastral, Action: Ficha, UsuarioId: 351
2017-02-03 16:26:39,959 [62] ERROR WebForLink.Web.Filters.BreadCrumbAttribute - Controller: MeusDocumentos, Action: minhafichacadastral, UsuarioId: 351
2017-02-03 16:27:46,031 [65] ERROR WebForLink.Web.Filters.BreadCrumbAttribute - Controller: Destinatario, Action: destinatariolst, UsuarioId: 351
2017-02-03 16:27:46,032 [65] ERROR WebForLink.Web.Infrastructure.WebForLinkFilter - filterContext
System.Exception: OnActionExecuting(ActionExecutingContext filterContext)
2017-02-03 16:27:46,352 [65] ERROR WebForLink.Web.Infrastructure.WebForLinkFilter - filterContext
System.Exception: OnActionExecuted(ActionExecutedContext filterContext)
2017-02-03 16:27:46,353 [65] ERROR WebForLink.Web.Infrastructure.WebForLinkFilter - filterContext
System.Exception: OnResultExecuting(ResultExecutingContext filterContext)
2017-02-03 16:27:51,141 [65] ERROR WebForLink.Web.Infrastructure.WebForLinkFilter - filterContext
System.Exception: OnResultExecuted(ResultExecutedContext filterContext)
2017-02-03 16:28:50,569 [30] ERROR WebForLink.Web.Filters.BreadCrumbAttribute - Controller: Destinatario, Action: editar, UsuarioId: 351
2017-02-03 16:28:50,570 [30] ERROR WebForLink.Web.Infrastructure.WebForLinkFilter - filterContext
System.Exception: OnActionExecuting(ActionExecutingContext filterContext)
2017-02-03 16:28:50,613 [30] ERROR WebForLink.Web.Infrastructure.WebForLinkFilter - filterContext
System.Exception: OnActionExecuted(ActionExecutedContext filterContext)
2017-02-03 16:28:50,618 [30] ERROR WebForLink.Web.Infrastructure.WebForLinkFilter - filterContext
System.Exception: OnResultExecuting(ResultExecutingContext filterContext)
2017-02-03 16:28:54,559 [30] ERROR WebForLink.Web.Infrastructure.WebForLinkFilter - filterContext
System.Exception: OnResultExecuted(ResultExecutedContext filterContext)
2017-02-03 16:29:02,388 [30] ERROR WebForLink.Web.Filters.BreadCrumbAttribute - Controller: Destinatario, Action: destinatariofrm, UsuarioId: 351
2017-02-03 16:29:02,389 [30] ERROR WebForLink.Web.Infrastructure.WebForLinkFilter - filterContext
System.Exception: OnActionExecuting(ActionExecutingContext filterContext)
2017-02-03 16:29:02,693 [30] ERROR WebForLink.Web.Infrastructure.WebForLinkFilter - filterContext
System.Exception: OnActionExecuted(ActionExecutedContext filterContext)
2017-02-03 16:29:02,693 [30] ERROR WebForLink.Web.Infrastructure.WebForLinkFilter - filterContext
System.Exception: OnResultExecuting(ResultExecutingContext filterContext)
2017-02-03 16:29:02,697 [30] ERROR WebForLink.Web.Infrastructure.WebForLinkFilter - filterContext
System.Exception: OnResultExecuted(ResultExecutedContext filterContext)
2017-02-03 16:29:02,707 [68] ERROR WebForLink.Web.Filters.BreadCrumbAttribute - Controller: Destinatario, Action: destinatariolst, UsuarioId: 351
2017-02-03 16:29:02,708 [68] ERROR WebForLink.Web.Infrastructure.WebForLinkFilter - filterContext
System.Exception: OnActionExecuting(ActionExecutingContext filterContext)
2017-02-03 16:29:02,736 [68] ERROR WebForLink.Web.Infrastructure.WebForLinkFilter - filterContext
System.Exception: OnActionExecuted(ActionExecutedContext filterContext)
2017-02-03 16:29:02,736 [68] ERROR WebForLink.Web.Infrastructure.WebForLinkFilter - filterContext
System.Exception: OnResultExecuting(ResultExecutingContext filterContext)
2017-02-03 16:29:02,742 [68] ERROR WebForLink.Web.Infrastructure.WebForLinkFilter - filterContext
System.Exception: OnResultExecuted(ResultExecutedContext filterContext)
2017-02-03 16:29:05,850 [30] ERROR WebForLink.Web.Filters.BreadCrumbAttribute - Controller: Destinatario, Action: editar, UsuarioId: 351
2017-02-03 16:29:05,850 [30] ERROR WebForLink.Web.Infrastructure.WebForLinkFilter - filterContext
System.Exception: OnActionExecuting(ActionExecutingContext filterContext)
2017-02-03 16:29:05,862 [30] ERROR WebForLink.Web.Infrastructure.WebForLinkFilter - filterContext
System.Exception: OnActionExecuted(ActionExecutedContext filterContext)
2017-02-03 16:29:05,863 [30] ERROR WebForLink.Web.Infrastructure.WebForLinkFilter - filterContext
System.Exception: OnResultExecuting(ResultExecutingContext filterContext)
2017-02-03 16:29:05,868 [30] ERROR WebForLink.Web.Infrastructure.WebForLinkFilter - filterContext
System.Exception: OnResultExecuted(ResultExecutedContext filterContext)
2017-02-03 16:29:12,107 [48] ERROR WebForLink.Web.Filters.BreadCrumbAttribute - Controller: Destinatario, Action: destinatariofrm, UsuarioId: 351
2017-02-03 16:29:12,108 [48] ERROR WebForLink.Web.Infrastructure.WebForLinkFilter - filterContext
System.Exception: OnActionExecuting(ActionExecutingContext filterContext)
2017-02-03 16:29:12,189 [48] ERROR WebForLink.Web.Infrastructure.WebForLinkFilter - filterContext
System.Exception: OnActionExecuted(ActionExecutedContext filterContext)
2017-02-03 16:29:12,189 [48] ERROR WebForLink.Web.Infrastructure.WebForLinkFilter - filterContext
System.Exception: OnResultExecuting(ResultExecutingContext filterContext)
2017-02-03 16:29:12,190 [48] ERROR WebForLink.Web.Infrastructure.WebForLinkFilter - filterContext
System.Exception: OnResultExecuted(ResultExecutedContext filterContext)
2017-02-03 16:29:12,207 [68] ERROR WebForLink.Web.Filters.BreadCrumbAttribute - Controller: Destinatario, Action: destinatariolst, UsuarioId: 351
2017-02-03 16:29:12,207 [68] ERROR WebForLink.Web.Infrastructure.WebForLinkFilter - filterContext
System.Exception: OnActionExecuting(ActionExecutingContext filterContext)
2017-02-03 16:29:12,236 [68] ERROR WebForLink.Web.Infrastructure.WebForLinkFilter - filterContext
System.Exception: OnActionExecuted(ActionExecutedContext filterContext)
2017-02-03 16:29:12,237 [68] ERROR WebForLink.Web.Infrastructure.WebForLinkFilter - filterContext
System.Exception: OnResultExecuting(ResultExecutingContext filterContext)
2017-02-03 16:29:12,245 [68] ERROR WebForLink.Web.Infrastructure.WebForLinkFilter - filterContext
System.Exception: OnResultExecuted(ResultExecutedContext filterContext)
2017-02-03 16:32:44,103 [9] ERROR WebForLink.Web.Filters.BreadCrumbAttribute - Controller: MeusDocumentos, Action: enviarlst, UsuarioId: 351
2017-02-03 16:41:33,859 [64] ERROR WebForLink.Web.Filters.BreadCrumbAttribute - Controller: MeusDocumentos, Action: meusdocumentoslst, UsuarioId: 351
2017-02-03 16:42:11,673 [64] ERROR WebForLink.Web.Filters.BreadCrumbAttribute - Controller: MeusDocumentos, Action: meusdocumentosfrm, UsuarioId: 351
2017-02-03 16:46:53,791 [54] ERROR WebForLink.Web.Filters.BreadCrumbAttribute - Controller: MeusDocumentos, Action: meusdocumentoslst, UsuarioId: 351
2017-02-03 16:50:24,809 [46] ERROR WebForLink.Web.Filters.BreadCrumbAttribute - Controller: MeusDocumentos, Action: meusdocumentosfrm, UsuarioId: 351
2017-02-03 16:52:14,744 [47] ERROR WebForLink.Web.Filters.BreadCrumbAttribute - Controller: MeusDocumentos, Action: meusdocumentoslst, UsuarioId: 351
2017-02-03 16:52:19,561 [52] ERROR WebForLink.Web.Filters.BreadCrumbAttribute - Controller: MeusDocumentos, Action: meusdocumentosfrm, UsuarioId: 351
2017-02-03 16:53:15,514 [52] ERROR WebForLink.Web.Filters.BreadCrumbAttribute - Controller: MeusDocumentos, Action: enviarlst, UsuarioId: 351
2017-02-03 16:53:50,423 [44] ERROR WebForLink.Web.MvcApplication - Referência de objeto não definida para uma instância de um objeto.
2017-02-03 16:53:50,426 [44] ERROR WebForLink.Web.MvcApplication - Referência de objeto não definida para uma instância de um objeto.
2017-02-03 16:53:55,359 [18] ERROR WebForLink.Web.MvcApplication - Aplicação Iniciada
2017-02-03 16:53:56,604 [18] ERROR WebForLink.Web.Mappers.MappingProfile - Mapper not initialized. Call Initialize with appropriate configuration. If you are trying to use mapper instances through a container or otherwise, make sure you do not have any calls to the static Mapper.Map methods, and if you're using ProjectTo or UseAsDataSource extension methods, make sure you pass in the appropriate IConfigurationProvider instance.
2017-02-03 16:53:59,628 [10] ERROR WebForLink.Web.Filters.BreadCrumbAttribute - Controller: FichaCadastral, Action: Ficha, UsuarioId: 351
2017-02-03 16:53:59,628 [44] ERROR WebForLink.Web.Filters.BreadCrumbAttribute - Controller: MeusDocumentos, Action: enviarlst, UsuarioId: 351
2017-02-03 16:55:27,662 [1] ERROR WebForLink.Web.MvcApplication - Aplicação Iniciada
2017-02-03 16:55:28,431 [1] ERROR WebForLink.Web.Mappers.MappingProfile - Mapper not initialized. Call Initialize with appropriate configuration. If you are trying to use mapper instances through a container or otherwise, make sure you do not have any calls to the static Mapper.Map methods, and if you're using ProjectTo or UseAsDataSource extension methods, make sure you pass in the appropriate IConfigurationProvider instance.
2017-02-03 16:55:32,106 [8] ERROR WebForLink.Web.Filters.BreadCrumbAttribute - Controller: Convite, Action: Index, UsuarioId: 351
2017-02-03 16:55:38,724 [9] ERROR WebForLink.Web.Filters.BreadCrumbAttribute - Controller: MeusDocumentos, Action: enviarlst, UsuarioId: 351
2017-02-03 16:55:43,926 [10] ERROR WebForLink.Web.Filters.BreadCrumbAttribute - Controller: MeusDocumentos, Action: enviarlst, UsuarioId: 351
2017-02-03 16:55:45,932 [9] ERROR WebForLink.Web.Filters.BreadCrumbAttribute - Controller: MeusDocumentos, Action: enviarlst, UsuarioId: 351
2017-02-03 16:55:56,994 [9] ERROR WebForLink.Web.Filters.BreadCrumbAttribute - Controller: MeusDocumentos, Action: enviarlst, UsuarioId: 351
2017-02-03 16:56:28,493 [9] ERROR WebForLink.Web.Filters.BreadCrumbAttribute - Controller: MeusDocumentos, Action: enviarlst, UsuarioId: 351
2017-02-03 16:56:28,715 [10] ERROR WebForLink.Web.Filters.BreadCrumbAttribute - Controller: MeusDocumentos, Action: enviarlst, UsuarioId: 351
2017-02-03 16:56:28,929 [11] ERROR WebForLink.Web.Filters.BreadCrumbAttribute - Controller: MeusDocumentos, Action: enviarlst, UsuarioId: 351
2017-02-03 16:56:29,148 [11] ERROR WebForLink.Web.Filters.BreadCrumbAttribute - Controller: MeusDocumentos, Action: enviarlst, UsuarioId: 351
2017-02-03 16:56:40,610 [12] ERROR WebForLink.Web.Filters.BreadCrumbAttribute - Controller: MeusDocumentos, Action: enviarlst, UsuarioId: 351
2017-02-03 16:59:13,302 [6] ERROR WebForLink.Web.Filters.BreadCrumbAttribute - Controller: MeusDocumentos, Action: listadescricaodocumento, UsuarioId: 351
2017-02-03 16:59:17,618 [14] ERROR WebForLink.Web.Filters.BreadCrumbAttribute - Controller: MeusDocumentos, Action: enviarlst, UsuarioId: 351
2017-02-03 16:59:27,106 [14] ERROR WebForLink.Web.Filters.BreadCrumbAttribute - Controller: MeusDocumentos, Action: enviarlst, UsuarioId: 351
2017-02-03 16:59:30,278 [17] ERROR WebForLink.Web.Filters.BreadCrumbAttribute - Controller: MeusDocumentos, Action: listadescricaodocumento, UsuarioId: 351
2017-02-03 17:01:08,212 [23] ERROR WebForLink.Web.Filters.BreadCrumbAttribute - Controller: MeusDocumentos, Action: enviarlst, UsuarioId: 351
2017-02-03 17:02:33,100 [27] ERROR WebForLink.Web.Filters.BreadCrumbAttribute - Controller: MeusDocumentos, Action: enviarlst, UsuarioId: 351
2017-02-03 17:03:58,236 [15] ERROR WebForLink.Web.Filters.BreadCrumbAttribute - Controller: MeusDocumentos, Action: compartilhados, UsuarioId: 351
2017-02-03 17:04:00,025 [29] ERROR WebForLink.Web.MvcApplication - Erro na aplicação Página não encontrada 
 Identificador: 533b694bb4814a368661daed27ec8f5d
System.Web.HttpException (0x80004005): The controller for path '/bundles/modernizr' was not found or does not implement IController.
   em System.Web.Mvc.DefaultControllerFactory.GetControllerInstance(RequestContext requestContext, Type controllerType)
   em System.Web.Mvc.DefaultControllerFactory.CreateController(RequestContext requestContext, String controllerName)
   em System.Web.Mvc.MvcHandler.ProcessRequestInit(HttpContextBase httpContext, IController& controller, IControllerFactory& factory)
   em System.Web.Mvc.MvcHandler.BeginProcessRequest(HttpContextBase httpContext, AsyncCallback callback, Object state)
   em System.Web.Mvc.MvcHandler.BeginProcessRequest(HttpContext httpContext, AsyncCallback callback, Object state)
   em System.Web.Mvc.MvcHandler.System.Web.IHttpAsyncHandler.BeginProcessRequest(HttpContext context, AsyncCallback cb, Object extraData)
   em System.Web.HttpApplication.CallHandlerExecutionStep.System.Web.HttpApplication.IExecutionStep.Execute()
   em System.Web.HttpApplication.ExecuteStep(IExecutionStep step, Boolean& completedSynchronously)
2017-02-03 17:04:00,235 [29] ERROR WebForLink.Web.Filters.BreadCrumbAttribute - Controller: Convite, Action: PaginaInicial, UsuarioId: 351
2017-02-03 17:04:00,300 [29] ERROR WebForLink.Web.Controllers.ConviteController - WebForLink.Domain.Infrastructure.CriptografiaException: Erro ao Descriptografar ---> System.FormatException: Comprimento inválido para uma matriz ou uma cadeia de caracteres de Base 64.
   em System.Convert.FromBase64_Decode(Char* startInputPtr, Int32 inputLength, Byte* startDestPtr, Int32 destLength)
   em System.Convert.FromBase64CharPtr(Char* inputPtr, Int32 inputLength)
   em System.Convert.FromBase64String(String s)
   em WebForLink.Domain.Infrastructure.Criptografia.Descriptografar() na C:\RepositorioTFS\WEBFORLINKv2\Code\WebForLink\WebForLink.Domain\Services\ChMasterData\Criptografia.cs:linha 79
   --- Fim do rastreamento de pilha de exceções internas ---
   em WebForLink.Domain.Infrastructure.Criptografia.Descriptografar() na C:\RepositorioTFS\WEBFORLINKv2\Code\WebForLink\WebForLink.Domain\Services\ChMasterData\Criptografia.cs:linha 89
   em WebForLink.Domain.Infrastructure.Criptografia.ReadUrl(String pUrl, String key) na C:\RepositorioTFS\WEBFORLINKv2\Code\WebForLink\WebForLink.Domain\Services\ChMasterData\Criptografia.cs:linha 150
   em WebForLink.Domain.Infrastructure.Criptografia..ctor(EnumCripto tipo, String palavra, String chave) na C:\RepositorioTFS\WEBFORLINKv2\Code\WebForLink\WebForLink.Domain\Services\ChMasterData\Criptografia.cs:linha 53
   em WebForLink.Application.Services.SolicitacaoAppService.DescriptografarLinkConvite(String chaveUrl) na C:\RepositorioTFS\WEBFORLINKv2\Code\WebForLink\WebForLink.Service\Services\SolicitacaoDocumentoService.cs:linha 38
   em WebForLink.Web.Controllers.ConviteController.PaginaInicial(String chave, SolicitacaoConviteVM model) na C:\RepositorioTFS\WEBFORLINKv2\Code\WebForLink\WebForLink.Web\Controllers\ConviteController.cs:linha 60
2017-02-03 17:04:00,337 [15] ERROR WebForLink.Web.Filters.BreadCrumbAttribute - Controller: Convite, Action: Index, UsuarioId: 351
2017-02-03 17:05:19,192 [23] ERROR WebForLink.Web.Filters.BreadCrumbAttribute - Controller: MeusDocumentos, Action: compartilhados, UsuarioId: 351
2017-02-03 17:05:27,900 [25] ERROR WebForLink.Web.MvcApplication - Erro na aplicação Página não encontrada 
 Identificador: f4b811e8c0ce4f90b8fd6130e2a536bf
System.Web.HttpException (0x80004005): The controller for path '/bundles/modernizr' was not found or does not implement IController.
   em System.Web.Mvc.DefaultControllerFactory.GetControllerInstance(RequestContext requestContext, Type controllerType)
   em System.Web.Mvc.DefaultControllerFactory.CreateController(RequestContext requestContext, String controllerName)
   em System.Web.Mvc.MvcHandler.ProcessRequestInit(HttpContextBase httpContext, IController& controller, IControllerFactory& factory)
   em System.Web.Mvc.MvcHandler.BeginProcessRequest(HttpContextBase httpContext, AsyncCallback callback, Object state)
   em System.Web.Mvc.MvcHandler.BeginProcessRequest(HttpContext httpContext, AsyncCallback callback, Object state)
   em System.Web.Mvc.MvcHandler.System.Web.IHttpAsyncHandler.BeginProcessRequest(HttpContext context, AsyncCallback cb, Object extraData)
   em System.Web.HttpApplication.CallHandlerExecutionStep.System.Web.HttpApplication.IExecutionStep.Execute()
   em System.Web.HttpApplication.ExecuteStep(IExecutionStep step, Boolean& completedSynchronously)
2017-02-03 17:05:27,907 [25] ERROR WebForLink.Web.Filters.BreadCrumbAttribute - Controller: Convite, Action: PaginaInicial, UsuarioId: 351
2017-02-03 17:05:27,940 [25] ERROR WebForLink.Web.Controllers.ConviteController - WebForLink.Domain.Infrastructure.CriptografiaException: Erro ao Descriptografar ---> System.FormatException: Comprimento inválido para uma matriz ou uma cadeia de caracteres de Base 64.
   em System.Convert.FromBase64_Decode(Char* startInputPtr, Int32 inputLength, Byte* startDestPtr, Int32 destLength)
   em System.Convert.FromBase64CharPtr(Char* inputPtr, Int32 inputLength)
   em System.Convert.FromBase64String(String s)
   em WebForLink.Domain.Infrastructure.Criptografia.Descriptografar() na C:\RepositorioTFS\WEBFORLINKv2\Code\WebForLink\WebForLink.Domain\Services\ChMasterData\Criptografia.cs:linha 79
   --- Fim do rastreamento de pilha de exceções internas ---
   em WebForLink.Domain.Infrastructure.Criptografia.Descriptografar() na C:\RepositorioTFS\WEBFORLINKv2\Code\WebForLink\WebForLink.Domain\Services\ChMasterData\Criptografia.cs:linha 89
   em WebForLink.Domain.Infrastructure.Criptografia.ReadUrl(String pUrl, String key) na C:\RepositorioTFS\WEBFORLINKv2\Code\WebForLink\WebForLink.Domain\Services\ChMasterData\Criptografia.cs:linha 150
   em WebForLink.Domain.Infrastructure.Criptografia..ctor(EnumCripto tipo, String palavra, String chave) na C:\RepositorioTFS\WEBFORLINKv2\Code\WebForLink\WebForLink.Domain\Services\ChMasterData\Criptografia.cs:linha 53
   em WebForLink.Application.Services.SolicitacaoAppService.DescriptografarLinkConvite(String chaveUrl) na C:\RepositorioTFS\WEBFORLINKv2\Code\WebForLink\WebForLink.Service\Services\SolicitacaoDocumentoService.cs:linha 38
   em WebForLink.Web.Controllers.ConviteController.PaginaInicial(String chave, SolicitacaoConviteVM model) na C:\RepositorioTFS\WEBFORLINKv2\Code\WebForLink\WebForLink.Web\Controllers\ConviteController.cs:linha 60
2017-02-03 17:05:28,093 [27] ERROR WebForLink.Web.Filters.BreadCrumbAttribute - Controller: Convite, Action: Index, UsuarioId: 351
2017-02-03 17:06:54,546 [22] ERROR WebForLink.Web.Filters.BreadCrumbAttribute - Controller: MeusDocumentos, Action: enviadoslst, UsuarioId: 351
2017-02-03 17:07:05,736 [17] ERROR WebForLink.Web.Filters.BreadCrumbAttribute - Controller: MeusDocumentos, Action: enviadoslst, UsuarioId: 351
2017-02-03 17:07:10,591 [17] ERROR WebForLink.Web.Filters.BreadCrumbAttribute - Controller: MeusDocumentos, Action: enviadosfrm, UsuarioId: 351
2017-02-03 17:11:07,996 [31] ERROR WebForLink.Web.Filters.BreadCrumbAttribute - Controller: MeusDocumentos, Action: enviadoslst, UsuarioId: 351
2017-02-03 17:11:20,115 [8] ERROR WebForLink.Web.Filters.BreadCrumbAttribute - Controller: MeusDocumentos, Action: enviadosfrm, UsuarioId: 351
2017-02-03 17:12:21,722 [36] ERROR WebForLink.Web.Filters.BreadCrumbAttribute - Controller: MeusDocumentos, Action: buscaemails, UsuarioId: 351
2017-02-03 17:12:21,891 [36] ERROR WebForLink.Web.Filters.BreadCrumbAttribute - Controller: MeusDocumentos, Action: buscaemails, UsuarioId: 351
2017-02-03 17:12:22,174 [9] ERROR WebForLink.Web.Filters.BreadCrumbAttribute - Controller: MeusDocumentos, Action: buscaemails, UsuarioId: 351
2017-02-03 17:12:22,292 [35] ERROR WebForLink.Web.Filters.BreadCrumbAttribute - Controller: MeusDocumentos, Action: buscaemails, UsuarioId: 351
2017-02-03 17:12:22,781 [26] ERROR WebForLink.Web.Filters.BreadCrumbAttribute - Controller: MeusDocumentos, Action: buscaemails, UsuarioId: 351
2017-02-03 17:12:23,245 [33] ERROR WebForLink.Web.Filters.BreadCrumbAttribute - Controller: MeusDocumentos, Action: buscaemails, UsuarioId: 351
2017-02-03 17:12:24,135 [37] ERROR WebForLink.Web.Filters.BreadCrumbAttribute - Controller: MeusDocumentos, Action: buscaemails, UsuarioId: 351
2017-02-03 17:12:24,198 [34] ERROR WebForLink.Web.Filters.BreadCrumbAttribute - Controller: MeusDocumentos, Action: buscaemails, UsuarioId: 351
2017-02-03 17:12:24,393 [37] ERROR WebForLink.Web.Filters.BreadCrumbAttribute - Controller: MeusDocumentos, Action: buscaemails, UsuarioId: 351
2017-02-03 17:12:24,513 [36] ERROR WebForLink.Web.Filters.BreadCrumbAttribute - Controller: MeusDocumentos, Action: buscaemails, UsuarioId: 351
2017-02-03 17:12:24,675 [26] ERROR WebForLink.Web.Filters.BreadCrumbAttribute - Controller: MeusDocumentos, Action: buscaemails, UsuarioId: 351
2017-02-03 17:12:24,838 [37] ERROR WebForLink.Web.Filters.BreadCrumbAttribute - Controller: MeusDocumentos, Action: buscaemails, UsuarioId: 351
2017-02-03 17:12:24,909 [36] ERROR WebForLink.Web.Filters.BreadCrumbAttribute - Controller: MeusDocumentos, Action: buscaemails, UsuarioId: 351
2017-02-03 17:12:25,460 [26] ERROR WebForLink.Web.Filters.BreadCrumbAttribute - Controller: MeusDocumentos, Action: buscaemails, UsuarioId: 351
2017-02-03 17:12:25,789 [35] ERROR WebForLink.Web.Filters.BreadCrumbAttribute - Controller: MeusDocumentos, Action: buscaemails, UsuarioId: 351
2017-02-03 17:12:26,242 [5] ERROR WebForLink.Web.Filters.BreadCrumbAttribute - Controller: MeusDocumentos, Action: buscaemails, UsuarioId: 351
2017-02-03 17:12:26,461 [36] ERROR WebForLink.Web.Filters.BreadCrumbAttribute - Controller: MeusDocumentos, Action: buscaemails, UsuarioId: 351
2017-02-03 17:12:26,608 [5] ERROR WebForLink.Web.Filters.BreadCrumbAttribute - Controller: MeusDocumentos, Action: buscaemails, UsuarioId: 351
2017-02-03 17:12:26,801 [35] ERROR WebForLink.Web.Filters.BreadCrumbAttribute - Controller: MeusDocumentos, Action: buscaemails, UsuarioId: 351
2017-02-03 17:12:26,930 [34] ERROR WebForLink.Web.Filters.BreadCrumbAttribute - Controller: MeusDocumentos, Action: buscaemails, UsuarioId: 351
2017-02-03 17:12:27,579 [9] ERROR WebForLink.Web.Filters.BreadCrumbAttribute - Controller: MeusDocumentos, Action: buscaemails, UsuarioId: 351
2017-02-03 17:12:27,860 [35] ERROR WebForLink.Web.Filters.BreadCrumbAttribute - Controller: MeusDocumentos, Action: buscaemails, UsuarioId: 351
2017-02-03 17:12:28,000 [9] ERROR WebForLink.Web.Filters.BreadCrumbAttribute - Controller: MeusDocumentos, Action: buscaemails, UsuarioId: 351
2017-02-03 17:12:28,160 [37] ERROR WebForLink.Web.Filters.BreadCrumbAttribute - Controller: MeusDocumentos, Action: buscaemails, UsuarioId: 351
2017-02-03 17:12:28,448 [5] ERROR WebForLink.Web.Filters.BreadCrumbAttribute - Controller: MeusDocumentos, Action: buscaemails, UsuarioId: 351
2017-02-03 17:12:29,213 [37] ERROR WebForLink.Web.Filters.BreadCrumbAttribute - Controller: MeusDocumentos, Action: buscaemails, UsuarioId: 351
2017-02-03 17:12:29,486 [33] ERROR WebForLink.Web.Filters.BreadCrumbAttribute - Controller: MeusDocumentos, Action: buscaemails, UsuarioId: 351
2017-02-03 17:12:29,726 [36] ERROR WebForLink.Web.Filters.BreadCrumbAttribute - Controller: MeusDocumentos, Action: buscaemails, UsuarioId: 351
2017-02-03 17:12:29,963 [5] ERROR WebForLink.Web.Filters.BreadCrumbAttribute - Controller: MeusDocumentos, Action: buscaemails, UsuarioId: 351
2017-02-03 17:12:30,054 [10] ERROR WebForLink.Web.Filters.BreadCrumbAttribute - Controller: MeusDocumentos, Action: buscaemails, UsuarioId: 351
2017-02-03 17:12:30,214 [37] ERROR WebForLink.Web.Filters.BreadCrumbAttribute - Controller: MeusDocumentos, Action: buscaemails, UsuarioId: 351
2017-02-03 17:12:30,296 [33] ERROR WebForLink.Web.Filters.BreadCrumbAttribute - Controller: MeusDocumentos, Action: buscaemails, UsuarioId: 351
2017-02-03 17:12:30,393 [36] ERROR WebForLink.Web.Filters.BreadCrumbAttribute - Controller: MeusDocumentos, Action: buscaemails, UsuarioId: 351
2017-02-03 17:12:30,627 [35] ERROR WebForLink.Web.Filters.BreadCrumbAttribute - Controller: MeusDocumentos, Action: buscaemails, UsuarioId: 351
2017-02-03 17:12:30,723 [5] ERROR WebForLink.Web.Filters.BreadCrumbAttribute - Controller: MeusDocumentos, Action: buscaemails, UsuarioId: 351
2017-02-03 17:12:30,859 [36] ERROR WebForLink.Web.Filters.BreadCrumbAttribute - Controller: MeusDocumentos, Action: buscaemails, UsuarioId: 351
2017-02-03 17:12:30,987 [34] ERROR WebForLink.Web.Filters.BreadCrumbAttribute - Controller: MeusDocumentos, Action: buscaemails, UsuarioId: 351
2017-02-03 17:12:31,882 [5] ERROR WebForLink.Web.Filters.BreadCrumbAttribute - Controller: MeusDocumentos, Action: buscaemails, UsuarioId: 351
2017-02-03 17:12:33,413 [36] ERROR WebForLink.Web.Filters.BreadCrumbAttribute - Controller: MeusDocumentos, Action: buscaemails, UsuarioId: 351
2017-02-03 17:12:33,736 [33] ERROR WebForLink.Web.Filters.BreadCrumbAttribute - Controller: MeusDocumentos, Action: buscaemails, UsuarioId: 351
2017-02-03 17:12:33,867 [36] ERROR WebForLink.Web.Filters.BreadCrumbAttribute - Controller: MeusDocumentos, Action: buscaemails, UsuarioId: 351
2017-02-03 17:12:33,984 [33] ERROR WebForLink.Web.Filters.BreadCrumbAttribute - Controller: MeusDocumentos, Action: buscaemails, UsuarioId: 351
2017-02-03 17:12:34,166 [35] ERROR WebForLink.Web.Filters.BreadCrumbAttribute - Controller: MeusDocumentos, Action: buscaemails, UsuarioId: 351
2017-02-03 17:12:34,227 [9] ERROR WebForLink.Web.Filters.BreadCrumbAttribute - Controller: MeusDocumentos, Action: buscaemails, UsuarioId: 351
2017-02-03 17:12:34,374 [37] ERROR WebForLink.Web.Filters.BreadCrumbAttribute - Controller: MeusDocumentos, Action: buscaemails, UsuarioId: 351
2017-02-03 17:12:34,576 [35] ERROR WebForLink.Web.Filters.BreadCrumbAttribute - Controller: MeusDocumentos, Action: buscaemails, UsuarioId: 351
2017-02-03 17:12:34,822 [5] ERROR WebForLink.Web.Filters.BreadCrumbAttribute - Controller: MeusDocumentos, Action: buscaemails, UsuarioId: 351
2017-02-03 17:12:34,934 [36] ERROR WebForLink.Web.Filters.BreadCrumbAttribute - Controller: MeusDocumentos, Action: buscaemails, UsuarioId: 351
2017-02-03 17:12:35,379 [33] ERROR WebForLink.Web.Filters.BreadCrumbAttribute - Controller: MeusDocumentos, Action: buscaemails, UsuarioId: 351
2017-02-03 17:12:47,305 [37] ERROR WebForLink.Web.Filters.BreadCrumbAttribute - Controller: MeusDocumentos, Action: buscaemails, UsuarioId: 351
2017-02-03 17:12:47,430 [36] ERROR WebForLink.Web.Filters.BreadCrumbAttribute - Controller: MeusDocumentos, Action: buscaemails, UsuarioId: 351
2017-02-03 17:12:47,541 [35] ERROR WebForLink.Web.Filters.BreadCrumbAttribute - Controller: MeusDocumentos, Action: buscaemails, UsuarioId: 351
2017-02-03 17:12:47,783 [5] ERROR WebForLink.Web.Filters.BreadCrumbAttribute - Controller: MeusDocumentos, Action: buscaemails, UsuarioId: 351
2017-02-03 17:12:47,864 [26] ERROR WebForLink.Web.Filters.BreadCrumbAttribute - Controller: MeusDocumentos, Action: buscaemails, UsuarioId: 351
2017-02-03 17:12:48,826 [36] ERROR WebForLink.Web.Filters.BreadCrumbAttribute - Controller: MeusDocumentos, Action: buscaemails, UsuarioId: 351
2017-02-03 17:12:49,040 [33] ERROR WebForLink.Web.Filters.BreadCrumbAttribute - Controller: MeusDocumentos, Action: buscaemails, UsuarioId: 351
2017-02-03 17:12:49,119 [5] ERROR WebForLink.Web.Filters.BreadCrumbAttribute - Controller: MeusDocumentos, Action: buscaemails, UsuarioId: 351
2017-02-03 17:12:49,288 [36] ERROR WebForLink.Web.Filters.BreadCrumbAttribute - Controller: MeusDocumentos, Action: buscaemails, UsuarioId: 351
2017-02-03 17:12:49,429 [26] ERROR WebForLink.Web.Filters.BreadCrumbAttribute - Controller: MeusDocumentos, Action: buscaemails, UsuarioId: 351
2017-02-03 17:12:49,565 [36] ERROR WebForLink.Web.Filters.BreadCrumbAttribute - Controller: MeusDocumentos, Action: buscaemails, UsuarioId: 351
2017-02-03 17:12:49,703 [37] ERROR WebForLink.Web.Filters.BreadCrumbAttribute - Controller: MeusDocumentos, Action: buscaemails, UsuarioId: 351
2017-02-03 17:12:49,795 [10] ERROR WebForLink.Web.Filters.BreadCrumbAttribute - Controller: MeusDocumentos, Action: buscaemails, UsuarioId: 351
2017-02-03 17:12:50,619 [35] ERROR WebForLink.Web.Filters.BreadCrumbAttribute - Controller: MeusDocumentos, Action: buscaemails, UsuarioId: 351
2017-02-03 17:13:48,544 [12] ERROR WebForLink.Web.Filters.BreadCrumbAttribute - Controller: MeusDocumentos, Action: enviadoslst, UsuarioId: 351
2017-02-03 17:16:47,717 [6] ERROR WebForLink.Web.Filters.BreadCrumbAttribute - Controller: MeusDocumentos, Action: enviadosfrm, UsuarioId: 351
2017-02-03 17:19:09,829 [23] ERROR WebForLink.Web.Filters.BreadCrumbAttribute - Controller: MeusDocumentos, Action: enviadoslst, UsuarioId: 351
2017-02-03 17:39:21,489 [78] ERROR WebForLink.Web.MvcApplication - Referência de objeto não definida para uma instância de um objeto.
2017-02-03 17:42:41,133 [84] ERROR WebForLink.Web.Filters.BreadCrumbAttribute - Controller: MeusDocumentos, Action: enviadoslst, UsuarioId: 351
2017-02-03 17:42:45,551 [83] ERROR WebForLink.Web.Filters.BreadCrumbAttribute - Controller: MeusDocumentos, Action: enviadosfrm, UsuarioId: 351
2017-02-03 17:42:49,368 [83] ERROR WebForLink.Web.Filters.BreadCrumbAttribute - Controller: MeusDocumentos, Action: enviadoslst, UsuarioId: 351
2017-02-03 17:42:51,992 [82] ERROR WebForLink.Web.Filters.BreadCrumbAttribute - Controller: MeusDocumentos, Action: enviadosfrm, UsuarioId: 351
2017-02-03 17:43:03,094 [77] ERROR WebForLink.Web.Filters.BreadCrumbAttribute - Controller: MeusDocumentos, Action: enviarlst, UsuarioId: 351
