2017-02-14 08:20:54,772 [1] ERROR WebForLink.Web.MvcApplication - Aplicação Iniciada
2017-02-14 08:20:56,936 [1] ERROR WebForLink.Web.Mappers.MappingProfile - Mapper not initialized. Call Initialize with appropriate configuration. If you are trying to use mapper instances through a container or otherwise, make sure you do not have any calls to the static Mapper.Map methods, and if you're using ProjectTo or UseAsDataSource extension methods, make sure you pass in the appropriate IConfigurationProvider instance.
2017-02-14 08:21:03,246 [11] ERROR WebForLink.Web.Filters.BreadCrumbAttribute - Controller: Convite, Action: Index, UsuarioId: 0
2017-02-14 08:22:19,854 [10] ERROR WebForLink.Web.Filters.BreadCrumbAttribute - Controller: Home, Action: index, UsuarioId: 0
2017-02-14 08:23:12,349 [12] ERROR WebForLink.Web.Filters.BreadCrumbAttribute - Controller: Home, Action: acesso, UsuarioId: 0
2017-02-14 08:23:19,411 [9] ERROR WebForLink.Web.Filters.BreadCrumbAttribute - Controller: HomeAdmin, Action: Index, UsuarioId: 351
2017-02-14 08:23:29,034 [11] ERROR WebForLink.Web.Filters.BreadCrumbAttribute - Controller: MeusDocumentos, Action: enviadoslst, UsuarioId: 351
2017-02-14 08:27:28,970 [14] ERROR WebForLink.Web.Filters.BreadCrumbAttribute - Controller: MeusDocumentos, Action: enviarlst, UsuarioId: 351
2017-02-14 08:44:22,470 [1] ERROR WebForLink.Web.MvcApplication - Aplicação Iniciada
2017-02-14 08:44:24,177 [1] ERROR WebForLink.Web.Mappers.MappingProfile - Mapper not initialized. Call Initialize with appropriate configuration. If you are trying to use mapper instances through a container or otherwise, make sure you do not have any calls to the static Mapper.Map methods, and if you're using ProjectTo or UseAsDataSource extension methods, make sure you pass in the appropriate IConfigurationProvider instance.
2017-02-14 08:44:29,484 [10] ERROR WebForLink.Web.Filters.BreadCrumbAttribute - Controller: Convite, Action: Index, UsuarioId: 351
2017-02-14 08:46:44,705 [10] ERROR WebForLink.Web.Filters.BreadCrumbAttribute - Controller: MeusDocumentos, Action: enviarlst, UsuarioId: 351
2017-02-14 08:50:38,543 [5] ERROR WebForLink.Web.Filters.BreadCrumbAttribute - Controller: MeusDocumentos, Action: enviarlst, UsuarioId: 351
2017-02-14 10:08:20,457 [175] ERROR WebForLink.Web.MvcApplication - Referência de objeto não definida para uma instância de um objeto.
2017-02-14 10:26:03,705 [148] ERROR WebForLink.Web.MvcApplication - Aplicação Iniciada
2017-02-14 10:26:06,881 [148] ERROR WebForLink.Web.Mappers.MappingProfile - Mapper not initialized. Call Initialize with appropriate configuration. If you are trying to use mapper instances through a container or otherwise, make sure you do not have any calls to the static Mapper.Map methods, and if you're using ProjectTo or UseAsDataSource extension methods, make sure you pass in the appropriate IConfigurationProvider instance.
2017-02-14 10:26:12,918 [164] ERROR WebForLink.Web.Filters.BreadCrumbAttribute - Controller: Convite, Action: Index, UsuarioId: 0
2017-02-14 10:26:50,261 [150] ERROR WebForLink.Web.MvcApplication - Referência de objeto não definida para uma instância de um objeto.
2017-02-14 10:38:33,305 [148] ERROR WebForLink.Web.MvcApplication - Aplicação Iniciada
2017-02-14 10:38:34,955 [148] ERROR WebForLink.Web.Mappers.MappingProfile - Mapper not initialized. Call Initialize with appropriate configuration. If you are trying to use mapper instances through a container or otherwise, make sure you do not have any calls to the static Mapper.Map methods, and if you're using ProjectTo or UseAsDataSource extension methods, make sure you pass in the appropriate IConfigurationProvider instance.
2017-02-14 10:38:37,786 [160] ERROR WebForLink.Web.Filters.BreadCrumbAttribute - Controller: Convite, Action: Index, UsuarioId: 0
2017-02-14 10:38:38,139 [170] ERROR WebForLink.Web.Filters.BreadCrumbAttribute - Controller: Home, Action: Acesso, UsuarioId: 0
2017-02-14 10:38:55,986 [152] ERROR WebForLink.Web.Filters.BreadCrumbAttribute - Controller: Home, Action: Acesso, UsuarioId: 0
2017-02-14 10:39:01,170 [176] ERROR WebForLink.Web.Filters.BreadCrumbAttribute - Controller: MeusDocumentos, Action: enviarlst, UsuarioId: 351
2017-02-14 10:45:56,093 [160] ERROR WebForLink.Web.Filters.BreadCrumbAttribute - Controller: MeusDocumentos, Action: enviarlst, UsuarioId: 351
2017-02-14 10:46:55,511 [152] ERROR WebForLink.Web.MvcApplication - Referência de objeto não definida para uma instância de um objeto.
2017-02-14 10:47:08,327 [12] ERROR WebForLink.Web.MvcApplication - Aplicação Iniciada
2017-02-14 10:47:09,365 [12] ERROR WebForLink.Web.Mappers.MappingProfile - Mapper not initialized. Call Initialize with appropriate configuration. If you are trying to use mapper instances through a container or otherwise, make sure you do not have any calls to the static Mapper.Map methods, and if you're using ProjectTo or UseAsDataSource extension methods, make sure you pass in the appropriate IConfigurationProvider instance.
2017-02-14 10:47:12,074 [8] ERROR WebForLink.Web.Filters.BreadCrumbAttribute - Controller: Convite, Action: Index, UsuarioId: 351
2017-02-14 10:51:38,209 [160] ERROR WebForLink.Web.MvcApplication - Referência de objeto não definida para uma instância de um objeto.
2017-02-14 10:54:46,178 [12] ERROR WebForLink.Web.MvcApplication - Aplicação Iniciada
2017-02-14 10:54:47,219 [12] ERROR WebForLink.Web.Mappers.MappingProfile - Mapper not initialized. Call Initialize with appropriate configuration. If you are trying to use mapper instances through a container or otherwise, make sure you do not have any calls to the static Mapper.Map methods, and if you're using ProjectTo or UseAsDataSource extension methods, make sure you pass in the appropriate IConfigurationProvider instance.
2017-02-14 10:54:49,870 [151] ERROR WebForLink.Web.Filters.BreadCrumbAttribute - Controller: MeusDocumentos, Action: enviarlst, UsuarioId: 351
2017-02-14 10:55:09,714 [151] ERROR WebForLink.Web.MvcApplication - Erro na aplicação Erro inesperado 
 Identificador: a7aa49ea38544948aaf0bd588ad81544
System.Web.HttpCompileException (0x80004005): C:\RepositorioTFS\WEBFORLINKv2\Code\WebForLink\WebForLink.Web\Views\meusdocumentos\enviarlst.cshtml(118): error CS1061: 'MeusDocumentosVM' does not contain a definition for 'DescricaoDocumentoCompacta' and no extension method 'DescricaoDocumentoCompacta' accepting a first argument of type 'MeusDocumentosVM' could be found (are you missing a using directive or an assembly reference?)
   em System.Web.Compilation.AssemblyBuilder.Compile()
   em System.Web.Compilation.BuildProvidersCompiler.PerformBuild()
   em System.Web.Compilation.BuildManager.CompileWebFile(VirtualPath virtualPath)
   em System.Web.Compilation.BuildManager.GetVPathBuildResultInternal(VirtualPath virtualPath, Boolean noBuild, Boolean allowCrossApp, Boolean allowBuildInPrecompile, Boolean throwIfNotFound, Boolean ensureIsUpToDate)
   em System.Web.Compilation.BuildManager.GetVPathBuildResultWithNoAssert(HttpContext context, VirtualPath virtualPath, Boolean noBuild, Boolean allowCrossApp, Boolean allowBuildInPrecompile, Boolean throwIfNotFound, Boolean ensureIsUpToDate)
   em System.Web.Compilation.BuildManager.GetVirtualPathObjectFactory(VirtualPath virtualPath, HttpContext context, Boolean allowCrossApp, Boolean throwIfNotFound)
   em System.Web.Compilation.BuildManager.GetCompiledType(VirtualPath virtualPath)
   em System.Web.Compilation.BuildManager.GetCompiledType(String virtualPath)
   em System.Web.Mvc.BuildManagerWrapper.System.Web.Mvc.IBuildManager.GetCompiledType(String virtualPath)
   em System.Web.Mvc.BuildManagerCompiledView.Render(ViewContext viewContext, TextWriter writer)
   em System.Web.Mvc.ViewResultBase.ExecuteResult(ControllerContext context)
   em System.Web.Mvc.ControllerActionInvoker.InvokeActionResult(ControllerContext controllerContext, ActionResult actionResult)
   em System.Web.Mvc.ControllerActionInvoker.InvokeActionResultFilterRecursive(IList`1 filters, Int32 filterIndex, ResultExecutingContext preContext, ControllerContext controllerContext, ActionResult actionResult)
   em System.Web.Mvc.ControllerActionInvoker.InvokeActionResultFilterRecursive(IList`1 filters, Int32 filterIndex, ResultExecutingContext preContext, ControllerContext controllerContext, ActionResult actionResult)
   em System.Web.Mvc.ControllerActionInvoker.InvokeActionResultFilterRecursive(IList`1 filters, Int32 filterIndex, ResultExecutingContext preContext, ControllerContext controllerContext, ActionResult actionResult)
   em System.Web.Mvc.ControllerActionInvoker.InvokeActionResultWithFilters(ControllerContext controllerContext, IList`1 filters, ActionResult actionResult)
   em System.Web.Mvc.Async.AsyncControllerActionInvoker.<>c__DisplayClass21.<>c__DisplayClass2b.<BeginInvokeAction>b__1c()
   em System.Web.Mvc.Async.AsyncControllerActionInvoker.<>c__DisplayClass21.<BeginInvokeAction>b__1e(IAsyncResult asyncResult)
   em System.Web.Mvc.Async.AsyncResultWrapper.WrappedAsyncResult`1.CallEndDelegate(IAsyncResult asyncResult)
   em System.Web.Mvc.Async.AsyncResultWrapper.WrappedAsyncResultBase`1.End()
   em System.Web.Mvc.Async.AsyncResultWrapper.End[TResult](IAsyncResult asyncResult, Object tag)
   em System.Web.Mvc.Async.AsyncControllerActionInvoker.EndInvokeAction(IAsyncResult asyncResult)
   em System.Web.Mvc.Controller.<BeginExecuteCore>b__1d(IAsyncResult asyncResult, ExecuteCoreState innerState)
   em System.Web.Mvc.Async.AsyncResultWrapper.WrappedAsyncVoid`1.CallEndDelegate(IAsyncResult asyncResult)
   em System.Web.Mvc.Async.AsyncResultWrapper.WrappedAsyncResultBase`1.End()
   em System.Web.Mvc.Async.AsyncResultWrapper.End[TResult](IAsyncResult asyncResult, Object tag)
   em System.Web.Mvc.Async.AsyncResultWrapper.End(IAsyncResult asyncResult, Object tag)
   em System.Web.Mvc.Controller.EndExecuteCore(IAsyncResult asyncResult)
   em System.Web.Mvc.Controller.<BeginExecute>b__15(IAsyncResult asyncResult, Controller controller)
   em System.Web.Mvc.Async.AsyncResultWrapper.WrappedAsyncVoid`1.CallEndDelegate(IAsyncResult asyncResult)
   em System.Web.Mvc.Async.AsyncResultWrapper.WrappedAsyncResultBase`1.End()
   em System.Web.Mvc.Async.AsyncResultWrapper.End[TResult](IAsyncResult asyncResult, Object tag)
   em System.Web.Mvc.Async.AsyncResultWrapper.End(IAsyncResult asyncResult, Object tag)
   em System.Web.Mvc.Controller.EndExecute(IAsyncResult asyncResult)
   em System.Web.Mvc.Controller.System.Web.Mvc.Async.IAsyncController.EndExecute(IAsyncResult asyncResult)
   em System.Web.Mvc.MvcHandler.<BeginProcessRequest>b__5(IAsyncResult asyncResult, ProcessRequestState innerState)
   em System.Web.Mvc.Async.AsyncResultWrapper.WrappedAsyncVoid`1.CallEndDelegate(IAsyncResult asyncResult)
   em System.Web.Mvc.Async.AsyncResultWrapper.WrappedAsyncResultBase`1.End()
   em System.Web.Mvc.Async.AsyncResultWrapper.End[TResult](IAsyncResult asyncResult, Object tag)
   em System.Web.Mvc.Async.AsyncResultWrapper.End(IAsyncResult asyncResult, Object tag)
   em System.Web.Mvc.MvcHandler.EndProcessRequest(IAsyncResult asyncResult)
   em System.Web.Mvc.MvcHandler.System.Web.IHttpAsyncHandler.EndProcessRequest(IAsyncResult result)
   em System.Web.HttpApplication.CallHandlerExecutionStep.System.Web.HttpApplication.IExecutionStep.Execute()
   em System.Web.HttpApplication.ExecuteStep(IExecutionStep step, Boolean& completedSynchronously)
2017-02-14 10:55:10,961 [151] ERROR WebForLink.Web.Filters.BreadCrumbAttribute - Controller: Convite, Action: PaginaInicial, UsuarioId: 351
2017-02-14 10:55:11,067 [151] ERROR WebForLink.Web.Controllers.ConviteController - WebForLink.Domain.Infrastructure.CriptografiaException: Erro ao Descriptografar ---> System.FormatException: Comprimento inválido para uma matriz ou uma cadeia de caracteres de Base 64.
   em System.Convert.FromBase64_Decode(Char* startInputPtr, Int32 inputLength, Byte* startDestPtr, Int32 destLength)
   em System.Convert.FromBase64CharPtr(Char* inputPtr, Int32 inputLength)
   em System.Convert.FromBase64String(String s)
   em WebForLink.Domain.Infrastructure.Criptografia.Descriptografar() na C:\RepositorioTFS\WEBFORLINKv2\Code\WebForLink\WebForLink.Domain\Services\ChMasterData\Criptografia.cs:linha 79
   --- Fim do rastreamento de pilha de exceções internas ---
   em WebForLink.Domain.Infrastructure.Criptografia.Descriptografar() na C:\RepositorioTFS\WEBFORLINKv2\Code\WebForLink\WebForLink.Domain\Services\ChMasterData\Criptografia.cs:linha 89
   em WebForLink.Domain.Infrastructure.Criptografia.ReadUrl(String pUrl, String key) na C:\RepositorioTFS\WEBFORLINKv2\Code\WebForLink\WebForLink.Domain\Services\ChMasterData\Criptografia.cs:linha 150
   em WebForLink.Domain.Infrastructure.Criptografia..ctor(EnumCripto tipo, String palavra, String chave) na C:\RepositorioTFS\WEBFORLINKv2\Code\WebForLink\WebForLink.Domain\Services\ChMasterData\Criptografia.cs:linha 53
   em WebForLink.Application.Services.SolicitacaoAppService.DescriptografarLinkConvite(String chaveUrl) na C:\RepositorioTFS\WEBFORLINKv2\Code\WebForLink\WebForLink.Service\Services\SolicitacaoDocumentoService.cs:linha 38
   em WebForLink.Web.Controllers.ConviteController.PaginaInicial(String chave, SolicitacaoConviteVM model) na C:\RepositorioTFS\WEBFORLINKv2\Code\WebForLink\WebForLink.Web\Controllers\ConviteController.cs:linha 60
2017-02-14 10:55:12,715 [169] ERROR WebForLink.Web.Filters.BreadCrumbAttribute - Controller: Convite, Action: Index, UsuarioId: 351
2017-02-14 10:55:25,432 [166] ERROR WebForLink.Web.Filters.BreadCrumbAttribute - Controller: Home, Action: Acesso, UsuarioId: 351
2017-02-14 10:55:40,794 [172] ERROR WebForLink.Web.MvcApplication - Referência de objeto não definida para uma instância de um objeto.
2017-02-14 10:55:57,853 [1] ERROR WebForLink.Web.MvcApplication - Aplicação Iniciada
2017-02-14 10:56:00,655 [1] ERROR WebForLink.Web.Mappers.MappingProfile - Mapper not initialized. Call Initialize with appropriate configuration. If you are trying to use mapper instances through a container or otherwise, make sure you do not have any calls to the static Mapper.Map methods, and if you're using ProjectTo or UseAsDataSource extension methods, make sure you pass in the appropriate IConfigurationProvider instance.
2017-02-14 10:56:03,718 [166] ERROR WebForLink.Web.Filters.BreadCrumbAttribute - Controller: MeusDocumentos, Action: EnviarLst, UsuarioId: 351
2017-02-14 10:56:39,031 [164] ERROR WebForLink.Web.Filters.BreadCrumbAttribute - Controller: MeusDocumentos, Action: EnviarLst, UsuarioId: 351
2017-02-14 10:56:55,522 [164] ERROR WebForLink.Web.MvcApplication - Referência de objeto não definida para uma instância de um objeto.
2017-02-14 10:57:08,615 [1] ERROR WebForLink.Web.MvcApplication - Aplicação Iniciada
2017-02-14 10:57:10,037 [1] ERROR WebForLink.Web.Mappers.MappingProfile - Mapper not initialized. Call Initialize with appropriate configuration. If you are trying to use mapper instances through a container or otherwise, make sure you do not have any calls to the static Mapper.Map methods, and if you're using ProjectTo or UseAsDataSource extension methods, make sure you pass in the appropriate IConfigurationProvider instance.
2017-02-14 10:57:14,415 [164] ERROR WebForLink.Web.Filters.BreadCrumbAttribute - Controller: MeusDocumentos, Action: EnviarLst, UsuarioId: 351
2017-02-14 10:57:14,415 [165] ERROR WebForLink.Web.Filters.BreadCrumbAttribute - Controller: Convite, Action: Index, UsuarioId: 351
2017-02-14 10:57:35,915 [9] ERROR WebForLink.Web.MvcApplication - Referência de objeto não definida para uma instância de um objeto.
2017-02-14 10:57:39,162 [166] ERROR WebForLink.Web.MvcApplication - Aplicação Iniciada
2017-02-14 10:57:40,433 [166] ERROR WebForLink.Web.Mappers.MappingProfile - Mapper not initialized. Call Initialize with appropriate configuration. If you are trying to use mapper instances through a container or otherwise, make sure you do not have any calls to the static Mapper.Map methods, and if you're using ProjectTo or UseAsDataSource extension methods, make sure you pass in the appropriate IConfigurationProvider instance.
2017-02-14 10:57:42,958 [172] ERROR WebForLink.Web.Filters.BreadCrumbAttribute - Controller: MeusDocumentos, Action: EnviarLst, UsuarioId: 351
2017-02-14 10:57:42,959 [169] ERROR WebForLink.Web.Filters.BreadCrumbAttribute - Controller: Convite, Action: Index, UsuarioId: 351
2017-02-14 10:58:39,307 [172] ERROR WebForLink.Web.MvcApplication - Referência de objeto não definida para uma instância de um objeto.
2017-02-14 10:58:51,510 [1] ERROR WebForLink.Web.MvcApplication - Aplicação Iniciada
2017-02-14 10:58:52,645 [1] ERROR WebForLink.Web.Mappers.MappingProfile - Mapper not initialized. Call Initialize with appropriate configuration. If you are trying to use mapper instances through a container or otherwise, make sure you do not have any calls to the static Mapper.Map methods, and if you're using ProjectTo or UseAsDataSource extension methods, make sure you pass in the appropriate IConfigurationProvider instance.
2017-02-14 10:58:55,020 [169] ERROR WebForLink.Web.Filters.BreadCrumbAttribute - Controller: Convite, Action: Index, UsuarioId: 351
2017-02-14 10:59:47,736 [172] ERROR WebForLink.Web.Filters.BreadCrumbAttribute - Controller: MeusDocumentos, Action: EnviarLst, UsuarioId: 351
2017-02-14 11:00:27,302 [172] ERROR WebForLink.Web.Filters.BreadCrumbAttribute - Controller: MeusDocumentos, Action: EnviarLst, UsuarioId: 351
2017-02-14 11:00:49,240 [164] ERROR WebForLink.Web.MvcApplication - Referência de objeto não definida para uma instância de um objeto.
2017-02-14 11:01:00,834 [151] ERROR WebForLink.Web.MvcApplication - Aplicação Iniciada
2017-02-14 11:01:02,149 [151] ERROR WebForLink.Web.Mappers.MappingProfile - Mapper not initialized. Call Initialize with appropriate configuration. If you are trying to use mapper instances through a container or otherwise, make sure you do not have any calls to the static Mapper.Map methods, and if you're using ProjectTo or UseAsDataSource extension methods, make sure you pass in the appropriate IConfigurationProvider instance.
2017-02-14 11:01:04,778 [149] ERROR WebForLink.Web.Filters.BreadCrumbAttribute - Controller: Convite, Action: Index, UsuarioId: 351
2017-02-14 11:01:07,774 [9] ERROR WebForLink.Web.Filters.BreadCrumbAttribute - Controller: MeusDocumentos, Action: EnviarLst, UsuarioId: 351
2017-02-14 11:04:31,047 [165] ERROR WebForLink.Web.MvcApplication - Referência de objeto não definida para uma instância de um objeto.
2017-02-14 11:04:45,613 [151] ERROR WebForLink.Web.MvcApplication - Aplicação Iniciada
2017-02-14 11:04:46,934 [151] ERROR WebForLink.Web.Mappers.MappingProfile - Mapper not initialized. Call Initialize with appropriate configuration. If you are trying to use mapper instances through a container or otherwise, make sure you do not have any calls to the static Mapper.Map methods, and if you're using ProjectTo or UseAsDataSource extension methods, make sure you pass in the appropriate IConfigurationProvider instance.
2017-02-14 11:04:49,628 [160] ERROR WebForLink.Web.Filters.BreadCrumbAttribute - Controller: MeusDocumentos, Action: EnviarLst, UsuarioId: 351
2017-02-14 11:05:27,991 [167] ERROR WebForLink.Web.Filters.BreadCrumbAttribute - Controller: MeusDocumentos, Action: EnviarLst, UsuarioId: 351
2017-02-14 11:05:28,012 [160] ERROR WebForLink.Web.MvcApplication - Erro na aplicação Erro inesperado 
 Identificador: af06c5d41c3a4e618fceec9cf71a425f
System.InvalidOperationException: Templates can be used only with field access, property access, single-dimension array index, or single-parameter custom indexer expressions.
   em System.Web.Mvc.ModelMetadata.FromLambdaExpression[TParameter,TValue](Expression`1 expression, ViewDataDictionary`1 viewData, ModelMetadataProvider metadataProvider)
   em System.Web.Mvc.ModelMetadata.FromLambdaExpression[TParameter,TValue](Expression`1 expression, ViewDataDictionary`1 viewData)
   em System.Web.Mvc.Html.TemplateHelpers.TemplateFor[TContainer,TValue](HtmlHelper`1 html, Expression`1 expression, String templateName, String htmlFieldName, DataBoundControlMode mode, Object additionalViewData, TemplateHelperDelegate templateHelper)
   em System.Web.Mvc.Html.TemplateHelpers.TemplateFor[TContainer,TValue](HtmlHelper`1 html, Expression`1 expression, String templateName, String htmlFieldName, DataBoundControlMode mode, Object additionalViewData)
   em System.Web.Mvc.Html.DisplayExtensions.DisplayFor[TModel,TValue](HtmlHelper`1 html, Expression`1 expression)
   em ASP._Page_Views_MeusDocumentos_EnviarLst_cshtml.Execute() na C:\RepositorioTFS\WEBFORLINKv2\Code\WebForLink\WebForLink.Web\Views\MeusDocumentos\EnviarLst.cshtml:linha 118
   em System.Web.WebPages.WebPageBase.ExecutePageHierarchy()
   em System.Web.Mvc.WebViewPage.ExecutePageHierarchy()
   em System.Web.WebPages.StartPage.RunPage()
   em System.Web.WebPages.StartPage.ExecutePageHierarchy()
   em System.Web.WebPages.WebPageBase.ExecutePageHierarchy(WebPageContext pageContext, TextWriter writer, WebPageRenderingBase startPage)
   em System.Web.Mvc.RazorView.RenderView(ViewContext viewContext, TextWriter writer, Object instance)
   em System.Web.Mvc.BuildManagerCompiledView.Render(ViewContext viewContext, TextWriter writer)
   em System.Web.Mvc.ViewResultBase.ExecuteResult(ControllerContext context)
   em System.Web.Mvc.ControllerActionInvoker.InvokeActionResult(ControllerContext controllerContext, ActionResult actionResult)
   em System.Web.Mvc.ControllerActionInvoker.InvokeActionResultFilterRecursive(IList`1 filters, Int32 filterIndex, ResultExecutingContext preContext, ControllerContext controllerContext, ActionResult actionResult)
   em System.Web.Mvc.ControllerActionInvoker.InvokeActionResultFilterRecursive(IList`1 filters, Int32 filterIndex, ResultExecutingContext preContext, ControllerContext controllerContext, ActionResult actionResult)
   em System.Web.Mvc.ControllerActionInvoker.InvokeActionResultFilterRecursive(IList`1 filters, Int32 filterIndex, ResultExecutingContext preContext, ControllerContext controllerContext, ActionResult actionResult)
   em System.Web.Mvc.ControllerActionInvoker.InvokeActionResultWithFilters(ControllerContext controllerContext, IList`1 filters, ActionResult actionResult)
   em System.Web.Mvc.Async.AsyncControllerActionInvoker.<>c__DisplayClass21.<>c__DisplayClass2b.<BeginInvokeAction>b__1c()
   em System.Web.Mvc.Async.AsyncControllerActionInvoker.<>c__DisplayClass21.<BeginInvokeAction>b__1e(IAsyncResult asyncResult)
   em System.Web.Mvc.Async.AsyncResultWrapper.WrappedAsyncResult`1.CallEndDelegate(IAsyncResult asyncResult)
   em System.Web.Mvc.Async.AsyncResultWrapper.WrappedAsyncResultBase`1.End()
   em System.Web.Mvc.Async.AsyncResultWrapper.End[TResult](IAsyncResult asyncResult, Object tag)
   em System.Web.Mvc.Async.AsyncControllerActionInvoker.EndInvokeAction(IAsyncResult asyncResult)
   em System.Web.Mvc.Controller.<BeginExecuteCore>b__1d(IAsyncResult asyncResult, ExecuteCoreState innerState)
   em System.Web.Mvc.Async.AsyncResultWrapper.WrappedAsyncVoid`1.CallEndDelegate(IAsyncResult asyncResult)
   em System.Web.Mvc.Async.AsyncResultWrapper.WrappedAsyncResultBase`1.End()
   em System.Web.Mvc.Async.AsyncResultWrapper.End[TResult](IAsyncResult asyncResult, Object tag)
   em System.Web.Mvc.Async.AsyncResultWrapper.End(IAsyncResult asyncResult, Object tag)
   em System.Web.Mvc.Controller.EndExecuteCore(IAsyncResult asyncResult)
   em System.Web.Mvc.Controller.<BeginExecute>b__15(IAsyncResult asyncResult, Controller controller)
   em System.Web.Mvc.Async.AsyncResultWrapper.WrappedAsyncVoid`1.CallEndDelegate(IAsyncResult asyncResult)
   em System.Web.Mvc.Async.AsyncResultWrapper.WrappedAsyncResultBase`1.End()
   em System.Web.Mvc.Async.AsyncResultWrapper.End[TResult](IAsyncResult asyncResult, Object tag)
   em System.Web.Mvc.Async.AsyncResultWrapper.End(IAsyncResult asyncResult, Object tag)
   em System.Web.Mvc.Controller.EndExecute(IAsyncResult asyncResult)
   em System.Web.Mvc.Controller.System.Web.Mvc.Async.IAsyncController.EndExecute(IAsyncResult asyncResult)
   em System.Web.Mvc.MvcHandler.<BeginProcessRequest>b__5(IAsyncResult asyncResult, ProcessRequestState innerState)
   em System.Web.Mvc.Async.AsyncResultWrapper.WrappedAsyncVoid`1.CallEndDelegate(IAsyncResult asyncResult)
   em System.Web.Mvc.Async.AsyncResultWrapper.WrappedAsyncResultBase`1.End()
   em System.Web.Mvc.Async.AsyncResultWrapper.End[TResult](IAsyncResult asyncResult, Object tag)
   em System.Web.Mvc.Async.AsyncResultWrapper.End(IAsyncResult asyncResult, Object tag)
   em System.Web.Mvc.MvcHandler.EndProcessRequest(IAsyncResult asyncResult)
   em System.Web.Mvc.MvcHandler.System.Web.IHttpAsyncHandler.EndProcessRequest(IAsyncResult result)
   em System.Web.HttpApplication.CallHandlerExecutionStep.System.Web.HttpApplication.IExecutionStep.Execute()
   em System.Web.HttpApplication.ExecuteStep(IExecutionStep step, Boolean& completedSynchronously)
2017-02-14 11:05:28,050 [160] ERROR WebForLink.Web.Filters.BreadCrumbAttribute - Controller: Convite, Action: PaginaInicial, UsuarioId: 351
2017-02-14 11:05:28,096 [160] ERROR WebForLink.Web.Controllers.ConviteController - WebForLink.Domain.Infrastructure.CriptografiaException: Erro ao Descriptografar ---> System.FormatException: Comprimento inválido para uma matriz ou uma cadeia de caracteres de Base 64.
   em System.Convert.FromBase64_Decode(Char* startInputPtr, Int32 inputLength, Byte* startDestPtr, Int32 destLength)
   em System.Convert.FromBase64CharPtr(Char* inputPtr, Int32 inputLength)
   em System.Convert.FromBase64String(String s)
   em WebForLink.Domain.Infrastructure.Criptografia.Descriptografar() na C:\RepositorioTFS\WEBFORLINKv2\Code\WebForLink\WebForLink.Domain\Services\ChMasterData\Criptografia.cs:linha 79
   --- Fim do rastreamento de pilha de exceções internas ---
   em WebForLink.Domain.Infrastructure.Criptografia.Descriptografar() na C:\RepositorioTFS\WEBFORLINKv2\Code\WebForLink\WebForLink.Domain\Services\ChMasterData\Criptografia.cs:linha 89
   em WebForLink.Domain.Infrastructure.Criptografia.ReadUrl(String pUrl, String key) na C:\RepositorioTFS\WEBFORLINKv2\Code\WebForLink\WebForLink.Domain\Services\ChMasterData\Criptografia.cs:linha 150
   em WebForLink.Domain.Infrastructure.Criptografia..ctor(EnumCripto tipo, String palavra, String chave) na C:\RepositorioTFS\WEBFORLINKv2\Code\WebForLink\WebForLink.Domain\Services\ChMasterData\Criptografia.cs:linha 53
   em WebForLink.Application.Services.SolicitacaoAppService.DescriptografarLinkConvite(String chaveUrl) na C:\RepositorioTFS\WEBFORLINKv2\Code\WebForLink\WebForLink.Service\Services\SolicitacaoDocumentoService.cs:linha 38
   em WebForLink.Web.Controllers.ConviteController.PaginaInicial(String chave, SolicitacaoConviteVM model) na C:\RepositorioTFS\WEBFORLINKv2\Code\WebForLink\WebForLink.Web\Controllers\ConviteController.cs:linha 60
2017-02-14 11:05:42,092 [167] ERROR WebForLink.Web.MvcApplication - Erro na aplicação Erro inesperado 
 Identificador: 65bc4230ffe7430288d7e8ef2bbe6019
System.InvalidOperationException: Templates can be used only with field access, property access, single-dimension array index, or single-parameter custom indexer expressions.
   em System.Web.Mvc.ModelMetadata.FromLambdaExpression[TParameter,TValue](Expression`1 expression, ViewDataDictionary`1 viewData, ModelMetadataProvider metadataProvider)
   em System.Web.Mvc.ModelMetadata.FromLambdaExpression[TParameter,TValue](Expression`1 expression, ViewDataDictionary`1 viewData)
   em System.Web.Mvc.Html.TemplateHelpers.TemplateFor[TContainer,TValue](HtmlHelper`1 html, Expression`1 expression, String templateName, String htmlFieldName, DataBoundControlMode mode, Object additionalViewData, TemplateHelperDelegate templateHelper)
   em System.Web.Mvc.Html.TemplateHelpers.TemplateFor[TContainer,TValue](HtmlHelper`1 html, Expression`1 expression, String templateName, String htmlFieldName, DataBoundControlMode mode, Object additionalViewData)
   em System.Web.Mvc.Html.DisplayExtensions.DisplayFor[TModel,TValue](HtmlHelper`1 html, Expression`1 expression)
   em ASP._Page_Views_MeusDocumentos_EnviarLst_cshtml.Execute() na C:\RepositorioTFS\WEBFORLINKv2\Code\WebForLink\WebForLink.Web\Views\MeusDocumentos\EnviarLst.cshtml:linha 118
   em System.Web.WebPages.WebPageBase.ExecutePageHierarchy()
   em System.Web.Mvc.WebViewPage.ExecutePageHierarchy()
   em System.Web.WebPages.StartPage.RunPage()
   em System.Web.WebPages.StartPage.ExecutePageHierarchy()
   em System.Web.WebPages.WebPageBase.ExecutePageHierarchy(WebPageContext pageContext, TextWriter writer, WebPageRenderingBase startPage)
   em System.Web.Mvc.RazorView.RenderView(ViewContext viewContext, TextWriter writer, Object instance)
   em System.Web.Mvc.BuildManagerCompiledView.Render(ViewContext viewContext, TextWriter writer)
   em System.Web.Mvc.ViewResultBase.ExecuteResult(ControllerContext context)
   em System.Web.Mvc.ControllerActionInvoker.InvokeActionResult(ControllerContext controllerContext, ActionResult actionResult)
   em System.Web.Mvc.ControllerActionInvoker.InvokeActionResultFilterRecursive(IList`1 filters, Int32 filterIndex, ResultExecutingContext preContext, ControllerContext controllerContext, ActionResult actionResult)
   em System.Web.Mvc.ControllerActionInvoker.InvokeActionResultFilterRecursive(IList`1 filters, Int32 filterIndex, ResultExecutingContext preContext, ControllerContext controllerContext, ActionResult actionResult)
   em System.Web.Mvc.ControllerActionInvoker.InvokeActionResultFilterRecursive(IList`1 filters, Int32 filterIndex, ResultExecutingContext preContext, ControllerContext controllerContext, ActionResult actionResult)
   em System.Web.Mvc.ControllerActionInvoker.InvokeActionResultWithFilters(ControllerContext controllerContext, IList`1 filters, ActionResult actionResult)
   em System.Web.Mvc.Async.AsyncControllerActionInvoker.<>c__DisplayClass21.<>c__DisplayClass2b.<BeginInvokeAction>b__1c()
   em System.Web.Mvc.Async.AsyncControllerActionInvoker.<>c__DisplayClass21.<BeginInvokeAction>b__1e(IAsyncResult asyncResult)
   em System.Web.Mvc.Async.AsyncResultWrapper.WrappedAsyncResult`1.CallEndDelegate(IAsyncResult asyncResult)
   em System.Web.Mvc.Async.AsyncResultWrapper.WrappedAsyncResultBase`1.End()
   em System.Web.Mvc.Async.AsyncResultWrapper.End[TResult](IAsyncResult asyncResult, Object tag)
   em System.Web.Mvc.Async.AsyncControllerActionInvoker.EndInvokeAction(IAsyncResult asyncResult)
   em System.Web.Mvc.Controller.<BeginExecuteCore>b__1d(IAsyncResult asyncResult, ExecuteCoreState innerState)
   em System.Web.Mvc.Async.AsyncResultWrapper.WrappedAsyncVoid`1.CallEndDelegate(IAsyncResult asyncResult)
   em System.Web.Mvc.Async.AsyncResultWrapper.WrappedAsyncResultBase`1.End()
   em System.Web.Mvc.Async.AsyncResultWrapper.End[TResult](IAsyncResult asyncResult, Object tag)
   em System.Web.Mvc.Async.AsyncResultWrapper.End(IAsyncResult asyncResult, Object tag)
   em System.Web.Mvc.Controller.EndExecuteCore(IAsyncResult asyncResult)
   em System.Web.Mvc.Controller.<BeginExecute>b__15(IAsyncResult asyncResult, Controller controller)
   em System.Web.Mvc.Async.AsyncResultWrapper.WrappedAsyncVoid`1.CallEndDelegate(IAsyncResult asyncResult)
   em System.Web.Mvc.Async.AsyncResultWrapper.WrappedAsyncResultBase`1.End()
   em System.Web.Mvc.Async.AsyncResultWrapper.End[TResult](IAsyncResult asyncResult, Object tag)
   em System.Web.Mvc.Async.AsyncResultWrapper.End(IAsyncResult asyncResult, Object tag)
   em System.Web.Mvc.Controller.EndExecute(IAsyncResult asyncResult)
   em System.Web.Mvc.Controller.System.Web.Mvc.Async.IAsyncController.EndExecute(IAsyncResult asyncResult)
   em System.Web.Mvc.MvcHandler.<BeginProcessRequest>b__5(IAsyncResult asyncResult, ProcessRequestState innerState)
   em System.Web.Mvc.Async.AsyncResultWrapper.WrappedAsyncVoid`1.CallEndDelegate(IAsyncResult asyncResult)
   em System.Web.Mvc.Async.AsyncResultWrapper.WrappedAsyncResultBase`1.End()
   em System.Web.Mvc.Async.AsyncResultWrapper.End[TResult](IAsyncResult asyncResult, Object tag)
   em System.Web.Mvc.Async.AsyncResultWrapper.End(IAsyncResult asyncResult, Object tag)
   em System.Web.Mvc.MvcHandler.EndProcessRequest(IAsyncResult asyncResult)
   em System.Web.Mvc.MvcHandler.System.Web.IHttpAsyncHandler.EndProcessRequest(IAsyncResult result)
   em System.Web.HttpApplication.CallHandlerExecutionStep.System.Web.HttpApplication.IExecutionStep.Execute()
   em System.Web.HttpApplication.ExecuteStep(IExecutionStep step, Boolean& completedSynchronously)
2017-02-14 11:05:42,101 [167] ERROR WebForLink.Web.Filters.BreadCrumbAttribute - Controller: Convite, Action: PaginaInicial, UsuarioId: 351
2017-02-14 11:05:42,208 [171] ERROR WebForLink.Web.MvcApplication - Referência de objeto não definida para uma instância de um objeto.
2017-02-14 11:05:42,222 [167] ERROR WebForLink.Web.Controllers.ConviteController - WebForLink.Domain.Infrastructure.CriptografiaException: Erro ao Descriptografar ---> System.FormatException: Comprimento inválido para uma matriz ou uma cadeia de caracteres de Base 64.
   em System.Convert.FromBase64_Decode(Char* startInputPtr, Int32 inputLength, Byte* startDestPtr, Int32 destLength)
   em System.Convert.FromBase64CharPtr(Char* inputPtr, Int32 inputLength)
   em System.Convert.FromBase64String(String s)
   em WebForLink.Domain.Infrastructure.Criptografia.Descriptografar() na C:\RepositorioTFS\WEBFORLINKv2\Code\WebForLink\WebForLink.Domain\Services\ChMasterData\Criptografia.cs:linha 79
   --- Fim do rastreamento de pilha de exceções internas ---
   em WebForLink.Domain.Infrastructure.Criptografia.Descriptografar() na C:\RepositorioTFS\WEBFORLINKv2\Code\WebForLink\WebForLink.Domain\Services\ChMasterData\Criptografia.cs:linha 89
   em WebForLink.Domain.Infrastructure.Criptografia.ReadUrl(String pUrl, String key) na C:\RepositorioTFS\WEBFORLINKv2\Code\WebForLink\WebForLink.Domain\Services\ChMasterData\Criptografia.cs:linha 150
   em WebForLink.Domain.Infrastructure.Criptografia..ctor(EnumCripto tipo, String palavra, String chave) na C:\RepositorioTFS\WEBFORLINKv2\Code\WebForLink\WebForLink.Domain\Services\ChMasterData\Criptografia.cs:linha 53
   em WebForLink.Application.Services.SolicitacaoAppService.DescriptografarLinkConvite(String chaveUrl) na C:\RepositorioTFS\WEBFORLINKv2\Code\WebForLink\WebForLink.Service\Services\SolicitacaoDocumentoService.cs:linha 38
   em WebForLink.Web.Controllers.ConviteController.PaginaInicial(String chave, SolicitacaoConviteVM model) na C:\RepositorioTFS\WEBFORLINKv2\Code\WebForLink\WebForLink.Web\Controllers\ConviteController.cs:linha 60
2017-02-14 11:05:42,241 [160] ERROR WebForLink.Web.Filters.BreadCrumbAttribute - Controller: Convite, Action: Index, UsuarioId: 351
2017-02-14 11:05:50,008 [167] ERROR WebForLink.Web.Filters.BreadCrumbAttribute - Controller: Convite, Action: Index, UsuarioId: 351
2017-02-14 11:06:07,042 [160] ERROR WebForLink.Web.Filters.BreadCrumbAttribute - Controller: MeusDocumentos, Action: enviarlst, UsuarioId: 351
2017-02-14 11:06:12,522 [160] ERROR WebForLink.Web.MvcApplication - Erro na aplicação Erro inesperado 
 Identificador: ca64c4440c4146cbb7390aeea3f7cdec
System.InvalidOperationException: Templates can be used only with field access, property access, single-dimension array index, or single-parameter custom indexer expressions.
   em System.Web.Mvc.ModelMetadata.FromLambdaExpression[TParameter,TValue](Expression`1 expression, ViewDataDictionary`1 viewData, ModelMetadataProvider metadataProvider)
   em System.Web.Mvc.ModelMetadata.FromLambdaExpression[TParameter,TValue](Expression`1 expression, ViewDataDictionary`1 viewData)
   em System.Web.Mvc.Html.TemplateHelpers.TemplateFor[TContainer,TValue](HtmlHelper`1 html, Expression`1 expression, String templateName, String htmlFieldName, DataBoundControlMode mode, Object additionalViewData, TemplateHelperDelegate templateHelper)
   em System.Web.Mvc.Html.TemplateHelpers.TemplateFor[TContainer,TValue](HtmlHelper`1 html, Expression`1 expression, String templateName, String htmlFieldName, DataBoundControlMode mode, Object additionalViewData)
   em System.Web.Mvc.Html.DisplayExtensions.DisplayFor[TModel,TValue](HtmlHelper`1 html, Expression`1 expression)
   em ASP._Page_Views_MeusDocumentos_EnviarLst_cshtml.Execute() na C:\RepositorioTFS\WEBFORLINKv2\Code\WebForLink\WebForLink.Web\Views\MeusDocumentos\EnviarLst.cshtml:linha 118
   em System.Web.WebPages.WebPageBase.ExecutePageHierarchy()
   em System.Web.Mvc.WebViewPage.ExecutePageHierarchy()
   em System.Web.WebPages.StartPage.RunPage()
   em System.Web.WebPages.StartPage.ExecutePageHierarchy()
   em System.Web.WebPages.WebPageBase.ExecutePageHierarchy(WebPageContext pageContext, TextWriter writer, WebPageRenderingBase startPage)
   em System.Web.Mvc.RazorView.RenderView(ViewContext viewContext, TextWriter writer, Object instance)
   em System.Web.Mvc.BuildManagerCompiledView.Render(ViewContext viewContext, TextWriter writer)
   em System.Web.Mvc.ViewResultBase.ExecuteResult(ControllerContext context)
   em System.Web.Mvc.ControllerActionInvoker.InvokeActionResult(ControllerContext controllerContext, ActionResult actionResult)
   em System.Web.Mvc.ControllerActionInvoker.InvokeActionResultFilterRecursive(IList`1 filters, Int32 filterIndex, ResultExecutingContext preContext, ControllerContext controllerContext, ActionResult actionResult)
   em System.Web.Mvc.ControllerActionInvoker.InvokeActionResultFilterRecursive(IList`1 filters, Int32 filterIndex, ResultExecutingContext preContext, ControllerContext controllerContext, ActionResult actionResult)
   em System.Web.Mvc.ControllerActionInvoker.InvokeActionResultFilterRecursive(IList`1 filters, Int32 filterIndex, ResultExecutingContext preContext, ControllerContext controllerContext, ActionResult actionResult)
   em System.Web.Mvc.ControllerActionInvoker.InvokeActionResultWithFilters(ControllerContext controllerContext, IList`1 filters, ActionResult actionResult)
   em System.Web.Mvc.Async.AsyncControllerActionInvoker.<>c__DisplayClass21.<>c__DisplayClass2b.<BeginInvokeAction>b__1c()
   em System.Web.Mvc.Async.AsyncControllerActionInvoker.<>c__DisplayClass21.<BeginInvokeAction>b__1e(IAsyncResult asyncResult)
   em System.Web.Mvc.Async.AsyncResultWrapper.WrappedAsyncResult`1.CallEndDelegate(IAsyncResult asyncResult)
   em System.Web.Mvc.Async.AsyncResultWrapper.WrappedAsyncResultBase`1.End()
   em System.Web.Mvc.Async.AsyncResultWrapper.End[TResult](IAsyncResult asyncResult, Object tag)
   em System.Web.Mvc.Async.AsyncControllerActionInvoker.EndInvokeAction(IAsyncResult asyncResult)
   em System.Web.Mvc.Controller.<BeginExecuteCore>b__1d(IAsyncResult asyncResult, ExecuteCoreState innerState)
   em System.Web.Mvc.Async.AsyncResultWrapper.WrappedAsyncVoid`1.CallEndDelegate(IAsyncResult asyncResult)
   em System.Web.Mvc.Async.AsyncResultWrapper.WrappedAsyncResultBase`1.End()
   em System.Web.Mvc.Async.AsyncResultWrapper.End[TResult](IAsyncResult asyncResult, Object tag)
   em System.Web.Mvc.Async.AsyncResultWrapper.End(IAsyncResult asyncResult, Object tag)
   em System.Web.Mvc.Controller.EndExecuteCore(IAsyncResult asyncResult)
   em System.Web.Mvc.Controller.<BeginExecute>b__15(IAsyncResult asyncResult, Controller controller)
   em System.Web.Mvc.Async.AsyncResultWrapper.WrappedAsyncVoid`1.CallEndDelegate(IAsyncResult asyncResult)
   em System.Web.Mvc.Async.AsyncResultWrapper.WrappedAsyncResultBase`1.End()
   em System.Web.Mvc.Async.AsyncResultWrapper.End[TResult](IAsyncResult asyncResult, Object tag)
   em System.Web.Mvc.Async.AsyncResultWrapper.End(IAsyncResult asyncResult, Object tag)
   em System.Web.Mvc.Controller.EndExecute(IAsyncResult asyncResult)
   em System.Web.Mvc.Controller.System.Web.Mvc.Async.IAsyncController.EndExecute(IAsyncResult asyncResult)
   em System.Web.Mvc.MvcHandler.<BeginProcessRequest>b__5(IAsyncResult asyncResult, ProcessRequestState innerState)
   em System.Web.Mvc.Async.AsyncResultWrapper.WrappedAsyncVoid`1.CallEndDelegate(IAsyncResult asyncResult)
   em System.Web.Mvc.Async.AsyncResultWrapper.WrappedAsyncResultBase`1.End()
   em System.Web.Mvc.Async.AsyncResultWrapper.End[TResult](IAsyncResult asyncResult, Object tag)
   em System.Web.Mvc.Async.AsyncResultWrapper.End(IAsyncResult asyncResult, Object tag)
   em System.Web.Mvc.MvcHandler.EndProcessRequest(IAsyncResult asyncResult)
   em System.Web.Mvc.MvcHandler.System.Web.IHttpAsyncHandler.EndProcessRequest(IAsyncResult result)
   em System.Web.HttpApplication.CallHandlerExecutionStep.System.Web.HttpApplication.IExecutionStep.Execute()
   em System.Web.HttpApplication.ExecuteStep(IExecutionStep step, Boolean& completedSynchronously)
2017-02-14 11:06:12,541 [160] ERROR WebForLink.Web.Filters.BreadCrumbAttribute - Controller: Convite, Action: PaginaInicial, UsuarioId: 351
2017-02-14 11:06:12,579 [160] ERROR WebForLink.Web.Controllers.ConviteController - WebForLink.Domain.Infrastructure.CriptografiaException: Erro ao Descriptografar ---> System.FormatException: Comprimento inválido para uma matriz ou uma cadeia de caracteres de Base 64.
   em System.Convert.FromBase64_Decode(Char* startInputPtr, Int32 inputLength, Byte* startDestPtr, Int32 destLength)
   em System.Convert.FromBase64CharPtr(Char* inputPtr, Int32 inputLength)
   em System.Convert.FromBase64String(String s)
   em WebForLink.Domain.Infrastructure.Criptografia.Descriptografar() na C:\RepositorioTFS\WEBFORLINKv2\Code\WebForLink\WebForLink.Domain\Services\ChMasterData\Criptografia.cs:linha 79
   --- Fim do rastreamento de pilha de exceções internas ---
   em WebForLink.Domain.Infrastructure.Criptografia.Descriptografar() na C:\RepositorioTFS\WEBFORLINKv2\Code\WebForLink\WebForLink.Domain\Services\ChMasterData\Criptografia.cs:linha 89
   em WebForLink.Domain.Infrastructure.Criptografia.ReadUrl(String pUrl, String key) na C:\RepositorioTFS\WEBFORLINKv2\Code\WebForLink\WebForLink.Domain\Services\ChMasterData\Criptografia.cs:linha 150
   em WebForLink.Domain.Infrastructure.Criptografia..ctor(EnumCripto tipo, String palavra, String chave) na C:\RepositorioTFS\WEBFORLINKv2\Code\WebForLink\WebForLink.Domain\Services\ChMasterData\Criptografia.cs:linha 53
   em WebForLink.Application.Services.SolicitacaoAppService.DescriptografarLinkConvite(String chaveUrl) na C:\RepositorioTFS\WEBFORLINKv2\Code\WebForLink\WebForLink.Service\Services\SolicitacaoDocumentoService.cs:linha 38
   em WebForLink.Web.Controllers.ConviteController.PaginaInicial(String chave, SolicitacaoConviteVM model) na C:\RepositorioTFS\WEBFORLINKv2\Code\WebForLink\WebForLink.Web\Controllers\ConviteController.cs:linha 60
2017-02-14 11:06:12,625 [9] ERROR WebForLink.Web.Filters.BreadCrumbAttribute - Controller: Convite, Action: Index, UsuarioId: 351
2017-02-14 11:06:46,321 [168] ERROR WebForLink.Web.Filters.BreadCrumbAttribute - Controller: MeusDocumentos, Action: enviarlst, UsuarioId: 351
2017-02-14 11:07:02,489 [172] ERROR WebForLink.Web.Filters.BreadCrumbAttribute - Controller: MeusDocumentos, Action: enviarlst, UsuarioId: 351
2017-02-14 11:08:44,688 [21] ERROR WebForLink.Web.Filters.BreadCrumbAttribute - Controller: MeusDocumentos, Action: enviarlst, UsuarioId: 351
2017-02-14 11:08:52,161 [10] ERROR WebForLink.Web.MvcApplication - Referência de objeto não definida para uma instância de um objeto.
2017-02-14 11:08:52,163 [10] ERROR WebForLink.Web.MvcApplication - Referência de objeto não definida para uma instância de um objeto.
2017-02-14 11:08:58,158 [172] ERROR WebForLink.Web.MvcApplication - Aplicação Iniciada
2017-02-14 11:08:58,935 [172] ERROR WebForLink.Web.Mappers.MappingProfile - Mapper not initialized. Call Initialize with appropriate configuration. If you are trying to use mapper instances through a container or otherwise, make sure you do not have any calls to the static Mapper.Map methods, and if you're using ProjectTo or UseAsDataSource extension methods, make sure you pass in the appropriate IConfigurationProvider instance.
2017-02-14 11:09:01,680 [152] ERROR WebForLink.Web.Filters.BreadCrumbAttribute - Controller: MeusDocumentos, Action: enviarlst, UsuarioId: 351
2017-02-14 11:09:01,680 [10] ERROR WebForLink.Web.Filters.BreadCrumbAttribute - Controller: MeusDocumentos, Action: EnviarLst, UsuarioId: 351
2017-02-14 11:10:22,213 [149] ERROR WebForLink.Web.Filters.BreadCrumbAttribute - Controller: MeusDocumentos, Action: enviarfrm, UsuarioId: 351
2017-02-14 11:11:20,658 [163] ERROR WebForLink.Web.Filters.BreadCrumbAttribute - Controller: MeusDocumentos, Action: enviadoslst, UsuarioId: 351
2017-02-14 11:11:29,274 [149] ERROR WebForLink.Web.Filters.BreadCrumbAttribute - Controller: MeusDocumentos, Action: enviadoslst, UsuarioId: 351
2017-02-14 11:11:32,682 [149] ERROR WebForLink.Web.Filters.BreadCrumbAttribute - Controller: MeusDocumentos, Action: enviadosfrm, UsuarioId: 351
2017-02-14 11:12:40,703 [161] ERROR WebForLink.Web.Filters.BreadCrumbAttribute - Controller: MeusDocumentos, Action: enviarlst, UsuarioId: 351
2017-02-14 11:13:26,811 [9] ERROR WebForLink.Web.Filters.BreadCrumbAttribute - Controller: MeusDocumentos, Action: enviarlst, UsuarioId: 351
2017-02-14 11:13:44,627 [163] ERROR WebForLink.Web.Filters.BreadCrumbAttribute - Controller: MeusDocumentos, Action: enviadoslst, UsuarioId: 351
2017-02-14 11:13:48,991 [160] ERROR WebForLink.Web.Filters.BreadCrumbAttribute - Controller: MeusDocumentos, Action: enviadosfrm, UsuarioId: 351
2017-02-14 11:14:58,717 [9] ERROR WebForLink.Web.Filters.BreadCrumbAttribute - Controller: MeusDocumentos, Action: enviarlst, UsuarioId: 351
2017-02-14 11:16:08,791 [159] ERROR WebForLink.Web.MvcApplication - Referência de objeto não definida para uma instância de um objeto.
2017-02-14 11:16:31,191 [148] ERROR WebForLink.Web.MvcApplication - Aplicação Iniciada
2017-02-14 11:16:31,937 [148] ERROR WebForLink.Web.Mappers.MappingProfile - Mapper not initialized. Call Initialize with appropriate configuration. If you are trying to use mapper instances through a container or otherwise, make sure you do not have any calls to the static Mapper.Map methods, and if you're using ProjectTo or UseAsDataSource extension methods, make sure you pass in the appropriate IConfigurationProvider instance.
2017-02-14 11:16:34,802 [171] ERROR WebForLink.Web.Filters.BreadCrumbAttribute - Controller: MeusDocumentos, Action: enviarlst, UsuarioId: 351
2017-02-14 11:16:34,802 [165] ERROR WebForLink.Web.Filters.BreadCrumbAttribute - Controller: MeusDocumentos, Action: enviadoslst, UsuarioId: 351
2017-02-14 11:16:50,236 [159] ERROR WebForLink.Web.Filters.BreadCrumbAttribute - Controller: MeusDocumentos, Action: enviadosfrm, UsuarioId: 351
2017-02-14 11:16:56,273 [159] ERROR WebForLink.Web.MvcApplication - Erro na aplicação Erro inesperado 
 Identificador: dec0e08c441949adbd13ba9acf400997
System.Web.HttpParseException (0x80004005): Encountered end tag "li" with no matching start tag.  Are your start/end tags properly balanced?

   em System.Web.WebPages.Razor.RazorBuildProvider.EnsureGeneratedCode()
   em System.Web.WebPages.Razor.RazorBuildProvider.get_CodeCompilerType()
   em System.Web.Compilation.BuildProvider.GetCompilerTypeFromBuildProvider(BuildProvider buildProvider)
   em System.Web.Compilation.BuildProvidersCompiler.ProcessBuildProviders()
   em System.Web.Compilation.BuildProvidersCompiler.PerformBuild()
   em System.Web.Compilation.BuildManager.CompileWebFile(VirtualPath virtualPath)
   em System.Web.Compilation.BuildManager.GetVPathBuildResultInternal(VirtualPath virtualPath, Boolean noBuild, Boolean allowCrossApp, Boolean allowBuildInPrecompile, Boolean throwIfNotFound, Boolean ensureIsUpToDate)
   em System.Web.Compilation.BuildManager.GetVPathBuildResultWithNoAssert(HttpContext context, VirtualPath virtualPath, Boolean noBuild, Boolean allowCrossApp, Boolean allowBuildInPrecompile, Boolean throwIfNotFound, Boolean ensureIsUpToDate)
   em System.Web.Compilation.BuildManager.GetVirtualPathObjectFactory(VirtualPath virtualPath, HttpContext context, Boolean allowCrossApp, Boolean throwIfNotFound)
   em System.Web.Compilation.BuildManager.GetCompiledType(VirtualPath virtualPath)
   em System.Web.Compilation.BuildManager.GetCompiledType(String virtualPath)
   em System.Web.Mvc.BuildManagerWrapper.System.Web.Mvc.IBuildManager.GetCompiledType(String virtualPath)
   em System.Web.Mvc.BuildManagerCompiledView.Render(ViewContext viewContext, TextWriter writer)
   em System.Web.Mvc.ViewResultBase.ExecuteResult(ControllerContext context)
   em System.Web.Mvc.ControllerActionInvoker.InvokeActionResult(ControllerContext controllerContext, ActionResult actionResult)
   em System.Web.Mvc.ControllerActionInvoker.InvokeActionResultFilterRecursive(IList`1 filters, Int32 filterIndex, ResultExecutingContext preContext, ControllerContext controllerContext, ActionResult actionResult)
   em System.Web.Mvc.ControllerActionInvoker.InvokeActionResultFilterRecursive(IList`1 filters, Int32 filterIndex, ResultExecutingContext preContext, ControllerContext controllerContext, ActionResult actionResult)
   em System.Web.Mvc.ControllerActionInvoker.InvokeActionResultFilterRecursive(IList`1 filters, Int32 filterIndex, ResultExecutingContext preContext, ControllerContext controllerContext, ActionResult actionResult)
   em System.Web.Mvc.ControllerActionInvoker.InvokeActionResultWithFilters(ControllerContext controllerContext, IList`1 filters, ActionResult actionResult)
   em System.Web.Mvc.Async.AsyncControllerActionInvoker.<>c__DisplayClass21.<>c__DisplayClass2b.<BeginInvokeAction>b__1c()
   em System.Web.Mvc.Async.AsyncControllerActionInvoker.<>c__DisplayClass21.<BeginInvokeAction>b__1e(IAsyncResult asyncResult)
   em System.Web.Mvc.Async.AsyncResultWrapper.WrappedAsyncResult`1.CallEndDelegate(IAsyncResult asyncResult)
   em System.Web.Mvc.Async.AsyncResultWrapper.WrappedAsyncResultBase`1.End()
   em System.Web.Mvc.Async.AsyncResultWrapper.End[TResult](IAsyncResult asyncResult, Object tag)
   em System.Web.Mvc.Async.AsyncControllerActionInvoker.EndInvokeAction(IAsyncResult asyncResult)
   em System.Web.Mvc.Controller.<BeginExecuteCore>b__1d(IAsyncResult asyncResult, ExecuteCoreState innerState)
   em System.Web.Mvc.Async.AsyncResultWrapper.WrappedAsyncVoid`1.CallEndDelegate(IAsyncResult asyncResult)
   em System.Web.Mvc.Async.AsyncResultWrapper.WrappedAsyncResultBase`1.End()
   em System.Web.Mvc.Async.AsyncResultWrapper.End[TResult](IAsyncResult asyncResult, Object tag)
   em System.Web.Mvc.Async.AsyncResultWrapper.End(IAsyncResult asyncResult, Object tag)
   em System.Web.Mvc.Controller.EndExecuteCore(IAsyncResult asyncResult)
   em System.Web.Mvc.Controller.<BeginExecute>b__15(IAsyncResult asyncResult, Controller controller)
   em System.Web.Mvc.Async.AsyncResultWrapper.WrappedAsyncVoid`1.CallEndDelegate(IAsyncResult asyncResult)
   em System.Web.Mvc.Async.AsyncResultWrapper.WrappedAsyncResultBase`1.End()
   em System.Web.Mvc.Async.AsyncResultWrapper.End[TResult](IAsyncResult asyncResult, Object tag)
   em System.Web.Mvc.Async.AsyncResultWrapper.End(IAsyncResult asyncResult, Object tag)
   em System.Web.Mvc.Controller.EndExecute(IAsyncResult asyncResult)
   em System.Web.Mvc.Controller.System.Web.Mvc.Async.IAsyncController.EndExecute(IAsyncResult asyncResult)
   em System.Web.Mvc.MvcHandler.<BeginProcessRequest>b__5(IAsyncResult asyncResult, ProcessRequestState innerState)
   em System.Web.Mvc.Async.AsyncResultWrapper.WrappedAsyncVoid`1.CallEndDelegate(IAsyncResult asyncResult)
   em System.Web.Mvc.Async.AsyncResultWrapper.WrappedAsyncResultBase`1.End()
   em System.Web.Mvc.Async.AsyncResultWrapper.End[TResult](IAsyncResult asyncResult, Object tag)
   em System.Web.Mvc.Async.AsyncResultWrapper.End(IAsyncResult asyncResult, Object tag)
   em System.Web.Mvc.MvcHandler.EndProcessRequest(IAsyncResult asyncResult)
   em System.Web.Mvc.MvcHandler.System.Web.IHttpAsyncHandler.EndProcessRequest(IAsyncResult result)
   em System.Web.HttpApplication.CallHandlerExecutionStep.System.Web.HttpApplication.IExecutionStep.Execute()
   em System.Web.HttpApplication.ExecuteStep(IExecutionStep step, Boolean& completedSynchronously)
2017-02-14 11:16:56,319 [159] ERROR WebForLink.Web.Filters.BreadCrumbAttribute - Controller: Convite, Action: PaginaInicial, UsuarioId: 351
2017-02-14 11:16:56,491 [159] ERROR WebForLink.Web.Controllers.ConviteController - WebForLink.Domain.Infrastructure.CriptografiaException: Erro ao Descriptografar ---> System.FormatException: Comprimento inválido para uma matriz ou uma cadeia de caracteres de Base 64.
   em System.Convert.FromBase64_Decode(Char* startInputPtr, Int32 inputLength, Byte* startDestPtr, Int32 destLength)
   em System.Convert.FromBase64CharPtr(Char* inputPtr, Int32 inputLength)
   em System.Convert.FromBase64String(String s)
   em WebForLink.Domain.Infrastructure.Criptografia.Descriptografar() na C:\RepositorioTFS\WEBFORLINKv2\Code\WebForLink\WebForLink.Domain\Services\ChMasterData\Criptografia.cs:linha 79
   --- Fim do rastreamento de pilha de exceções internas ---
   em WebForLink.Domain.Infrastructure.Criptografia.Descriptografar() na C:\RepositorioTFS\WEBFORLINKv2\Code\WebForLink\WebForLink.Domain\Services\ChMasterData\Criptografia.cs:linha 89
   em WebForLink.Domain.Infrastructure.Criptografia.ReadUrl(String pUrl, String key) na C:\RepositorioTFS\WEBFORLINKv2\Code\WebForLink\WebForLink.Domain\Services\ChMasterData\Criptografia.cs:linha 150
   em WebForLink.Domain.Infrastructure.Criptografia..ctor(EnumCripto tipo, String palavra, String chave) na C:\RepositorioTFS\WEBFORLINKv2\Code\WebForLink\WebForLink.Domain\Services\ChMasterData\Criptografia.cs:linha 53
   em WebForLink.Application.Services.SolicitacaoAppService.DescriptografarLinkConvite(String chaveUrl) na C:\RepositorioTFS\WEBFORLINKv2\Code\WebForLink\WebForLink.Service\Services\SolicitacaoDocumentoService.cs:linha 38
   em WebForLink.Web.Controllers.ConviteController.PaginaInicial(String chave, SolicitacaoConviteVM model) na C:\RepositorioTFS\WEBFORLINKv2\Code\WebForLink\WebForLink.Web\Controllers\ConviteController.cs:linha 60
2017-02-14 11:16:56,548 [165] ERROR WebForLink.Web.Filters.BreadCrumbAttribute - Controller: Convite, Action: Index, UsuarioId: 351
2017-02-14 11:20:35,385 [160] ERROR WebForLink.Web.Filters.BreadCrumbAttribute - Controller: MeusDocumentos, Action: enviadosfrm, UsuarioId: 351
2017-02-14 11:21:28,729 [153] ERROR WebForLink.Web.Filters.BreadCrumbAttribute - Controller: MeusDocumentos, Action: enviadosfrm, UsuarioId: 351
2017-02-14 11:25:46,544 [10] ERROR WebForLink.Web.Filters.BreadCrumbAttribute - Controller: MeusDocumentos, Action: enviadoslst, UsuarioId: 351
2017-02-14 11:25:52,649 [154] ERROR WebForLink.Web.Filters.BreadCrumbAttribute - Controller: MeusDocumentos, Action: enviadoslst, UsuarioId: 351
2017-02-14 11:27:53,418 [9] ERROR WebForLink.Web.Filters.BreadCrumbAttribute - Controller: MeusDocumentos, Action: enviadosfrm, UsuarioId: 351
2017-02-14 11:30:27,370 [17] ERROR WebForLink.Web.Filters.BreadCrumbAttribute - Controller: MeusDocumentos, Action: enviadosfrm, UsuarioId: 351
2017-02-14 11:33:53,124 [152] ERROR WebForLink.Web.Filters.BreadCrumbAttribute - Controller: MeusDocumentos, Action: enviadoslst, UsuarioId: 351
2017-02-14 11:34:02,069 [17] ERROR WebForLink.Web.Filters.BreadCrumbAttribute - Controller: MeusDocumentos, Action: enviarlst, UsuarioId: 351
2017-02-14 11:34:50,718 [160] ERROR WebForLink.Web.Filters.BreadCrumbAttribute - Controller: MeusDocumentos, Action: enviarlst, UsuarioId: 351
2017-02-14 11:35:42,081 [169] ERROR WebForLink.Web.Filters.BreadCrumbAttribute - Controller: MeusDocumentos, Action: enviarlst, UsuarioId: 351
2017-02-14 11:36:05,056 [154] ERROR WebForLink.Web.Filters.BreadCrumbAttribute - Controller: MeusDocumentos, Action: enviarlst, UsuarioId: 351
2017-02-14 11:36:16,029 [17] ERROR WebForLink.Web.Filters.BreadCrumbAttribute - Controller: MeusDocumentos, Action: enviarlst, UsuarioId: 351
2017-02-14 11:36:26,367 [8] ERROR WebForLink.Web.Filters.BreadCrumbAttribute - Controller: MeusDocumentos, Action: enviarlst, UsuarioId: 351
2017-02-14 11:38:56,303 [8] ERROR WebForLink.Web.Filters.BreadCrumbAttribute - Controller: MeusDocumentos, Action: enviarlst, UsuarioId: 351
2017-02-14 11:39:42,868 [9] ERROR WebForLink.Web.Filters.BreadCrumbAttribute - Controller: MeusDocumentos, Action: enviarlst, UsuarioId: 351
2017-02-14 11:40:11,891 [5] ERROR WebForLink.Web.Filters.BreadCrumbAttribute - Controller: MeusDocumentos, Action: enviarlst, UsuarioId: 351
2017-02-14 11:40:28,001 [5] ERROR WebForLink.Web.Filters.BreadCrumbAttribute - Controller: MeusDocumentos, Action: enviarlst, UsuarioId: 351
2017-02-14 11:40:40,150 [5] ERROR WebForLink.Web.Filters.BreadCrumbAttribute - Controller: MeusDocumentos, Action: enviarlst, UsuarioId: 351
2017-02-14 11:41:47,119 [156] ERROR WebForLink.Web.Filters.BreadCrumbAttribute - Controller: MeusDocumentos, Action: enviarlst, UsuarioId: 351
2017-02-14 11:45:10,817 [150] ERROR WebForLink.Web.Filters.BreadCrumbAttribute - Controller: MeusDocumentos, Action: enviarlst, UsuarioId: 351
2017-02-14 11:45:26,165 [164] ERROR WebForLink.Web.Filters.BreadCrumbAttribute - Controller: MeusDocumentos, Action: enviarlst, UsuarioId: 351
2017-02-14 11:45:28,633 [149] ERROR WebForLink.Web.Filters.BreadCrumbAttribute - Controller: MeusDocumentos, Action: enviarlst, UsuarioId: 351
2017-02-14 11:45:32,694 [164] ERROR WebForLink.Web.Filters.BreadCrumbAttribute - Controller: MeusDocumentos, Action: enviarlst, UsuarioId: 351
2017-02-14 11:52:49,354 [141] ERROR WebForLink.Web.Filters.BreadCrumbAttribute - Controller: MeusDocumentos, Action: enviarfrm, UsuarioId: 351
2017-02-14 12:13:01,861 [115] ERROR WebForLink.Web.MvcApplication - Referência de objeto não definida para uma instância de um objeto.
2017-02-14 13:50:15,370 [37] ERROR WebForLink.Web.Filters.BreadCrumbAttribute - Controller: Convite, Action: Index, UsuarioId: 0
2017-02-14 13:52:49,782 [37] ERROR WebForLink.Web.Filters.BreadCrumbAttribute - Controller: Home, Action: index, UsuarioId: 0
2017-02-14 13:53:11,586 [39] ERROR WebForLink.Web.MvcApplication - Referência de objeto não definida para uma instância de um objeto.
2017-02-14 13:54:26,001 [39] ERROR WebForLink.Web.Filters.BreadCrumbAttribute - Controller: Home, Action: acesso, UsuarioId: 0
2017-02-14 13:54:29,681 [37] ERROR WebForLink.Web.Filters.BreadCrumbAttribute - Controller: HomeAdmin, Action: Index, UsuarioId: 351
2017-02-14 13:55:27,350 [41] ERROR WebForLink.Web.Filters.BreadCrumbAttribute - Controller: MeusDocumentos, Action: enviadoslst, UsuarioId: 351
2017-02-14 13:57:41,428 [86] ERROR WebForLink.Web.Filters.BreadCrumbAttribute - Controller: MeusDocumentos, Action: enviadoslst, UsuarioId: 351
2017-02-14 13:57:51,524 [86] ERROR WebForLink.Web.Filters.BreadCrumbAttribute - Controller: MeusDocumentos, Action: meusdocumentoslst, UsuarioId: 351
2017-02-14 13:58:40,112 [48] ERROR WebForLink.Web.MvcApplication - Referência de objeto não definida para uma instância de um objeto.
2017-02-14 13:58:40,502 [48] ERROR WebForLink.Web.MvcApplication - Referência de objeto não definida para uma instância de um objeto.
2017-02-14 13:59:54,298 [148] ERROR WebForLink.Web.MvcApplication - Aplicação Iniciada
2017-02-14 13:59:56,248 [148] ERROR WebForLink.Web.Mappers.MappingProfile - Mapper not initialized. Call Initialize with appropriate configuration. If you are trying to use mapper instances through a container or otherwise, make sure you do not have any calls to the static Mapper.Map methods, and if you're using ProjectTo or UseAsDataSource extension methods, make sure you pass in the appropriate IConfigurationProvider instance.
2017-02-14 14:00:03,288 [92] ERROR WebForLink.Web.Filters.BreadCrumbAttribute - Controller: MeusDocumentos, Action: meusdocumentoslst, UsuarioId: 351
2017-02-14 14:01:02,190 [37] ERROR WebForLink.Web.Filters.BreadCrumbAttribute - Controller: MeusDocumentos, Action: meusdocumentoslst, UsuarioId: 351
2017-02-14 14:01:35,333 [41] ERROR WebForLink.Web.Filters.BreadCrumbAttribute - Controller: Destinatario, Action: destinatariolst, UsuarioId: 351
2017-02-14 14:01:35,334 [41] ERROR WebForLink.Web.Infrastructure.WebForLinkFilter - filterContext
System.Exception: OnActionExecuting(ActionExecutingContext filterContext)
2017-02-14 14:01:35,450 [41] ERROR WebForLink.Web.Infrastructure.WebForLinkFilter - filterContext
System.Exception: OnActionExecuted(ActionExecutedContext filterContext)
2017-02-14 14:01:35,450 [41] ERROR WebForLink.Web.Infrastructure.WebForLinkFilter - filterContext
System.Exception: OnResultExecuting(ResultExecutingContext filterContext)
2017-02-14 14:01:40,252 [41] ERROR WebForLink.Web.Infrastructure.WebForLinkFilter - filterContext
System.Exception: OnResultExecuted(ResultExecutedContext filterContext)
2017-02-14 14:04:34,643 [97] ERROR WebForLink.Web.MvcApplication - Referência de objeto não definida para uma instância de um objeto.
2017-02-14 14:20:24,635 [1] ERROR WebForLink.Web.MvcApplication - Aplicação Iniciada
2017-02-14 14:20:26,836 [1] ERROR WebForLink.Web.Mappers.MappingProfile - Mapper not initialized. Call Initialize with appropriate configuration. If you are trying to use mapper instances through a container or otherwise, make sure you do not have any calls to the static Mapper.Map methods, and if you're using ProjectTo or UseAsDataSource extension methods, make sure you pass in the appropriate IConfigurationProvider instance.
2017-02-14 14:20:29,729 [79] ERROR WebForLink.Web.Filters.BreadCrumbAttribute - Controller: MeusDocumentos, Action: EnviarLst, UsuarioId: 351
2017-02-14 14:20:29,729 [76] ERROR WebForLink.Web.Filters.BreadCrumbAttribute - Controller: Destinatario, Action: destinatariolst, UsuarioId: 351
2017-02-14 14:20:29,730 [76] ERROR WebForLink.Web.Infrastructure.WebForLinkFilter - filterContext
System.Exception: OnActionExecuting(ActionExecutingContext filterContext)
2017-02-14 14:20:32,260 [76] ERROR WebForLink.Web.Infrastructure.WebForLinkFilter - filterContext
System.Exception: OnActionExecuted(ActionExecutedContext filterContext)
2017-02-14 14:20:32,262 [76] ERROR WebForLink.Web.Infrastructure.WebForLinkFilter - filterContext
System.Exception: OnResultExecuting(ResultExecutingContext filterContext)
2017-02-14 14:20:38,092 [76] ERROR WebForLink.Web.Infrastructure.WebForLinkFilter - filterContext
System.Exception: OnResultExecuted(ResultExecutedContext filterContext)
2017-02-14 14:21:21,994 [77] ERROR WebForLink.Web.MvcApplication - Referência de objeto não definida para uma instância de um objeto.
2017-02-14 14:21:35,354 [1] ERROR WebForLink.Web.MvcApplication - Aplicação Iniciada
2017-02-14 14:21:37,081 [1] ERROR WebForLink.Web.Mappers.MappingProfile - Mapper not initialized. Call Initialize with appropriate configuration. If you are trying to use mapper instances through a container or otherwise, make sure you do not have any calls to the static Mapper.Map methods, and if you're using ProjectTo or UseAsDataSource extension methods, make sure you pass in the appropriate IConfigurationProvider instance.
2017-02-14 14:21:39,626 [77] ERROR WebForLink.Web.Filters.BreadCrumbAttribute - Controller: MeusDocumentos, Action: EnviarLst, UsuarioId: 351
2017-02-14 14:22:08,036 [43] ERROR WebForLink.Web.Filters.BreadCrumbAttribute - Controller: Destinatario, Action: destinatariolst, UsuarioId: 351
2017-02-14 14:22:08,036 [43] ERROR WebForLink.Web.Infrastructure.WebForLinkFilter - filterContext
System.Exception: OnActionExecuting(ActionExecutingContext filterContext)
2017-02-14 14:22:08,163 [43] ERROR WebForLink.Web.Infrastructure.WebForLinkFilter - filterContext
System.Exception: OnActionExecuted(ActionExecutedContext filterContext)
2017-02-14 14:22:08,163 [43] ERROR WebForLink.Web.Infrastructure.WebForLinkFilter - filterContext
System.Exception: OnResultExecuting(ResultExecutingContext filterContext)
2017-02-14 14:22:12,907 [43] ERROR WebForLink.Web.Infrastructure.WebForLinkFilter - filterContext
System.Exception: OnResultExecuted(ResultExecutedContext filterContext)
2017-02-14 14:25:02,316 [92] ERROR WebForLink.Web.Filters.BreadCrumbAttribute - Controller: Destinatario, Action: destinatariolst, UsuarioId: 351
2017-02-14 14:25:02,317 [92] ERROR WebForLink.Web.Infrastructure.WebForLinkFilter - filterContext
System.Exception: OnActionExecuting(ActionExecutingContext filterContext)
2017-02-14 14:25:02,379 [92] ERROR WebForLink.Web.Infrastructure.WebForLinkFilter - filterContext
System.Exception: OnActionExecuted(ActionExecutedContext filterContext)
2017-02-14 14:25:02,379 [92] ERROR WebForLink.Web.Infrastructure.WebForLinkFilter - filterContext
System.Exception: OnResultExecuting(ResultExecutingContext filterContext)
2017-02-14 14:25:02,388 [92] ERROR WebForLink.Web.Infrastructure.WebForLinkFilter - filterContext
System.Exception: OnResultExecuted(ResultExecutedContext filterContext)
2017-02-14 14:25:09,136 [92] ERROR WebForLink.Web.Filters.BreadCrumbAttribute - Controller: MeusDocumentos, Action: enviarlst, UsuarioId: 351
2017-02-14 14:26:22,909 [78] ERROR WebForLink.Web.Filters.BreadCrumbAttribute - Controller: Destinatario, Action: destinatariolst, UsuarioId: 351
2017-02-14 14:26:22,910 [78] ERROR WebForLink.Web.Infrastructure.WebForLinkFilter - filterContext
System.Exception: OnActionExecuting(ActionExecutingContext filterContext)
2017-02-14 14:26:22,975 [78] ERROR WebForLink.Web.Infrastructure.WebForLinkFilter - filterContext
System.Exception: OnActionExecuted(ActionExecutedContext filterContext)
2017-02-14 14:26:22,976 [78] ERROR WebForLink.Web.Infrastructure.WebForLinkFilter - filterContext
System.Exception: OnResultExecuting(ResultExecutingContext filterContext)
2017-02-14 14:26:27,003 [78] ERROR WebForLink.Web.Infrastructure.WebForLinkFilter - filterContext
System.Exception: OnResultExecuted(ResultExecutedContext filterContext)
2017-02-14 14:28:40,186 [75] ERROR WebForLink.Web.Filters.BreadCrumbAttribute - Controller: Destinatario, Action: destinatariolst, UsuarioId: 351
2017-02-14 14:28:40,186 [75] ERROR WebForLink.Web.Infrastructure.WebForLinkFilter - filterContext
System.Exception: OnActionExecuting(ActionExecutingContext filterContext)
2017-02-14 14:28:40,235 [75] ERROR WebForLink.Web.Infrastructure.WebForLinkFilter - filterContext
System.Exception: OnActionExecuted(ActionExecutedContext filterContext)
2017-02-14 14:28:40,235 [75] ERROR WebForLink.Web.Infrastructure.WebForLinkFilter - filterContext
System.Exception: OnResultExecuting(ResultExecutingContext filterContext)
2017-02-14 14:28:44,482 [75] ERROR WebForLink.Web.Infrastructure.WebForLinkFilter - filterContext
System.Exception: OnResultExecuted(ResultExecutedContext filterContext)
2017-02-14 14:29:56,699 [79] ERROR WebForLink.Web.Filters.BreadCrumbAttribute - Controller: Destinatario, Action: destinatariolst, UsuarioId: 351
2017-02-14 14:29:56,699 [79] ERROR WebForLink.Web.Infrastructure.WebForLinkFilter - filterContext
System.Exception: OnActionExecuting(ActionExecutingContext filterContext)
2017-02-14 14:29:56,868 [79] ERROR WebForLink.Web.Infrastructure.WebForLinkFilter - filterContext
System.Exception: OnActionExecuted(ActionExecutedContext filterContext)
2017-02-14 14:29:56,868 [79] ERROR WebForLink.Web.Infrastructure.WebForLinkFilter - filterContext
System.Exception: OnResultExecuting(ResultExecutingContext filterContext)
2017-02-14 14:30:00,805 [79] ERROR WebForLink.Web.Infrastructure.WebForLinkFilter - filterContext
System.Exception: OnResultExecuted(ResultExecutedContext filterContext)
2017-02-14 14:31:19,484 [66] ERROR WebForLink.Web.Filters.BreadCrumbAttribute - Controller: Destinatario, Action: destinatariolst, UsuarioId: 351
2017-02-14 14:31:19,485 [66] ERROR WebForLink.Web.Infrastructure.WebForLinkFilter - filterContext
System.Exception: OnActionExecuting(ActionExecutingContext filterContext)
2017-02-14 14:31:19,898 [66] ERROR WebForLink.Web.Infrastructure.WebForLinkFilter - filterContext
System.Exception: OnActionExecuted(ActionExecutedContext filterContext)
2017-02-14 14:31:19,898 [66] ERROR WebForLink.Web.Infrastructure.WebForLinkFilter - filterContext
System.Exception: OnResultExecuting(ResultExecutingContext filterContext)
2017-02-14 14:31:24,962 [66] ERROR WebForLink.Web.Infrastructure.WebForLinkFilter - filterContext
System.Exception: OnResultExecuted(ResultExecutedContext filterContext)
2017-02-14 14:31:49,693 [48] ERROR WebForLink.Web.Filters.BreadCrumbAttribute - Controller: Destinatario, Action: destinatariolst, UsuarioId: 351
2017-02-14 14:31:49,693 [48] ERROR WebForLink.Web.Infrastructure.WebForLinkFilter - filterContext
System.Exception: OnActionExecuting(ActionExecutingContext filterContext)
2017-02-14 14:31:49,764 [48] ERROR WebForLink.Web.Infrastructure.WebForLinkFilter - filterContext
System.Exception: OnActionExecuted(ActionExecutedContext filterContext)
2017-02-14 14:31:49,764 [48] ERROR WebForLink.Web.Infrastructure.WebForLinkFilter - filterContext
System.Exception: OnResultExecuting(ResultExecutingContext filterContext)
2017-02-14 14:31:54,342 [48] ERROR WebForLink.Web.Infrastructure.WebForLinkFilter - filterContext
System.Exception: OnResultExecuted(ResultExecutedContext filterContext)
2017-02-14 14:32:10,459 [79] ERROR WebForLink.Web.Filters.BreadCrumbAttribute - Controller: Destinatario, Action: destinatariolst, UsuarioId: 351
2017-02-14 14:32:10,460 [79] ERROR WebForLink.Web.Infrastructure.WebForLinkFilter - filterContext
System.Exception: OnActionExecuting(ActionExecutingContext filterContext)
2017-02-14 14:32:10,528 [79] ERROR WebForLink.Web.Infrastructure.WebForLinkFilter - filterContext
System.Exception: OnActionExecuted(ActionExecutedContext filterContext)
2017-02-14 14:32:10,528 [79] ERROR WebForLink.Web.Infrastructure.WebForLinkFilter - filterContext
System.Exception: OnResultExecuting(ResultExecutingContext filterContext)
2017-02-14 14:32:14,550 [79] ERROR WebForLink.Web.Infrastructure.WebForLinkFilter - filterContext
System.Exception: OnResultExecuted(ResultExecutedContext filterContext)
2017-02-14 14:32:23,832 [66] ERROR WebForLink.Web.Filters.BreadCrumbAttribute - Controller: Destinatario, Action: destinatariolst, UsuarioId: 351
2017-02-14 14:32:23,832 [66] ERROR WebForLink.Web.Infrastructure.WebForLinkFilter - filterContext
System.Exception: OnActionExecuting(ActionExecutingContext filterContext)
2017-02-14 14:32:23,876 [66] ERROR WebForLink.Web.Infrastructure.WebForLinkFilter - filterContext
System.Exception: OnActionExecuted(ActionExecutedContext filterContext)
2017-02-14 14:32:23,876 [66] ERROR WebForLink.Web.Infrastructure.WebForLinkFilter - filterContext
System.Exception: OnResultExecuting(ResultExecutingContext filterContext)
2017-02-14 14:32:24,357 [66] ERROR WebForLink.Web.Infrastructure.WebForLinkFilter - filterContext
System.Exception: OnResultExecuted(ResultExecutedContext filterContext)
2017-02-14 14:42:35,409 [53] ERROR WebForLink.Web.Filters.BreadCrumbAttribute - Controller: Destinatario, Action: destinatariolst, UsuarioId: 351
2017-02-14 14:42:35,409 [53] ERROR WebForLink.Web.Infrastructure.WebForLinkFilter - filterContext
System.Exception: OnActionExecuting(ActionExecutingContext filterContext)
2017-02-14 14:42:35,541 [53] ERROR WebForLink.Web.Infrastructure.WebForLinkFilter - filterContext
System.Exception: OnActionExecuted(ActionExecutedContext filterContext)
2017-02-14 14:42:35,542 [53] ERROR WebForLink.Web.Infrastructure.WebForLinkFilter - filterContext
System.Exception: OnResultExecuting(ResultExecutingContext filterContext)
2017-02-14 14:42:40,634 [53] ERROR WebForLink.Web.Infrastructure.WebForLinkFilter - filterContext
System.Exception: OnResultExecuted(ResultExecutedContext filterContext)
2017-02-14 14:43:34,886 [56] ERROR WebForLink.Web.Filters.BreadCrumbAttribute - Controller: Destinatario, Action: destinatariolst, UsuarioId: 351
2017-02-14 14:43:34,887 [56] ERROR WebForLink.Web.Infrastructure.WebForLinkFilter - filterContext
System.Exception: OnActionExecuting(ActionExecutingContext filterContext)
2017-02-14 14:43:35,109 [56] ERROR WebForLink.Web.Infrastructure.WebForLinkFilter - filterContext
System.Exception: OnActionExecuted(ActionExecutedContext filterContext)
2017-02-14 14:43:35,109 [56] ERROR WebForLink.Web.Infrastructure.WebForLinkFilter - filterContext
System.Exception: OnResultExecuting(ResultExecutingContext filterContext)
2017-02-14 14:43:35,115 [56] ERROR WebForLink.Web.Infrastructure.WebForLinkFilter - filterContext
System.Exception: OnResultExecuted(ResultExecutedContext filterContext)
